# lattice-scale --inv-acoustic-scale=83 "ark:gunzip -c exp/chain/tdnn1r_sp_online/decode_dev/lat.*.gz|" ark:- | lattice-add-penalty --word-ins-penalty=0.5 ark:- ark:- | lattice-best-path --word-symbol-table=exp/chain/tree_a_sp/graph/words.txt ark:- ark,t:exp/chain/tdnn1r_sp_online/decode_dev/scoring/83.0.5.tra 
# Started at Thu Apr 30 14:48:04 UTC 2020
#
lattice-best-path --word-symbol-table=exp/chain/tree_a_sp/graph/words.txt ark:- ark,t:exp/chain/tdnn1r_sp_online/decode_dev/scoring/83.0.5.tra 
lattice-scale --inv-acoustic-scale=83 'ark:gunzip -c exp/chain/tdnn1r_sp_online/decode_dev/lat.*.gz|' ark:- 
lattice-add-penalty --word-ins-penalty=0.5 ark:- ark:- 
LOG (lattice-best-path[5.5.0~1494-e5a5]:main():lattice-best-path.cc:99) For utterance F6030177021_0001, best cost 52.9772 + -15.8404 = 37.1367 over 57 frames.
F6030177021_0001 โกวาจี ฉัน แตงไทย 
LOG (lattice-best-path[5.5.0~1494-e5a5]:main():lattice-best-path.cc:99) For utterance F6030177021_0003, best cost 39.2747 + -10.3631 = 28.9116 over 40 frames.
F6030177021_0003 โกวาจี ผม ตาล 
LOG (lattice-best-path[5.5.0~1494-e5a5]:main():lattice-best-path.cc:99) For utterance F6030177021_0006, best cost 39.0941 + -8.23327 = 30.8608 over 40 frames.
F6030177021_0006 ล็อกอิน นาม บี 
LOG (lattice-best-path[5.5.0~1494-e5a5]:main():lattice-best-path.cc:99) For utterance F6030177021_0007, best cost 41.1735 + -9.7972 = 31.3763 over 43 frames.
F6030177021_0007 ล็อกอิน นาม ตาล 
LOG (lattice-best-path[5.5.0~1494-e5a5]:main():lattice-best-path.cc:99) For utterance F6030177021_0008, best cost 47.4128 + -11.7279 = 35.6849 over 52 frames.
F6030177021_0008 ล็อกอิน นาม แตงไทย 
LOG (lattice-best-path[5.5.0~1494-e5a5]:main():lattice-best-path.cc:99) For utterance F6030177021_0010, best cost 27.946 + -5.97619 = 21.9698 over 29 frames.
F6030177021_0010 ล็อกเอาท์ 
LOG (lattice-best-path[5.5.0~1494-e5a5]:main():lattice-best-path.cc:99) For utterance F6030177021_0012, best cost 39.4384 + -9.4478 = 29.9906 over 42 frames.
F6030177021_0012 เข้า หน้า ค้นหา 
LOG (lattice-best-path[5.5.0~1494-e5a5]:main():lattice-best-path.cc:99) For utterance F6030177021_0016, best cost 47.2603 + -13.8948 = 33.3655 over 48 frames.
F6030177021_0016 เปิด โหมด หมายเลข สาม 
LOG (lattice-best-path[5.5.0~1494-e5a5]:main():lattice-best-path.cc:99) For utterance F6030177021_0017, best cost 40.8577 + -8.69202 = 32.1657 over 40 frames.
F6030177021_0017 โหมด หมายเลข สี่ 
LOG (lattice-best-path[5.5.0~1494-e5a5]:main():lattice-best-path.cc:99) For utterance F6030177021_0019, best cost 45.3696 + -10.0972 = 35.2724 over 53 frames.
F6030177021_0019 ย้อน วีดีโอ ไป หนึ่ง นาที 
LOG (lattice-best-path[5.5.0~1494-e5a5]:main():lattice-best-path.cc:99) For utterance F6030177021_0032, best cost 31.1872 + -6.46507 = 24.7221 over 29 frames.
F6030177021_0032 พอส วีดีโอ 
LOG (lattice-best-path[5.5.0~1494-e5a5]:main():lattice-best-path.cc:99) For utterance F6030177021_0038, best cost 23.3315 + -5.60117 = 17.7303 over 21 frames.
F6030177021_0038 ปิด ลูป 
LOG (lattice-best-path[5.5.0~1494-e5a5]:main():lattice-best-path.cc:99) For utterance F6030177021_0047, best cost 54.2339 + -13.408 = 40.826 over 62 frames.
F6030177021_0047 เพิ่ม ความเร็ว วีดีโอ ศูนย์ จุด หนึ่ง 
LOG (lattice-best-path[5.5.0~1494-e5a5]:main():lattice-best-path.cc:99) For utterance F6030177021_0052, best cost 52.1535 + -10.0496 = 42.1039 over 59 frames.
F6030177021_0052 ลด ความเร็ว วีดีโอ ศูนย์ จุด ห้า 
LOG (lattice-best-path[5.5.0~1494-e5a5]:main():lattice-best-path.cc:99) For utterance F6030177021_0054, best cost 55.6183 + -13.9975 = 41.6208 over 64 frames.
F6030177021_0054 เพิ่ม ความเร็ว วีดีโอ ศูนย์ จุด ห้า 
LOG (lattice-best-path[5.5.0~1494-e5a5]:main():lattice-best-path.cc:99) For utterance F6030177021_0055, best cost 38.1962 + -8.86225 = 29.3339 over 42 frames.
F6030177021_0055 เพิ่ม ความเร็ว วีดีโอ หนึ่ง 
LOG (lattice-best-path[5.5.0~1494-e5a5]:main():lattice-best-path.cc:99) For utterance F6030177021_0056, best cost 47.0399 + -10.8575 = 36.1824 over 56 frames.
F6030177021_0056 ย้อน วีดีโอ ไป ห้า วินาที 
LOG (lattice-best-path[5.5.0~1494-e5a5]:main():lattice-best-path.cc:99) For utterance F6030177021_0057, best cost 46.3467 + -12.633 = 33.7137 over 55 frames.
F6030177021_0057 ย้อน วีดีโอ ไป ห้า วินาที 
LOG (lattice-best-path[5.5.0~1494-e5a5]:main():lattice-best-path.cc:99) For utterance F6030177021_0072, best cost 63.9844 + -18.7168 = 45.2676 over 69 frames.
F6030177021_0072 ตั้งค่า เสียง ศูนย์ เปอร์เซนต์ 
LOG (lattice-best-path[5.5.0~1494-e5a5]:main():lattice-best-path.cc:99) For utterance F6030177021_0076, best cost 48.5128 + -12.7315 = 35.7813 over 50 frames.
F6030177021_0076 ตั้งค่า เสียง ร้อย เปอร์เซนต์ 
LOG (lattice-best-path[5.5.0~1494-e5a5]:main():lattice-best-path.cc:99) For utterance F6030177021_0078, best cost 23.9861 + -5.60721 = 18.3789 over 24 frames.
F6030177021_0078 ตั้งค่า เสียง 
LOG (lattice-best-path[5.5.0~1494-e5a5]:main():lattice-best-path.cc:99) For utterance F6030177021_0079, best cost 58.344 + -15.7845 = 42.5595 over 68 frames.
F6030177021_0079 ปรับ คุณภาพ วิดีโอ ระดับ ต่ำ 
LOG (lattice-best-path[5.5.0~1494-e5a5]:main():lattice-best-path.cc:99) For utterance F6030177021_0083, best cost 58.3736 + -14.7122 = 43.6614 over 62 frames.
F6030177021_0083 เอา ออก จาก รายการ โปรด 
LOG (lattice-best-path[5.5.0~1494-e5a5]:main():lattice-best-path.cc:99) For utterance F6030177021_0085, best cost 58.7721 + -16.3664 = 42.4057 over 66 frames.
F6030177021_0085 ตั้ง เป็น วิดีโอ ทอป ทู 
LOG (lattice-best-path[5.5.0~1494-e5a5]:main():lattice-best-path.cc:99) For utterance F6030177021_0090, best cost 15.4498 + -4.16725 = 11.2826 over 11 frames.
F6030177021_0090 สี่ 
LOG (lattice-best-path[5.5.0~1494-e5a5]:main():lattice-best-path.cc:99) For utterance F6030177021_0092, best cost 10.6657 + -1.56263 = 9.10309 over 6 frames.
F6030177021_0092 เพิ่ม 
LOG (lattice-best-path[5.5.0~1494-e5a5]:main():lattice-best-path.cc:99) For utterance F6030177021_0093, best cost 14.2559 + -2.74247 = 11.5134 over 9 frames.
F6030177021_0093 เซ็ต 
LOG (lattice-best-path[5.5.0~1494-e5a5]:main():lattice-best-path.cc:99) For utterance F6030177021_0100, best cost 53.1619 + -11.6177 = 41.5442 over 56 frames.
F6030177021_0100 วิดีโอ ชื่อ อะไร 
LOG (lattice-best-path[5.5.0~1494-e5a5]:main():lattice-best-path.cc:99) For utterance F6030177021_0101, best cost 38.324 + -9.94142 = 28.3825 over 38 frames.
F6030177021_0101 ขอ ชื่อ วิดีโอ 
LOG (lattice-best-path[5.5.0~1494-e5a5]:main():lattice-best-path.cc:99) For utterance M6031018121_0001, best cost 88.3277 + -26.6681 = 61.6596 over 108 frames.
M6031018121_0001 โกวาจี ฉัน แตงไทย 
LOG (lattice-best-path[5.5.0~1494-e5a5]:main():lattice-best-path.cc:99) For utterance M6031018121_0002, best cost 78.7851 + -21.0776 = 57.7075 over 97 frames.
M6031018121_0002 โกวาจี ผม บี 
LOG (lattice-best-path[5.5.0~1494-e5a5]:main():lattice-best-path.cc:99) For utterance M6031018121_0004, best cost 86.3128 + -20.5457 = 65.7671 over 100 frames.
M6031018121_0004 โกวาจี ผม กลาง 
LOG (lattice-best-path[5.5.0~1494-e5a5]:main():lattice-best-path.cc:99) For utterance M6031018121_0005, best cost 78.8994 + -19.4088 = 59.4906 over 83 frames.
M6031018121_0005 ตั้ง เป็น ผ่าน การ จำ เสียง 
LOG (lattice-best-path[5.5.0~1494-e5a5]:main():lattice-best-path.cc:99) For utterance M6031018121_0008, best cost 73.3185 + -19.8963 = 53.4222 over 82 frames.
M6031018121_0008 แสดง นาม แตงไทย 
LOG (lattice-best-path[5.5.0~1494-e5a5]:main():lattice-best-path.cc:99) For utterance M6031018121_0014, best cost 71.3429 + -20.1953 = 51.1476 over 73 frames.
M6031018121_0014 เซ็ต เปิด โหมด หมายเลข หนึ่ง 
LOG (lattice-best-path[5.5.0~1494-e5a5]:main():lattice-best-path.cc:99) For utterance M6031018121_0015, best cost 76.193 + -21.1813 = 55.0117 over 80 frames.
M6031018121_0015 เซ็ต เปิด โหมด หมายเลข สอง 
LOG (lattice-best-path[5.5.0~1494-e5a5]:main():lattice-best-path.cc:99) For utterance M6031018121_0016, best cost 72.7282 + -20.8568 = 51.8714 over 75 frames.
M6031018121_0016 เซ็ต เปิด โหมด หมายเลข สาม 
LOG (lattice-best-path[5.5.0~1494-e5a5]:main():lattice-best-path.cc:99) For utterance M6031018121_0017, best cost 72.7292 + -17.403 = 55.3262 over 75 frames.
M6031018121_0017 เซ็ต เปิด โหมด หมายเลข สี่ 
LOG (lattice-best-path[5.5.0~1494-e5a5]:main():lattice-best-path.cc:99) For utterance M6031018121_0022, best cost 74.0825 + -18.0948 = 55.9877 over 76 frames.
M6031018121_0022 เซ็ต เลือก วิดีโอ หมายเลข สี่ 
LOG (lattice-best-path[5.5.0~1494-e5a5]:main():lattice-best-path.cc:99) For utterance M6031018121_0027, best cost 62.9942 + -16.8685 = 46.1257 over 78 frames.
M6031018121_0027 เล่น วีดิโอ ที่ แสดง 
LOG (lattice-best-path[5.5.0~1494-e5a5]:main():lattice-best-path.cc:99) For utterance M6031018121_0029, best cost 79.5761 + -18.6859 = 60.8902 over 88 frames.
M6031018121_0029 เล่น ต่อ จาก วีดีโอ หนึ่ง 
LOG (lattice-best-path[5.5.0~1494-e5a5]:main():lattice-best-path.cc:99) For utterance M6031018121_0030, best cost 56.3041 + -12.8169 = 43.4872 over 58 frames.
M6031018121_0030 เซ็ต เปิด โปรแกรม 
LOG (lattice-best-path[5.5.0~1494-e5a5]:main():lattice-best-path.cc:99) For utterance M6031018121_0034, best cost 57.6886 + -11.8618 = 45.8267 over 64 frames.
M6031018121_0034 หยุด วีดีโอ หนึ่ง 
LOG (lattice-best-path[5.5.0~1494-e5a5]:main():lattice-best-path.cc:99) For utterance M6031018121_0037, best cost 51.4511 + -9.87678 = 41.5743 over 51 frames.
M6031018121_0037 เซ็ต เปิด ลูป 
LOG (lattice-best-path[5.5.0~1494-e5a5]:main():lattice-best-path.cc:99) For utterance M6031018121_0038, best cost 45.1236 + -8.44047 = 36.6831 over 48 frames.
M6031018121_0038 สิ โกวาจี 
LOG (lattice-best-path[5.5.0~1494-e5a5]:main():lattice-best-path.cc:99) For utterance M6031018121_0039, best cost 59.0496 + -18.0752 = 40.9744 over 70 frames.
M6031018121_0039 เล่น ตอน ต่อไป 
LOG (lattice-best-path[5.5.0~1494-e5a5]:main():lattice-best-path.cc:99) For utterance M6031018121_0040, best cost 59.0496 + -17.7263 = 41.3233 over 70 frames.
M6031018121_0040 เล่น ตอน ที่แล้ว 
LOG (lattice-best-path[5.5.0~1494-e5a5]:main():lattice-best-path.cc:99) For utterance M6031018121_0043, best cost 81.763 + -25.4746 = 56.2884 over 100 frames.
M6031018121_0043 เซ็ต ความเร็ว วีดีโอ สอง เท่า 
LOG (lattice-best-path[5.5.0~1494-e5a5]:main():lattice-best-path.cc:99) For utterance M6031018121_0045, best cost 95.671 + -31.4406 = 64.2304 over 119 frames.
M6031018121_0045 เซ็ต ความเร็ว วีดีโอ ศูนย์ จุด ห้า เท่า 
LOG (lattice-best-path[5.5.0~1494-e5a5]:main():lattice-best-path.cc:99) For utterance M6031018121_0046, best cost 76.233 + -23.2901 = 52.9429 over 94 frames.
M6031018121_0046 เพิ่ม ความเร็ว วีดีโอ สอง เท่า 
LOG (lattice-best-path[5.5.0~1494-e5a5]:main():lattice-best-path.cc:99) For utterance M6031018121_0050, best cost 67.3083 + -19.6211 = 47.6872 over 84 frames.
M6031018121_0050 เพิ่ม ความเร็ว วีดีโอ หนึ่ง 
LOG (lattice-best-path[5.5.0~1494-e5a5]:main():lattice-best-path.cc:99) For utterance M6031018121_0056, best cost 77.1673 + -22.7465 = 54.4207 over 100 frames.
M6031018121_0056 ย้อน วีดีโอ ไป สิบ วินาที 
LOG (lattice-best-path[5.5.0~1494-e5a5]:main():lattice-best-path.cc:99) For utterance M6031018121_0057, best cost 78.9237 + -23.9574 = 54.9663 over 102 frames.
M6031018121_0057 ย้อน วีดีโอ ไป ห้า วินาที 
LOG (lattice-best-path[5.5.0~1494-e5a5]:main():lattice-best-path.cc:99) For utterance M6031018121_0060, best cost 84.8714 + -26.3395 = 58.5319 over 109 frames.
M6031018121_0060 ย้อน วีดีโอ ไป สาม สิบ วินาที 
LOG (lattice-best-path[5.5.0~1494-e5a5]:main():lattice-best-path.cc:99) For utterance M6031018121_0063, best cost 87.5284 + -24.4159 = 63.1124 over 101 frames.
M6031018121_0063 เซ็ต เลื่อน วีดีโอ ไป สิบ วินาที 
LOG (lattice-best-path[5.5.0~1494-e5a5]:main():lattice-best-path.cc:99) For utterance M6031018121_0064, best cost 94.4573 + -27.3686 = 67.0887 over 109 frames.
M6031018121_0064 เซ็ต เลื่อน วีดีโอ ไป สิบ ห้า วินาที 
LOG (lattice-best-path[5.5.0~1494-e5a5]:main():lattice-best-path.cc:99) For utterance M6031018121_0065, best cost 97.311 + -28.7727 = 68.5382 over 113 frames.
M6031018121_0065 เซ็ต เลื่อน วีดีโอ ไป สาม สิบ วินาที 
LOG (lattice-best-path[5.5.0~1494-e5a5]:main():lattice-best-path.cc:99) For utterance M6031018121_0066, best cost 86.2282 + -23.1727 = 63.0555 over 98 frames.
M6031018121_0066 เซ็ต เลื่อน วีดีโอ ไป หนึ่ง นาที 
LOG (lattice-best-path[5.5.0~1494-e5a5]:main():lattice-best-path.cc:99) For utterance M6031018121_0070, best cost 109 + -28.3375 = 80.6625 over 120 frames.
M6031018121_0070 เซ็ต เล่น วีดิโอ ที่ สาม ใน สี่ ของ ตอน 
LOG (lattice-best-path[5.5.0~1494-e5a5]:main():lattice-best-path.cc:99) For utterance M6031018121_0071, best cost 46.0878 + -8.6191 = 37.4687 over 51 frames.
M6031018121_0071 สี่ ของ ตอน 
LOG (lattice-best-path[5.5.0~1494-e5a5]:main():lattice-best-path.cc:99) For utterance M6031018121_0074, best cost 91.5028 + -23.2093 = 68.2935 over 102 frames.
M6031018121_0074 ตั้งค่า เสียง ห้า สิบ เปอร์เซนต์ 
LOG (lattice-best-path[5.5.0~1494-e5a5]:main():lattice-best-path.cc:99) For utterance M6031018121_0078, best cost 50.4711 + -10.051 = 40.4201 over 49 frames.
M6031018121_0078 เซ็ต ลด เสียง 
LOG (lattice-best-path[5.5.0~1494-e5a5]:main():lattice-best-path.cc:99) For utterance M6031018121_0083, best cost 73.6228 + -21.1115 = 52.5113 over 84 frames.
M6031018121_0083 เอา ออก จาก รายการ โปรด 
LOG (lattice-best-path[5.5.0~1494-e5a5]:main():lattice-best-path.cc:99) For utterance M6031018121_0087, best cost 30.4936 + -5.53954 = 24.954 over 35 frames.
M6031018121_0087 แสดง 
LOG (lattice-best-path[5.5.0~1494-e5a5]:main():lattice-best-path.cc:99) For utterance M6031018121_0088, best cost 37.0458 + -8.45025 = 28.5955 over 42 frames.
M6031018121_0088 สอง 
LOG (lattice-best-path[5.5.0~1494-e5a5]:main():lattice-best-path.cc:99) For utterance M6031018121_0091, best cost 35.6595 + -7.16163 = 28.4979 over 40 frames.
M6031018121_0091 สาม 
LOG (lattice-best-path[5.5.0~1494-e5a5]:main():lattice-best-path.cc:99) For utterance M6031018121_0092, best cost 27.0278 + -4.64616 = 22.3817 over 30 frames.
M6031018121_0092 แสดง 
LOG (lattice-best-path[5.5.0~1494-e5a5]:main():lattice-best-path.cc:99) For utterance M6031018121_0093, best cost 35.3456 + -6.29314 = 29.0525 over 42 frames.
M6031018121_0093 แสดง 
LOG (lattice-best-path[5.5.0~1494-e5a5]:main():lattice-best-path.cc:99) For utterance M6031018121_0100, best cost 61.4979 + -16.3458 = 45.1521 over 65 frames.
M6031018121_0100 แสดง วิดีโอ ชื่อ อะไร 
LOG (lattice-best-path[5.5.0~1494-e5a5]:main():lattice-best-path.cc:99) For utterance M6031019821_0000, best cost 34.9886 + -11.6356 = 23.353 over 40 frames.
M6031019821_0000 โกวาจี 
LOG (lattice-best-path[5.5.0~1494-e5a5]:main():lattice-best-path.cc:99) For utterance M6031019821_0003, best cost 76.0115 + -20.7174 = 55.2941 over 93 frames.
M6031019821_0003 โกวาจี ผม ตาล 
LOG (lattice-best-path[5.5.0~1494-e5a5]:main():lattice-best-path.cc:99) For utterance M6031019821_0004, best cost 66.6586 + -15.3597 = 51.2989 over 81 frames.
M6031019821_0004 โกวาจี ผม 
LOG (lattice-best-path[5.5.0~1494-e5a5]:main():lattice-best-path.cc:99) For utterance M6031019821_0008, best cost 81.277 + -19.2138 = 62.0632 over 89 frames.
M6031019821_0008 กลาง ล็อกอิน นาม แตงไทย 
LOG (lattice-best-path[5.5.0~1494-e5a5]:main():lattice-best-path.cc:99) For utterance M6031019821_0015, best cost 52.2307 + -9.78802 = 42.4426 over 59 frames.
M6031019821_0015 ศูนย์ จุด สอง 
LOG (lattice-best-path[5.5.0~1494-e5a5]:main():lattice-best-path.cc:99) For utterance M6031019821_0016, best cost 56.9644 + -14.1022 = 42.8622 over 62 frames.
M6031019821_0016 เปิด โหมด หมายเลข สาม 
LOG (lattice-best-path[5.5.0~1494-e5a5]:main():lattice-best-path.cc:99) For utterance M6031019821_0017, best cost 52.2425 + -10.3779 = 41.8645 over 54 frames.
M6031019821_0017 แสดง โหมด หมายเลข สี่ 
LOG (lattice-best-path[5.5.0~1494-e5a5]:main():lattice-best-path.cc:99) For utterance M6031019821_0019, best cost 67.8442 + -13.0569 = 54.7873 over 67 frames.
M6031019821_0019 เซ็ต เลือก วิดีโอ หมายเลข หนึ่ง 
LOG (lattice-best-path[5.5.0~1494-e5a5]:main():lattice-best-path.cc:99) For utterance M6031019821_0021, best cost 56.9091 + -13.2614 = 43.6477 over 60 frames.
M6031019821_0021 เลือก วิดีโอ หมายเลข สาม 
LOG (lattice-best-path[5.5.0~1494-e5a5]:main():lattice-best-path.cc:99) For utterance M6031019821_0025, best cost 61.4945 + -14.5455 = 46.949 over 63 frames.
M6031019821_0025 แสดง วิดีโอ อันดับ สอง ของ ฉัน 
LOG (lattice-best-path[5.5.0~1494-e5a5]:main():lattice-best-path.cc:99) For utterance M6031019821_0026, best cost 77.0794 + -18.257 = 58.8224 over 86 frames.
M6031019821_0026 แสดง วิดีโอ อันดับ สาม ของ ฉัน 
LOG (lattice-best-path[5.5.0~1494-e5a5]:main():lattice-best-path.cc:99) For utterance M6031019821_0029, best cost 57.935 + -12.5563 = 45.3786 over 58 frames.
M6031019821_0029 เล่น ต่อ จาก วิดีโอ เดิม 
LOG (lattice-best-path[5.5.0~1494-e5a5]:main():lattice-best-path.cc:99) For utterance M6031019821_0033, best cost 56.5339 + -10.4914 = 46.0424 over 66 frames.
M6031019821_0033 ตั้ง เป็น วิดีโอ 
LOG (lattice-best-path[5.5.0~1494-e5a5]:main():lattice-best-path.cc:99) For utterance M6031019821_0034, best cost 47.8227 + -8.40206 = 39.4207 over 53 frames.
M6031019821_0034 หยุด วีดีโอ 
LOG (lattice-best-path[5.5.0~1494-e5a5]:main():lattice-best-path.cc:99) For utterance M6031019821_0035, best cost 52.4343 + -9.85166 = 42.5826 over 52 frames.
M6031019821_0035 ขยาย หน้าจอ สอง 
LOG (lattice-best-path[5.5.0~1494-e5a5]:main():lattice-best-path.cc:99) For utterance M6031019821_0036, best cost 57.8342 + -10.1689 = 47.6654 over 54 frames.
M6031019821_0036 เซ็ต ย้อน สอง 
LOG (lattice-best-path[5.5.0~1494-e5a5]:main():lattice-best-path.cc:99) For utterance M6031019821_0042, best cost 78.3424 + -20.4534 = 57.889 over 94 frames.
M6031019821_0042 เซ็ต ความเร็ว วีดีโอ ศูนย์ จุด ห้า เท่า 
LOG (lattice-best-path[5.5.0~1494-e5a5]:main():lattice-best-path.cc:99) For utterance M6031019821_0044, best cost 133.935 + -33.2618 = 100.673 over 153 frames.
M6031019821_0044 กลาง เซ็ต ความเร็ว วีดีโอ ศูนย์ จุด เจ็ด ห้า เท่า 
LOG (lattice-best-path[5.5.0~1494-e5a5]:main():lattice-best-path.cc:99) For utterance M6031019821_0045, best cost 75.5698 + -20.6007 = 54.9691 over 90 frames.
M6031019821_0045 เซ็ต ความเร็ว วีดีโอ ศูนย์ จุด ห้า เท่า 
LOG (lattice-best-path[5.5.0~1494-e5a5]:main():lattice-best-path.cc:99) For utterance M6031019821_0046, best cost 63.7544 + -14.8217 = 48.9327 over 76 frames.
M6031019821_0046 เพิ่ม ความเร็ว วีดีโอ สอง เท่า 
LOG (lattice-best-path[5.5.0~1494-e5a5]:main():lattice-best-path.cc:99) For utterance M6031019821_0047, best cost 96.555 + -25.0589 = 71.4961 over 109 frames.
M6031019821_0047 กลาง เพิ่ม ความเร็ว วีดีโอ ศูนย์ จุด หนึ่ง 
LOG (lattice-best-path[5.5.0~1494-e5a5]:main():lattice-best-path.cc:99) For utterance M6031019821_0050, best cost 71.5083 + -16.8985 = 54.6098 over 76 frames.
M6031019821_0050 กลาง เพิ่ม ความเร็ว วีดีโอ หนึ่ง 
LOG (lattice-best-path[5.5.0~1494-e5a5]:main():lattice-best-path.cc:99) For utterance M6031019821_0062, best cost 69.5117 + -16.541 = 52.9707 over 74 frames.
M6031019821_0062 ตั้ง เลื่อน วีดีโอ ไป ห้า วินาที 
LOG (lattice-best-path[5.5.0~1494-e5a5]:main():lattice-best-path.cc:99) For utterance M6031019821_0067, best cost 89.4035 + -21.1036 = 68.3 over 91 frames.
M6031019821_0067 กลาง เล่น วีดิโอ ที่ เวลา ศูนย์ นาที 
LOG (lattice-best-path[5.5.0~1494-e5a5]:main():lattice-best-path.cc:99) For utterance M6031019821_0069, best cost 91.885 + -20.0919 = 71.7931 over 91 frames.
M6031019821_0069 กลาง เล่น วีดิโอ ที่ หนึ่ง ใน สี่ ของ ตอน 
LOG (lattice-scale[5.5.0~1494-e5a5]:main():lattice-scale.cc:107) Done 135 lattices.
LOG (lattice-best-path[5.5.0~1494-e5a5]:main():lattice-best-path.cc:99) For utterance M6031019821_0072, best cost 78.2313 + -18.6579 = 59.5734 over 79 frames.
M6031019821_0072 กลาง ตั้งค่า เสียง ร้อย เปอร์เซนต์ 
LOG (lattice-best-path[5.5.0~1494-e5a5]:main():lattice-best-path.cc:99) For utterance M6031019821_0081, best cost 97.5111 + -19.1224 = 78.3887 over 104 frames.
M6031019821_0081 กลาง ปรับ คุณภาพ วิดีโอ ระดับ สี่ 
LOG (lattice-best-path[5.5.0~1494-e5a5]:main():lattice-best-path.cc:99) For utterance M6031019821_0083, best cost 75.0091 + -20.6939 = 54.3152 over 86 frames.
M6031019821_0083 เอา ออก จาก รายการ โปรด 
LOG (lattice-best-path[5.5.0~1494-e5a5]:main():lattice-best-path.cc:99) For utterance M6031019821_0087, best cost 77.2416 + -19.0329 = 58.2087 over 90 frames.
M6031019821_0087 กลาง หนึ่ง 
LOG (lattice-best-path[5.5.0~1494-e5a5]:main():lattice-best-path.cc:99) For utterance M6031019821_0093, best cost 56.3043 + -12.0151 = 44.2892 over 57 frames.
M6031019821_0093 กลาง เจ็ด 
LOG (lattice-best-path[5.5.0~1494-e5a5]:main():lattice-best-path.cc:99) For utterance M6031019821_0096, best cost 118.927 + -32.912 = 86.0152 over 136 frames.
M6031019821_0096 กลาง แนะนำ หนัง หน่อย สิ โกวาจี 
LOG (lattice-best-path[5.5.0~1494-e5a5]:main():lattice-best-path.cc:99) For utterance M6031019821_0098, best cost 74.2605 + -17.833 = 56.4275 over 84 frames.
M6031019821_0098 แสดง วิดีโอ ความยาว เท่าไหร่ 
LOG (lattice-best-path[5.5.0~1494-e5a5]:main():lattice-best-path.cc:99) For utterance M6031019821_0100, best cost 89.2028 + -25.3225 = 63.8803 over 103 frames.
M6031019821_0100 ลด วิดีโอ ชื่อ อะไร 
LOG (lattice-best-path[5.5.0~1494-e5a5]:main():lattice-best-path.cc:99) For utterance M6031020321_0007, best cost 50.8776 + -12.6068 = 38.2707 over 57 frames.
M6031020321_0007 ล็อกอิน นาม ตาล 
LOG (lattice-best-path[5.5.0~1494-e5a5]:main():lattice-best-path.cc:99) For utterance M6031020321_0008, best cost 51.5717 + -13.2737 = 38.298 over 58 frames.
M6031020321_0008 ล็อกอิน นาม แตงไทย 
LOG (lattice-best-path[5.5.0~1494-e5a5]:main():lattice-best-path.cc:99) For utterance M6031020321_0009, best cost 51.5707 + -12.7111 = 38.8596 over 58 frames.
M6031020321_0009 ล็อกอิน นาม ฟร้องซ์ 
LOG (lattice-best-path[5.5.0~1494-e5a5]:main():lattice-best-path.cc:99) For utterance M6031020321_0013, best cost 48.1933 + -13.0967 = 35.0965 over 51 frames.
M6031020321_0013 แสดง โหมด ค้นหา 
LOG (lattice-best-path[5.5.0~1494-e5a5]:main():lattice-best-path.cc:99) For utterance M6031020321_0014, best cost 47.2613 + -13.2237 = 34.0376 over 48 frames.
M6031020321_0014 เปิด โหมด หมายเลข หนึ่ง 
LOG (lattice-best-path[5.5.0~1494-e5a5]:main():lattice-best-path.cc:99) For utterance M6031020321_0016, best cost 50.0329 + -15.3636 = 34.6693 over 52 frames.
M6031020321_0016 เปิด โหมด หมายเลข สาม 
LOG (lattice-best-path[5.5.0~1494-e5a5]:main():lattice-best-path.cc:99) For utterance M6031020321_0018, best cost 45.875 + -12.6723 = 33.2027 over 46 frames.
M6031020321_0018 เปิด โหมด หมายเลข ห้า 
LOG (lattice-best-path[5.5.0~1494-e5a5]:main():lattice-best-path.cc:99) For utterance M6031020321_0020, best cost 54.8297 + -15.8493 = 38.9804 over 57 frames.
M6031020321_0020 เลือก วิดีโอ หมายเลข สอง 
LOG (lattice-best-path[5.5.0~1494-e5a5]:main():lattice-best-path.cc:99) For utterance M6031020321_0022, best cost 54.1375 + -15.2489 = 38.8886 over 56 frames.
M6031020321_0022 เลือก วิดีโอ หมายเลข สี่ 
LOG (lattice-best-path[5.5.0~1494-e5a5]:main():lattice-best-path.cc:99) For utterance M6031020321_0023, best cost 54.8307 + -14.4047 = 40.426 over 57 frames.
M6031020321_0023 เลือก วิดีโอ หมายเลข ห้า 
LOG (lattice-best-path[5.5.0~1494-e5a5]:main():lattice-best-path.cc:99) For utterance M6031020321_0024, best cost 70.8403 + -19.6706 = 51.1697 over 76 frames.
M6031020321_0024 แสดง วิดีโอ อันดับ หนึ่ง ของ ฉัน 
LOG (lattice-best-path[5.5.0~1494-e5a5]:main():lattice-best-path.cc:99) For utterance M6031020321_0025, best cost 73.9711 + -22.0928 = 51.8783 over 81 frames.
M6031020321_0025 แสดง วิดีโอ อันดับ สอง ของ ฉัน 
LOG (lattice-best-path[5.5.0~1494-e5a5]:main():lattice-best-path.cc:99) For utterance M6031020321_0029, best cost 61.4007 + -17.7233 = 43.6774 over 63 frames.
M6031020321_0029 เล่น ต่อ จาก วิดีโอ เดิม 
LOG (lattice-best-path[5.5.0~1494-e5a5]:main():lattice-best-path.cc:99) For utterance M6031020321_0030, best cost 34.3019 + -9.2711 = 25.0308 over 36 frames.
M6031020321_0030 เปิด โปรแกรม 
LOG (lattice-best-path[5.5.0~1494-e5a5]:main():lattice-best-path.cc:99) For utterance M6031020321_0033, best cost 34.0869 + -7.91846 = 26.1684 over 37 frames.
M6031020321_0033 เล่น วีดีโอ 
LOG (lattice-best-path[5.5.0~1494-e5a5]:main():lattice-best-path.cc:99) For utterance M6031020321_0040, best cost 41.0278 + -13.0184 = 28.0094 over 44 frames.
M6031020321_0040 เล่น ตอน ที่แล้ว 
LOG (lattice-best-path[5.5.0~1494-e5a5]:main():lattice-best-path.cc:99) For utterance M6031020321_0054, best cost 67.4027 + -21.7899 = 45.6128 over 81 frames.
M6031020321_0054 ลด ความเร็ว วีดีโอ ศูนย์ จุด ห้า 
LOG (lattice-best-path[5.5.0~1494-e5a5]:main():lattice-best-path.cc:99) For utterance M6031020321_0058, best cost 58.4533 + -18.6887 = 39.7646 over 73 frames.
M6031020321_0058 ย้อน วีดีโอ ไป สิบ วินาที 
LOG (lattice-best-path[5.5.0~1494-e5a5]:main():lattice-best-path.cc:99) For utterance M6031020321_0060, best cost 65.4633 + -19.488 = 45.9753 over 81 frames.
M6031020321_0060 ย้อน วีดีโอ ไป สาม สิบ วินาที 
LOG (lattice-best-path[5.5.0~1494-e5a5]:main():lattice-best-path.cc:99) For utterance M6031020321_0062, best cost 60.3299 + -18.1205 = 42.2094 over 70 frames.
M6031020321_0062 เลื่อน วีดีโอ ไป ห้า วินาทีLOG (lattice-add-penalty[5.5.0~1494-e5a5]:main():lattice-add-penalty.cc:62) Done adding word insertion penalty to 135 lattices.
 
LOG (lattice-best-path[5.5.0~1494-e5a5]:main():lattice-best-path.cc:99) For utterance M6031020321_0065, best cost 69.7424 + -22.043 = 47.6994 over 82 frames.
M6031020321_0065 เลื่อน วีดีโอ ไป สาม สิบ วินาที 
LOG (lattice-best-path[5.5.0~1494-e5a5]:main():lattice-best-path.cc:99) For utterance M6031020321_0068, best cost 52.6412 + -12.2895 = 40.3517 over 57 frames.
M6031020321_0068 เล่น วีดิโอ ที่ กลาง ตอน 
LOG (lattice-best-path[5.5.0~1494-e5a5]:main():lattice-best-path.cc:99) For utterance M6031020321_0070, best cost 77.4886 + -22.0577 = 55.4309 over 86 frames.
M6031020321_0070 เล่น วีดิโอ ที่ สาม ใน สี่ ของ ตอน 
LOG (lattice-best-path[5.5.0~1494-e5a5]:main():lattice-best-path.cc:99) For utterance M6031020321_0071, best cost 26.7587 + -6.95362 = 19.8051 over 28 frames.
M6031020321_0071 ตั้งค่า เสียง 
LOG (lattice-best-path[5.5.0~1494-e5a5]:main():lattice-best-path.cc:99) For utterance M6031020321_0073, best cost 64.4307 + -19.1783 = 45.2524 over 69 frames.
M6031020321_0073 ตั้งค่า เสียง ยี่ สิบ ห้า เปอร์เซนต์ 
LOG (lattice-best-path[5.5.0~1494-e5a5]:main():lattice-best-path.cc:99) For utterance M6031020321_0076, best cost 54.058 + -14.6412 = 39.4168 over 58 frames.
M6031020321_0076 ตั้งค่า เสียง ร้อย เปอร์เซนต์ 
LOG (lattice-best-path[5.5.0~1494-e5a5]:main():lattice-best-path.cc:99) For utterance M6031020321_0077, best cost 28.4618 + -8.29624 = 20.1656 over 28 frames.
M6031020321_0077 เพิ่ม เสียง 
LOG (lattice-best-path[5.5.0~1494-e5a5]:main():lattice-best-path.cc:99) For utterance M6031020321_0082, best cost 43.8367 + -13.0956 = 30.7411 over 47 frames.
M6031020321_0082 ตั้ง เป็น รายการ โปรด 
LOG (lattice-best-path[5.5.0~1494-e5a5]:main():lattice-best-path.cc:99) For utterance M6031020321_0083, best cost 54.9078 + -16.4836 = 38.4242 over 57 frames.
M6031020321_0083 เอา ออก จาก รายการ โปรด 
LOG (lattice-best-path[5.5.0~1494-e5a5]:main():lattice-best-path.cc:99) For utterance M6031020321_0084, best cost 53.9191 + -14.1182 = 39.801 over 59 frames.
M6031020321_0084 ตั้ง เป็น วิดีโอ ทอป วัน 
LOG (lattice-best-path[5.5.0~1494-e5a5]:main():lattice-best-path.cc:99) For utterance M6031020321_0094, best cost 18.9341 + -4.93503 = 13.9991 over 16 frames.
M6031020321_0094 แปด 
LOG (lattice-best-path[5.5.0~1494-e5a5]:main():lattice-best-path.cc:99) For utterance M6031020321_0095, best cost 24.4793 + -6.41541 = 18.0639 over 24 frames.
M6031020321_0095 เก้า 
LOG (lattice-best-path[5.5.0~1494-e5a5]:main():lattice-best-path.cc:99) For utterance M6031020321_0097, best cost 62.5364 + -16.1742 = 46.3621 over 68 frames.
M6031020321_0097 ขอ ชื่อ ผู้ อัพโหลด วีดีโอ 
LOG (lattice-best-path[5.5.0~1494-e5a5]:main():lattice-best-path.cc:124) Overall cost per frame is 0.670495 = 0.903541 [graph] + -0.233046 [acoustic] over 8947 frames.
LOG (lattice-best-path[5.5.0~1494-e5a5]:main():lattice-best-path.cc:128) Done 135 lattices, failed for 0
# Accounting: time=0 threads=1
# Ended (code 0) at Thu Apr 30 14:48:04 UTC 2020, elapsed time 0 seconds
