# lattice-scale --inv-acoustic-scale=62 "ark:gunzip -c exp/chain/tdnn1r_sp_online/decode_dev/lat.*.gz|" ark:- | lattice-add-penalty --word-ins-penalty=0.0 ark:- ark:- | lattice-best-path --word-symbol-table=exp/chain/tree_a_sp/graph/words.txt ark:- ark,t:exp/chain/tdnn1r_sp_online/decode_dev/scoring/62.0.0.tra 
# Started at Thu Apr 30 14:47:59 UTC 2020
#
lattice-scale --inv-acoustic-scale=62 'ark:gunzip -c exp/chain/tdnn1r_sp_online/decode_dev/lat.*.gz|' ark:- 
lattice-add-penalty --word-ins-penalty=0.0 ark:- ark:- 
lattice-best-path --word-symbol-table=exp/chain/tree_a_sp/graph/words.txt ark:- ark,t:exp/chain/tdnn1r_sp_online/decode_dev/scoring/62.0.0.tra 
LOG (lattice-best-path[5.5.0~1494-e5a5]:main():lattice-best-path.cc:99) For utterance F6030177021_0001, best cost 51.4772 + -21.2057 = 30.2714 over 57 frames.
F6030177021_0001 โกวาจี ฉัน แตงไทย 
LOG (lattice-best-path[5.5.0~1494-e5a5]:main():lattice-best-path.cc:99) For utterance F6030177021_0003, best cost 37.7747 + -13.8732 = 23.9016 over 40 frames.
F6030177021_0003 โกวาจี ผม ตาล 
LOG (lattice-best-path[5.5.0~1494-e5a5]:main():lattice-best-path.cc:99) For utterance F6030177021_0006, best cost 37.5941 + -11.022 = 26.5721 over 40 frames.
F6030177021_0006 ล็อกอิน นาม บี 
LOG (lattice-best-path[5.5.0~1494-e5a5]:main():lattice-best-path.cc:99) For utterance F6030177021_0007, best cost 39.6735 + -13.1156 = 26.5579 over 43 frames.
F6030177021_0007 ล็อกอิน นาม ตาล 
LOG (lattice-best-path[5.5.0~1494-e5a5]:main():lattice-best-path.cc:99) For utterance F6030177021_0008, best cost 45.9128 + -15.7003 = 30.2125 over 52 frames.
F6030177021_0008 ล็อกอิน นาม แตงไทย 
LOG (lattice-best-path[5.5.0~1494-e5a5]:main():lattice-best-path.cc:99) For utterance F6030177021_0010, best cost 27.446 + -8.00039 = 19.4456 over 29 frames.
F6030177021_0010 ล็อกเอาท์ 
LOG (lattice-best-path[5.5.0~1494-e5a5]:main():lattice-best-path.cc:99) For utterance F6030177021_0012, best cost 37.9384 + -12.6479 = 25.2905 over 42 frames.
F6030177021_0012 เข้า หน้า ค้นหา 
LOG (lattice-best-path[5.5.0~1494-e5a5]:main():lattice-best-path.cc:99) For utterance F6030177021_0016, best cost 45.2603 + -18.6011 = 26.6592 over 48 frames.
F6030177021_0016 เปิด โหมด หมายเลข สาม 
LOG (lattice-best-path[5.5.0~1494-e5a5]:main():lattice-best-path.cc:99) For utterance F6030177021_0017, best cost 39.3577 + -11.6361 = 27.7216 over 40 frames.
F6030177021_0017 โหมด หมายเลข สี่ 
LOG (lattice-best-path[5.5.0~1494-e5a5]:main():lattice-best-path.cc:99) For utterance F6030177021_0019, best cost 42.8696 + -13.5173 = 29.3523 over 53 frames.
F6030177021_0019 ย้อน วีดีโอ ไป หนึ่ง นาที 
LOG (lattice-best-path[5.5.0~1494-e5a5]:main():lattice-best-path.cc:99) For utterance F6030177021_0032, best cost 30.1872 + -8.65486 = 21.5324 over 29 frames.
F6030177021_0032 พอส วีดีโอ 
LOG (lattice-best-path[5.5.0~1494-e5a5]:main():lattice-best-path.cc:99) For utterance F6030177021_0038, best cost 22.3315 + -7.49834 = 14.8331 over 21 frames.
F6030177021_0038 ปิด ลูป 
LOG (lattice-best-path[5.5.0~1494-e5a5]:main():lattice-best-path.cc:99) For utterance F6030177021_0047, best cost 51.2339 + -17.9494 = 33.2846 over 62 frames.
F6030177021_0047 เพิ่ม ความเร็ว วีดีโอ ศูนย์ จุด หนึ่ง 
LOG (lattice-best-path[5.5.0~1494-e5a5]:main():lattice-best-path.cc:99) For utterance F6030177021_0052, best cost 49.1535 + -13.4535 = 35.7 over 59 frames.
F6030177021_0052 ลด ความเร็ว วีดีโอ ศูนย์ จุด ห้า 
LOG (lattice-best-path[5.5.0~1494-e5a5]:main():lattice-best-path.cc:99) For utterance F6030177021_0054, best cost 52.6183 + -18.7386 = 33.8797 over 64 frames.
F6030177021_0054 เพิ่ม ความเร็ว วีดีโอ ศูนย์ จุด ห้า 
LOG (lattice-best-path[5.5.0~1494-e5a5]:main():lattice-best-path.cc:99) For utterance F6030177021_0055, best cost 36.1962 + -11.864 = 24.3322 over 42 frames.
F6030177021_0055 เพิ่ม ความเร็ว วีดีโอ หนึ่ง 
LOG (lattice-best-path[5.5.0~1494-e5a5]:main():lattice-best-path.cc:99) For utterance F6030177021_0056, best cost 44.5399 + -14.535 = 30.0048 over 56 frames.
F6030177021_0056 ย้อน วีดีโอ ไป ห้า วินาที 
LOG (lattice-best-path[5.5.0~1494-e5a5]:main():lattice-best-path.cc:99) For utterance F6030177021_0057, best cost 43.8467 + -16.912 = 26.9348 over 55 frames.
F6030177021_0057 ย้อน วีดีโอ ไป ห้า วินาที 
LOG (lattice-best-path[5.5.0~1494-e5a5]:main():lattice-best-path.cc:99) For utterance F6030177021_0072, best cost 61.9844 + -25.0563 = 36.928 over 69 frames.
F6030177021_0072 ตั้งค่า เสียง ศูนย์ เปอร์เซนต์ 
LOG (lattice-best-path[5.5.0~1494-e5a5]:main():lattice-best-path.cc:99) For utterance F6030177021_0076, best cost 46.5128 + -17.0438 = 29.469 over 50 frames.
F6030177021_0076 ตั้งค่า เสียง ร้อย เปอร์เซนต์ 
LOG (lattice-best-path[5.5.0~1494-e5a5]:main():lattice-best-path.cc:99) For utterance F6030177021_0078, best cost 22.9861 + -7.50643 = 15.4797 over 24 frames.
F6030177021_0078 ตั้งค่า เสียง 
LOG (lattice-best-path[5.5.0~1494-e5a5]:main():lattice-best-path.cc:99) For utterance F6030177021_0079, best cost 55.844 + -21.1308 = 34.7132 over 68 frames.
F6030177021_0079 ปรับ คุณภาพ วิดีโอ ระดับ ต่ำ 
LOG (lattice-best-path[5.5.0~1494-e5a5]:main():lattice-best-path.cc:99) For utterance F6030177021_0083, best cost 55.8736 + -19.6954 = 36.1782 over 62 frames.
F6030177021_0083 เอา ออก จาก รายการ โปรด 
LOG (lattice-best-path[5.5.0~1494-e5a5]:main():lattice-best-path.cc:99) For utterance F6030177021_0085, best cost 56.2721 + -21.9099 = 34.3622 over 66 frames.
F6030177021_0085 ตั้ง เป็น วิดีโอ ทอป ทู 
LOG (lattice-best-path[5.5.0~1494-e5a5]:main():lattice-best-path.cc:99) For utterance F6030177021_0090, best cost 14.9498 + -5.57873 = 9.37108 over 11 frames.
F6030177021_0090 สี่ 
LOG (lattice-best-path[5.5.0~1494-e5a5]:main():lattice-best-path.cc:99) For utterance F6030177021_0092, best cost 10.1657 + -2.09191 = 8.07381 over 6 frames.
F6030177021_0092 เพิ่ม 
LOG (lattice-best-path[5.5.0~1494-e5a5]:main():lattice-best-path.cc:99) For utterance F6030177021_0093, best cost 13.7559 + -3.67137 = 10.0845 over 9 frames.
F6030177021_0093 เซ็ต 
LOG (lattice-best-path[5.5.0~1494-e5a5]:main():lattice-best-path.cc:99) For utterance F6030177021_0100, best cost 51.6619 + -15.5527 = 36.1092 over 56 frames.
F6030177021_0100 วิดีโอ ชื่อ อะไร 
LOG (lattice-best-path[5.5.0~1494-e5a5]:main():lattice-best-path.cc:99) For utterance F6030177021_0101, best cost 36.824 + -13.3087 = 23.5153 over 38 frames.
F6030177021_0101 ขอ ชื่อ วิดีโอ 
LOG (lattice-best-path[5.5.0~1494-e5a5]:main():lattice-best-path.cc:99) For utterance M6031018121_0001, best cost 86.8277 + -35.7008 = 51.1269 over 108 frames.
M6031018121_0001 โกวาจี ฉัน แตงไทย 
LOG (lattice-best-path[5.5.0~1494-e5a5]:main():lattice-best-path.cc:99) For utterance M6031018121_0002, best cost 77.2851 + -28.2167 = 49.0684 over 97 frames.
M6031018121_0002 โกวาจี ผม บี 
LOG (lattice-best-path[5.5.0~1494-e5a5]:main():lattice-best-path.cc:99) For utterance M6031018121_0004, best cost 84.8128 + -27.5047 = 57.308 over 100 frames.
M6031018121_0004 โกวาจี ผม กลาง 
LOG (lattice-best-path[5.5.0~1494-e5a5]:main():lattice-best-path.cc:99) For utterance M6031018121_0005, best cost 75.8994 + -25.9827 = 49.9167 over 83 frames.
M6031018121_0005 ตั้ง เป็น ผ่าน การ จำ เสียง 
LOG (lattice-best-path[5.5.0~1494-e5a5]:main():lattice-best-path.cc:99) For utterance M6031018121_0008, best cost 72.0812 + -27.2181 = 44.8631 over 82 frames.
M6031018121_0008 ตั้ง เป็น นาม แตงไทย 
LOG (lattice-best-path[5.5.0~1494-e5a5]:main():lattice-best-path.cc:99) For utterance M6031018121_0014, best cost 68.8429 + -27.0357 = 41.8072 over 73 frames.
M6031018121_0014 เซ็ต เปิด โหมด หมายเลข หนึ่ง 
LOG (lattice-best-path[5.5.0~1494-e5a5]:main():lattice-best-path.cc:99) For utterance M6031018121_0015, best cost 73.693 + -28.3556 = 45.3373 over 80 frames.
M6031018121_0015 เซ็ต เปิด โหมด หมายเลข สอง 
LOG (lattice-best-path[5.5.0~1494-e5a5]:main():lattice-best-path.cc:99) For utterance M6031018121_0016, best cost 70.2282 + -27.9212 = 42.307 over 75 frames.
M6031018121_0016 เซ็ต เปิด โหมด หมายเลข สาม 
LOG (lattice-best-path[5.5.0~1494-e5a5]:main():lattice-best-path.cc:99) For utterance M6031018121_0017, best cost 70.2292 + -23.2975 = 46.9317 over 75 frames.
M6031018121_0017 เซ็ต เปิด โหมด หมายเลข สี่ 
LOG (lattice-best-path[5.5.0~1494-e5a5]:main():lattice-best-path.cc:99) For utterance M6031018121_0022, best cost 71.5825 + -24.2237 = 47.3588 over 76 frames.
M6031018121_0022 เซ็ต เลือก วิดีโอ หมายเลข สี่ 
LOG (lattice-best-path[5.5.0~1494-e5a5]:main():lattice-best-path.cc:99) For utterance M6031018121_0027, best cost 60.9942 + -22.582 = 38.4121 over 78 frames.
M6031018121_0027 เล่น วีดิโอ ที่ แสดง 
LOG (lattice-best-path[5.5.0~1494-e5a5]:main():lattice-best-path.cc:99) For utterance M6031018121_0029, best cost 77.0761 + -25.015 = 52.0611 over 88 frames.
M6031018121_0029 เล่น ต่อ จาก วีดีโอ หนึ่ง 
LOG (lattice-best-path[5.5.0~1494-e5a5]:main():lattice-best-path.cc:99) For utterance M6031018121_0030, best cost 54.8041 + -17.1581 = 37.646 over 58 frames.
M6031018121_0030 เซ็ต เปิด โปรแกรม 
LOG (lattice-best-path[5.5.0~1494-e5a5]:main():lattice-best-path.cc:99) For utterance M6031018121_0034, best cost 56.1886 + -15.8795 = 40.309 over 64 frames.
M6031018121_0034 หยุด วีดีโอ หนึ่ง 
LOG (lattice-best-path[5.5.0~1494-e5a5]:main():lattice-best-path.cc:99) For utterance M6031018121_0037, best cost 49.9511 + -13.2221 = 36.729 over 51 frames.
M6031018121_0037 เซ็ต เปิด ลูป 
LOG (lattice-best-path[5.5.0~1494-e5a5]:main():lattice-best-path.cc:99) For utterance M6031018121_0038, best cost 44.1236 + -11.2993 = 32.8243 over 48 frames.
M6031018121_0038 สิ โกวาจี 
LOG (lattice-best-path[5.5.0~1494-e5a5]:main():lattice-best-path.cc:99) For utterance M6031018121_0039, best cost 57.5496 + -24.1974 = 33.3522 over 70 frames.
M6031018121_0039 เล่น ตอน ต่อไป 
LOG (lattice-best-path[5.5.0~1494-e5a5]:main():lattice-best-path.cc:99) For utterance M6031018121_0040, best cost 57.5496 + -23.7303 = 33.8193 over 70 frames.
M6031018121_0040 เล่น ตอน ที่แล้ว 
LOG (lattice-best-path[5.5.0~1494-e5a5]:main():lattice-best-path.cc:99) For utterance M6031018121_0043, best cost 79.263 + -34.1031 = 45.1599 over 100 frames.
M6031018121_0043 เซ็ต ความเร็ว วีดีโอ สอง เท่า 
LOG (lattice-best-path[5.5.0~1494-e5a5]:main():lattice-best-path.cc:99) For utterance M6031018121_0045, best cost 92.171 + -42.0898 = 50.0812 over 119 frames.
M6031018121_0045 เซ็ต ความเร็ว วีดีโอ ศูนย์ จุด ห้า เท่า 
LOG (lattice-best-path[5.5.0~1494-e5a5]:main():lattice-best-path.cc:99) For utterance M6031018121_0046, best cost 73.733 + -31.1786 = 42.5544 over 94 frames.
M6031018121_0046 เพิ่ม ความเร็ว วีดีโอ สอง เท่า 
LOG (lattice-best-path[5.5.0~1494-e5a5]:main():lattice-best-path.cc:99) For utterance M6031018121_0050, best cost 65.3083 + -26.267 = 39.0414 over 84 frames.
M6031018121_0050 เพิ่ม ความเร็ว วีดีโอ หนึ่ง 
LOG (lattice-best-path[5.5.0~1494-e5a5]:main():lattice-best-path.cc:99) For utterance M6031018121_0056, best cost 74.6673 + -30.451 = 44.2163 over 100 frames.
M6031018121_0056 ย้อน วีดีโอ ไป สิบ วินาที 
LOG (lattice-best-path[5.5.0~1494-e5a5]:main():lattice-best-path.cc:99) For utterance M6031018121_0057, best cost 76.4237 + -32.072 = 44.3517 over 102 frames.
M6031018121_0057 ย้อน วีดีโอ ไป ห้า วินาที 
LOG (lattice-best-path[5.5.0~1494-e5a5]:main():lattice-best-path.cc:99) For utterance M6031018121_0060, best cost 81.8714 + -35.261 = 46.6104 over 109 frames.
M6031018121_0060 ย้อน วีดีโอ ไป สาม สิบ วินาที 
LOG (lattice-best-path[5.5.0~1494-e5a5]:main():lattice-best-path.cc:99) For utterance M6031018121_0063, best cost 84.5284 + -32.6858 = 51.8425 over 101 frames.
M6031018121_0063 เซ็ต เลื่อน วีดีโอ ไป สิบ วินาที 
LOG (lattice-best-path[5.5.0~1494-e5a5]:main():lattice-best-path.cc:99) For utterance M6031018121_0064, best cost 90.9573 + -36.6386 = 54.3187 over 109 frames.
M6031018121_0064 เซ็ต เลื่อน วีดีโอ ไป สิบ ห้า วินาที 
LOG (lattice-best-path[5.5.0~1494-e5a5]:main():lattice-best-path.cc:99) For utterance M6031018121_0065, best cost 93.811 + -38.5183 = 55.2926 over 113 frames.
M6031018121_0065 เซ็ต เลื่อน วีดีโอ ไป สาม สิบ วินาที 
LOG (lattice-best-path[5.5.0~1494-e5a5]:main():lattice-best-path.cc:99) For utterance M6031018121_0066, best cost 83.2282 + -31.0215 = 52.2067 over 98 frames.
M6031018121_0066 เซ็ต เลื่อน วีดีโอ ไป หนึ่ง นาที 
LOG (lattice-best-path[5.5.0~1494-e5a5]:main():lattice-best-path.cc:99) For utterance M6031018121_0070, best cost 104.5 + -37.9356 = 66.5643 over 120 frames.
M6031018121_0070 เซ็ต เล่น วีดิโอ ที่ สาม ใน สี่ ของ ตอน 
LOG (lattice-best-path[5.5.0~1494-e5a5]:main():lattice-best-path.cc:99) For utterance M6031018121_0071, best cost 44.5878 + -11.5385 = 33.0493 over 51 frames.
M6031018121_0071 สี่ ของ ตอน 
LOG (lattice-best-path[5.5.0~1494-e5a5]:main():lattice-best-path.cc:99) For utterance M6031018121_0074, best cost 89.0028 + -31.0705 = 57.9323 over 102 frames.
M6031018121_0074 ตั้งค่า เสียง ห้า สิบ เปอร์เซนต์ 
LOG (lattice-best-path[5.5.0~1494-e5a5]:main():lattice-best-path.cc:99) For utterance M6031018121_0078, best cost 48.9711 + -13.4553 = 35.5157 over 49 frames.
M6031018121_0078 เซ็ต ลด เสียง 
LOG (lattice-best-path[5.5.0~1494-e5a5]:main():lattice-best-path.cc:99) For utterance M6031018121_0083, best cost 71.1228 + -28.2621 = 42.8607 over 84 frames.
M6031018121_0083 เอา ออก จาก รายการ โปรด 
LOG (lattice-best-path[5.5.0~1494-e5a5]:main():lattice-best-path.cc:99) For utterance M6031018121_0087, best cost 29.9936 + -7.41583 = 22.5777 over 35 frames.
M6031018121_0087 แสดง 
LOG (lattice-best-path[5.5.0~1494-e5a5]:main():lattice-best-path.cc:99) For utterance M6031018121_0088, best cost 36.5458 + -11.3124 = 25.2333 over 42 frames.
M6031018121_0088 สอง 
LOG (lattice-best-path[5.5.0~1494-e5a5]:main():lattice-best-path.cc:99) For utterance M6031018121_0091, best cost 35.1595 + -9.58735 = 25.5721 over 40 frames.
M6031018121_0091 สาม 
LOG (lattice-best-path[5.5.0~1494-e5a5]:main():lattice-best-path.cc:99) For utterance M6031018121_0092, best cost 26.5278 + -6.21986 = 20.308 over 30 frames.
M6031018121_0092 แสดง 
LOG (lattice-best-path[5.5.0~1494-e5a5]:main():lattice-best-path.cc:99) For utterance M6031018121_0093, best cost 34.8456 + -8.42468 = 26.4209 over 42 frames.
M6031018121_0093 แสดง 
LOG (lattice-best-path[5.5.0~1494-e5a5]:main():lattice-best-path.cc:99) For utterance M6031018121_0100, best cost 59.4979 + -21.8823 = 37.6156 over 65 frames.
M6031018121_0100 แสดง วิดีโอ ชื่อ อะไร 
LOG (lattice-best-path[5.5.0~1494-e5a5]:main():lattice-best-path.cc:99) For utterance M6031019821_0000, best cost 34.4886 + -15.5767 = 18.9119 over 40 frames.
M6031019821_0000 โกวาจี 
LOG (lattice-best-path[5.5.0~1494-e5a5]:main():lattice-best-path.cc:99) For utterance M6031019821_0003, best cost 74.5115 + -27.7346 = 46.7769 over 93 frames.
M6031019821_0003 โกวาจี ผม ตาล 
LOG (lattice-best-path[5.5.0~1494-e5a5]:main():lattice-best-path.cc:99) For utterance M6031019821_0004, best cost 65.6586 + -20.5622 = 45.0964 over 81 frames.
M6031019821_0004 โกวาจี ผม 
LOG (lattice-best-path[5.5.0~1494-e5a5]:main():lattice-best-path.cc:99) For utterance M6031019821_0008, best cost 79.277 + -25.7217 = 53.5553 over 89 frames.
M6031019821_0008 กลาง ล็อกอิน นาม แตงไทย 
LOG (lattice-best-path[5.5.0~1494-e5a5]:main():lattice-best-path.cc:99) For utterance M6031019821_0015, best cost 50.7307 + -13.1033 = 37.6273 over 59 frames.
M6031019821_0015 ศูนย์ จุด สอง 
LOG (lattice-best-path[5.5.0~1494-e5a5]:main():lattice-best-path.cc:99) For utterance M6031019821_0016, best cost 54.9644 + -18.8787 = 36.0856 over 62 frames.
M6031019821_0016 เปิด โหมด หมายเลข สาม 
LOG (lattice-best-path[5.5.0~1494-e5a5]:main():lattice-best-path.cc:99) For utterance M6031019821_0017, best cost 50.2425 + -13.893 = 36.3494 over 54 frames.
M6031019821_0017 แสดง โหมด หมายเลข สี่ 
LOG (lattice-best-path[5.5.0~1494-e5a5]:main():lattice-best-path.cc:99) For utterance M6031019821_0019, best cost 65.3442 + -17.4794 = 47.8648 over 67 frames.
M6031019821_0019 เซ็ต เลือก วิดีโอ หมายเลข หนึ่ง 
LOG (lattice-best-path[5.5.0~1494-e5a5]:main():lattice-best-path.cc:99) For utterance M6031019821_0021, best cost 54.9091 + -17.7532 = 37.156 over 60 frames.
M6031019821_0021 เลือก วิดีโอ หมายเลข สาม 
LOG (lattice-best-path[5.5.0~1494-e5a5]:main():lattice-best-path.cc:99) For utterance M6031019821_0025, best cost 58.4945 + -19.4722 = 39.0223 over 63 frames.
M6031019821_0025 แสดง วิดีโอ อันดับ สอง ของ ฉัน 
LOG (lattice-best-path[5.5.0~1494-e5a5]:main():lattice-best-path.cc:99) For utterance M6031019821_0026, best cost 74.0794 + -24.4409 = 49.6385 over 86 frames.
M6031019821_0026 แสดง วิดีโอ อันดับ สาม ของ ฉัน 
LOG (lattice-best-path[5.5.0~1494-e5a5]:main():lattice-best-path.cc:99) For utterance M6031019821_0029, best cost 55.435 + -16.8093 = 38.6257 over 58 frames.
M6031019821_0029 เล่น ต่อ จาก วิดีโอ เดิม 
LOG (lattice-scale[5.5.0~1494-e5a5]:main():lattice-scale.cc:107) Done 135 lattices.
LOG (lattice-best-path[5.5.0~1494-e5a5]:main():lattice-best-path.cc:99) For utterance M6031019821_0033, best cost 55.0339 + -14.045 = 40.9889 over 66 frames.
M6031019821_0033 ตั้ง เป็น วิดีโอ 
LOG (lattice-best-path[5.5.0~1494-e5a5]:main():lattice-best-path.cc:99) For utterance M6031019821_0034, best cost 46.8227 + -11.2479 = 35.5748 over 53 frames.
M6031019821_0034 หยุด วีดีโอ 
LOG (lattice-best-path[5.5.0~1494-e5a5]:main():lattice-best-path.cc:99) For utterance M6031019821_0035, best cost 50.9343 + -13.1885 = 37.7458 over 52 frames.
M6031019821_0035 ขยาย หน้าจอ สอง 
LOG (lattice-best-path[5.5.0~1494-e5a5]:main():lattice-best-path.cc:99) For utterance M6031019821_0036, best cost 56.3342 + -13.6132 = 42.7211 over 54 frames.
M6031019821_0036 เซ็ต ย้อน สอง 
LOG (lattice-best-path[5.5.0~1494-e5a5]:main():lattice-best-path.cc:99) For utterance M6031019821_0042, best cost 74.8424 + -27.3811 = 47.4613 over 94 frames.
M6031019821_0042 เซ็ต ความเร็ว วีดีโอ ศูนย์ จุด ห้า เท่า 
LOG (lattice-best-path[5.5.0~1494-e5a5]:main():lattice-best-path.cc:99) For utterance M6031019821_0044, best cost 129.435 + -44.5279 = 84.9073 over 153 frames.
M6031019821_0044 กลาง เซ็ต ความเร็ว วีดีโอ ศูนย์ จุด เจ็ด ห้า เท่า 
LOG (lattice-best-path[5.5.0~1494-e5a5]:main():lattice-best-path.cc:99) For utterance M6031019821_0045, best cost 72.0698 + -27.5783 = 44.4915 over 90 frames.
M6031019821_0045 เซ็ต ความเร็ว วีดีโอ ศูนย์ จุด ห้า เท่า 
LOG (lattice-best-path[5.5.0~1494-e5a5]:main():lattice-best-path.cc:99) For utterance M6031019821_0046, best cost 61.2544 + -19.842 = 41.4124 over 76 frames.
M6031019821_0046 เพิ่ม ความเร็ว วีดีโอ สอง เท่า 
LOG (lattice-best-path[5.5.0~1494-e5a5]:main():lattice-best-path.cc:99) For utterance M6031019821_0047, best cost 93.055 + -33.5466 = 59.5084 over 109 frames.
M6031019821_0047 กลาง เพิ่ม ความเร็ว วีดีโอ ศูนย์ จุด หนึ่ง 
LOG (lattice-best-path[5.5.0~1494-e5a5]:main():lattice-best-path.cc:99) For utterance M6031019821_0050, best cost 69.0083 + -22.6222 = 46.3861 over 76 frames.
M6031019821_0050 กลาง เพิ่ม ความเร็ว วีดีโอ หนึ่ง 
LOG (lattice-best-path[5.5.0~1494-e5a5]:main():lattice-best-path.cc:99) For utterance M6031019821_0062, best cost 66.5117 + -22.1436 = 44.3681 over 74 frames.
M6031019821_0062 ตั้ง เลื่อน วีดีโอ ไป ห้า วินาที 
LOG (lattice-best-path[5.5.0~1494-e5a5]:main():lattice-best-path.cc:99) For utterance M6031019821_0067, best cost 85.9035 + -28.2515 = 57.652 over 91 frames.
M6031019821_0067 กลาง เล่น วีดิโอ ที่ เวลา ศูนย์ นาที 
LOG (lattice-best-path[5.5.0~1494-e5a5]:main():lattice-best-path.cc:99) For utterance M6031019821_0069, best cost 87.385 + -26.8973 = 60.4877 over 91 frames.
M6031019821_0069 กลาง เล่น วีดิโอ ที่ หนึ่ง ใน สี่ ของ ตอน 
LOG (lattice-best-path[5.5.0~1494-e5a5]:main():lattice-best-path.cc:99) For utterance M6031019821_0072, best cost 75.7313 + -24.9774 = 50.7538 over 79 frames.
M6031019821_0072 กลาง ตั้งค่า เสียง ร้อย เปอร์เซนต์ 
LOG (lattice-add-penalty[5.5.0~1494-e5a5]:main():lattice-add-penalty.cc:62) Done adding word insertion penalty to 135 lattices.
LOG (lattice-best-path[5.5.0~1494-e5a5]:main():lattice-best-path.cc:99) For utterance M6031019821_0081, best cost 94.5111 + -25.5994 = 68.9118 over 104 frames.
M6031019821_0081 กลาง ปรับ คุณภาพ วิดีโอ ระดับ สี่ 
LOG (lattice-best-path[5.5.0~1494-e5a5]:main():lattice-best-path.cc:99) For utterance M6031019821_0083, best cost 72.5091 + -27.7031 = 44.806 over 86 frames.
M6031019821_0083 เอา ออก จาก รายการ โปรด 
LOG (lattice-best-path[5.5.0~1494-e5a5]:main():lattice-best-path.cc:99) For utterance M6031019821_0087, best cost 76.2416 + -25.4795 = 50.7621 over 90 frames.
M6031019821_0087 กลาง หนึ่ง 
LOG (lattice-best-path[5.5.0~1494-e5a5]:main():lattice-best-path.cc:99) For utterance M6031019821_0093, best cost 55.3043 + -16.0847 = 39.2196 over 57 frames.
M6031019821_0093 กลาง เจ็ด 
LOG (lattice-best-path[5.5.0~1494-e5a5]:main():lattice-best-path.cc:99) For utterance M6031019821_0096, best cost 115.927 + -44.0597 = 71.8675 over 136 frames.
M6031019821_0096 กลาง แนะนำ หนัง หน่อย สิ โกวาจี 
LOG (lattice-best-path[5.5.0~1494-e5a5]:main():lattice-best-path.cc:99) For utterance M6031019821_0098, best cost 72.2605 + -23.8733 = 48.3872 over 84 frames.
M6031019821_0098 แสดง วิดีโอ ความยาว เท่าไหร่ 
LOG (lattice-best-path[5.5.0~1494-e5a5]:main():lattice-best-path.cc:99) For utterance M6031019821_0100, best cost 87.2028 + -33.8994 = 53.3033 over 103 frames.
M6031019821_0100 ลด วิดีโอ ชื่อ อะไร 
LOG (lattice-best-path[5.5.0~1494-e5a5]:main():lattice-best-path.cc:99) For utterance M6031020321_0007, best cost 49.3776 + -16.8769 = 32.5007 over 57 frames.
M6031020321_0007 ล็อกอิน นาม ตาล 
LOG (lattice-best-path[5.5.0~1494-e5a5]:main():lattice-best-path.cc:99) For utterance M6031020321_0008, best cost 50.0717 + -17.7696 = 32.3021 over 58 frames.
M6031020321_0008 ล็อกอิน นาม แตงไทย 
LOG (lattice-best-path[5.5.0~1494-e5a5]:main():lattice-best-path.cc:99) For utterance M6031020321_0009, best cost 50.0707 + -17.0164 = 33.0543 over 58 frames.
M6031020321_0009 ล็อกอิน นาม ฟร้องซ์ 
LOG (lattice-best-path[5.5.0~1494-e5a5]:main():lattice-best-path.cc:99) For utterance M6031020321_0013, best cost 46.6933 + -17.5327 = 29.1605 over 51 frames.
M6031020321_0013 แสดง โหมด ค้นหา 
LOG (lattice-best-path[5.5.0~1494-e5a5]:main():lattice-best-path.cc:99) For utterance M6031020321_0014, best cost 45.2613 + -17.7028 = 27.5585 over 48 frames.
M6031020321_0014 เปิด โหมด หมายเลข หนึ่ง 
LOG (lattice-best-path[5.5.0~1494-e5a5]:main():lattice-best-path.cc:99) For utterance M6031020321_0016, best cost 48.0329 + -20.5674 = 27.4655 over 52 frames.
M6031020321_0016 เปิด โหมด หมายเลข สาม 
LOG (lattice-best-path[5.5.0~1494-e5a5]:main():lattice-best-path.cc:99) For utterance M6031020321_0018, best cost 43.875 + -16.9645 = 26.9105 over 46 frames.
M6031020321_0018 เปิด โหมด หมายเลข ห้า 
LOG (lattice-best-path[5.5.0~1494-e5a5]:main():lattice-best-path.cc:99) For utterance M6031020321_0020, best cost 52.8297 + -21.2176 = 31.6121 over 57 frames.
M6031020321_0020 เลือก วิดีโอ หมายเลข สอง 
LOG (lattice-best-path[5.5.0~1494-e5a5]:main():lattice-best-path.cc:99) For utterance M6031020321_0022, best cost 52.1375 + -20.4139 = 31.7237 over 56 frames.
M6031020321_0022 เลือก วิดีโอ หมายเลข สี่ 
LOG (lattice-best-path[5.5.0~1494-e5a5]:main():lattice-best-path.cc:99) For utterance M6031020321_0023, best cost 52.8307 + -19.2837 = 33.547 over 57 frames.
M6031020321_0023 เลือก วิดีโอ หมายเลข ห้า 
LOG (lattice-best-path[5.5.0~1494-e5a5]:main():lattice-best-path.cc:99) For utterance M6031020321_0024, best cost 67.8403 + -26.3332 = 41.5071 over 76 frames.
M6031020321_0024 แสดง วิดีโอ อันดับ หนึ่ง ของ ฉัน 
LOG (lattice-best-path[5.5.0~1494-e5a5]:main():lattice-best-path.cc:99) For utterance M6031020321_0025, best cost 70.9711 + -29.5759 = 41.3952 over 81 frames.
M6031020321_0025 แสดง วิดีโอ อันดับ สอง ของ ฉัน 
LOG (lattice-best-path[5.5.0~1494-e5a5]:main():lattice-best-path.cc:99) For utterance M6031020321_0029, best cost 58.9007 + -23.7264 = 35.1743 over 63 frames.
M6031020321_0029 เล่น ต่อ จาก วิดีโอ เดิม 
LOG (lattice-best-path[5.5.0~1494-e5a5]:main():lattice-best-path.cc:99) For utterance M6031020321_0030, best cost 33.3019 + -12.4113 = 20.8906 over 36 frames.
M6031020321_0030 เปิด โปรแกรม 
LOG (lattice-best-path[5.5.0~1494-e5a5]:main():lattice-best-path.cc:99) For utterance M6031020321_0033, best cost 33.0869 + -10.6005 = 22.4864 over 37 frames.
M6031020321_0033 เล่น วีดีโอ 
LOG (lattice-best-path[5.5.0~1494-e5a5]:main():lattice-best-path.cc:99) For utterance M6031020321_0040, best cost 39.5278 + -17.4278 = 22.0999 over 44 frames.
M6031020321_0040 เล่น ตอน ที่แล้ว 
LOG (lattice-best-path[5.5.0~1494-e5a5]:main():lattice-best-path.cc:99) For utterance M6031020321_0054, best cost 64.4027 + -29.1704 = 35.2324 over 81 frames.
M6031020321_0054 ลด ความเร็ว วีดีโอ ศูนย์ จุด ห้า 
LOG (lattice-best-path[5.5.0~1494-e5a5]:main():lattice-best-path.cc:99) For utterance M6031020321_0058, best cost 55.9533 + -25.0187 = 30.9346 over 73 frames.
M6031020321_0058 ย้อน วีดีโอ ไป สิบ วินาที 
LOG (lattice-best-path[5.5.0~1494-e5a5]:main():lattice-best-path.cc:99) For utterance M6031020321_0060, best cost 62.4633 + -26.0888 = 36.3745 over 81 frames.
M6031020321_0060 ย้อน วีดีโอ ไป สาม สิบ วินาที 
LOG (lattice-best-path[5.5.0~1494-e5a5]:main():lattice-best-path.cc:99) For utterance M6031020321_0062, best cost 57.8299 + -24.2581 = 33.5718 over 70 frames.
M6031020321_0062 เลื่อน วีดีโอ ไป ห้า วินาที 
LOG (lattice-best-path[5.5.0~1494-e5a5]:main():lattice-best-path.cc:99) For utterance M6031020321_0065, best cost 66.7424 + -29.5092 = 37.2332 over 82 frames.
M6031020321_0065 เลื่อน วีดีโอ ไป สาม สิบ วินาที 
LOG (lattice-best-path[5.5.0~1494-e5a5]:main():lattice-best-path.cc:99) For utterance M6031020321_0068, best cost 50.1412 + -16.4521 = 33.6891 over 57 frames.
M6031020321_0068 เล่น วีดิโอ ที่ กลาง ตอน 
LOG (lattice-best-path[5.5.0~1494-e5a5]:main():lattice-best-path.cc:99) For utterance M6031020321_0070, best cost 73.4886 + -29.5289 = 43.9597 over 86 frames.
M6031020321_0070 เล่น วีดิโอ ที่ สาม ใน สี่ ของ ตอน 
LOG (lattice-best-path[5.5.0~1494-e5a5]:main():lattice-best-path.cc:99) For utterance M6031020321_0071, best cost 25.7587 + -9.30888 = 16.4498 over 28 frames.
M6031020321_0071 ตั้งค่า เสียง 
LOG (lattice-best-path[5.5.0~1494-e5a5]:main():lattice-best-path.cc:99) For utterance M6031020321_0073, best cost 61.4307 + -25.6742 = 35.7565 over 69 frames.
M6031020321_0073 ตั้งค่า เสียง ยี่ สิบ ห้า เปอร์เซนต์ 
LOG (lattice-best-path[5.5.0~1494-e5a5]:main():lattice-best-path.cc:99) For utterance M6031020321_0076, best cost 52.058 + -19.6004 = 32.4576 over 58 frames.
M6031020321_0076 ตั้งค่า เสียง ร้อย เปอร์เซนต์ 
LOG (lattice-best-path[5.5.0~1494-e5a5]:main():lattice-best-path.cc:99) For utterance M6031020321_0077, best cost 27.4618 + -11.1063 = 16.3556 over 28 frames.
M6031020321_0077 เพิ่ม เสียง 
LOG (lattice-best-path[5.5.0~1494-e5a5]:main():lattice-best-path.cc:99) For utterance M6031020321_0082, best cost 41.8367 + -17.5312 = 24.3055 over 47 frames.
M6031020321_0082 ตั้ง เป็น รายการ โปรด 
LOG (lattice-best-path[5.5.0~1494-e5a5]:main():lattice-best-path.cc:99) For utterance M6031020321_0083, best cost 52.4078 + -22.0668 = 30.341 over 57 frames.
M6031020321_0083 เอา ออก จาก รายการ โปรด 
LOG (lattice-best-path[5.5.0~1494-e5a5]:main():lattice-best-path.cc:99) For utterance M6031020321_0084, best cost 51.4191 + -18.9001 = 32.519 over 59 frames.
M6031020321_0084 ตั้ง เป็น วิดีโอ ทอป วัน 
LOG (lattice-best-path[5.5.0~1494-e5a5]:main():lattice-best-path.cc:99) For utterance M6031020321_0094, best cost 18.4341 + -6.60658 = 11.8275 over 16 frames.
M6031020321_0094 แปด 
LOG (lattice-best-path[5.5.0~1494-e5a5]:main():lattice-best-path.cc:99) For utterance M6031020321_0095, best cost 23.9793 + -8.58838 = 15.3909 over 24 frames.
M6031020321_0095 เก้า 
LOG (lattice-best-path[5.5.0~1494-e5a5]:main():lattice-best-path.cc:99) For utterance M6031020321_0097, best cost 60.0364 + -21.6526 = 38.3838 over 68 frames.
M6031020321_0097 ขอ ชื่อ ผู้ อัพโหลด วีดีโอ 
LOG (lattice-best-path[5.5.0~1494-e5a5]:main():lattice-best-path.cc:124) Overall cost per frame is 0.560397 = 0.872443 [graph] + -0.312046 [acoustic] over 8947 frames.
LOG (lattice-best-path[5.5.0~1494-e5a5]:main():lattice-best-path.cc:128) Done 135 lattices, failed for 0
# Accounting: time=0 threads=1
# Ended (code 0) at Thu Apr 30 14:47:59 UTC 2020, elapsed time 0 seconds
