# lattice-scale --inv-acoustic-scale=11 "ark:gunzip -c exp/chain/tdnn1r_sp_online/decode_dev/lat.*.gz|" ark:- | lattice-add-penalty --word-ins-penalty=0.5 ark:- ark:- | lattice-best-path --word-symbol-table=exp/chain/tree_a_sp/graph/words.txt ark:- ark,t:exp/chain/tdnn1r_sp_online/decode_dev/scoring/11.0.5.tra 
# Started at Thu Apr 30 14:48:01 UTC 2020
#
lattice-best-path --word-symbol-table=exp/chain/tree_a_sp/graph/words.txt ark:- ark,t:exp/chain/tdnn1r_sp_online/decode_dev/scoring/11.0.5.tra 
lattice-add-penalty --word-ins-penalty=0.5 ark:- ark:- 
lattice-scale --inv-acoustic-scale=11 'ark:gunzip -c exp/chain/tdnn1r_sp_online/decode_dev/lat.*.gz|' ark:- 
LOG (lattice-best-path[5.5.0~1494-e5a5]:main():lattice-best-path.cc:99) For utterance F6030177021_0001, best cost 52.9772 + -119.523 = -66.5462 over 57 frames.
F6030177021_0001 โกวาจี ฉัน แตงไทย 
LOG (lattice-best-path[5.5.0~1494-e5a5]:main():lattice-best-path.cc:99) For utterance F6030177021_0003, best cost 39.2747 + -78.1942 = -38.9195 over 40 frames.
F6030177021_0003 โกวาจี ผม ตาล 
LOG (lattice-best-path[5.5.0~1494-e5a5]:main():lattice-best-path.cc:99) For utterance F6030177021_0006, best cost 39.0941 + -62.1238 = -23.0297 over 40 frames.
F6030177021_0006 ล็อกอิน นาม บี 
LOG (lattice-best-path[5.5.0~1494-e5a5]:main():lattice-best-path.cc:99) For utterance F6030177021_0007, best cost 44.7028 + -77.9849 = -33.2821 over 43 frames.
F6030177021_0007 ล็อกอิน นาม สาม 
LOG (lattice-best-path[5.5.0~1494-e5a5]:main():lattice-best-path.cc:99) For utterance F6030177021_0008, best cost 47.4128 + -88.4923 = -41.0795 over 52 frames.
F6030177021_0008 ล็อกอิน นาม แตงไทย 
LOG (lattice-best-path[5.5.0~1494-e5a5]:main():lattice-best-path.cc:99) For utterance F6030177021_0010, best cost 27.946 + -45.0931 = -17.1471 over 29 frames.
F6030177021_0010 ล็อกเอาท์ 
LOG (lattice-best-path[5.5.0~1494-e5a5]:main():lattice-best-path.cc:99) For utterance F6030177021_0012, best cost 39.4384 + -71.2879 = -31.8496 over 42 frames.
F6030177021_0012 เข้า หน้า ค้นหา 
LOG (lattice-best-path[5.5.0~1494-e5a5]:main():lattice-best-path.cc:99) For utterance F6030177021_0016, best cost 47.2603 + -104.843 = -57.5822 over 48 frames.
F6030177021_0016 เปิด โหมด หมายเลข สาม 
LOG (lattice-best-path[5.5.0~1494-e5a5]:main():lattice-best-path.cc:99) For utterance F6030177021_0017, best cost 44.2864 + -73.5274 = -29.2409 over 40 frames.
F6030177021_0017 เพิ่ม โหมด หมายเลข สี่ 
LOG (lattice-best-path[5.5.0~1494-e5a5]:main():lattice-best-path.cc:99) For utterance F6030177021_0019, best cost 46.4302 + -80.8096 = -34.3795 over 53 frames.
F6030177021_0019 ย้อน วีดีโอ ไป หนึ่ง 
LOG (lattice-best-path[5.5.0~1494-e5a5]:main():lattice-best-path.cc:99) For utterance F6030177021_0032, best cost 31.1872 + -48.7819 = -17.5947 over 29 frames.
F6030177021_0032 พอส วีดีโอ 
LOG (lattice-best-path[5.5.0~1494-e5a5]:main():lattice-best-path.cc:99) For utterance F6030177021_0038, best cost 23.3315 + -42.2634 = -18.9319 over 21 frames.
F6030177021_0038 ปิด ลูป 
LOG (lattice-best-path[5.5.0~1494-e5a5]:main():lattice-best-path.cc:99) For utterance F6030177021_0047, best cost 54.2339 + -101.169 = -46.9352 over 62 frames.
F6030177021_0047 เพิ่ม ความเร็ว วีดีโอ ศูนย์ จุด หนึ่ง 
LOG (lattice-best-path[5.5.0~1494-e5a5]:main():lattice-best-path.cc:99) For utterance F6030177021_0052, best cost 52.1535 + -75.8288 = -23.6753 over 59 frames.
F6030177021_0052 ลด ความเร็ว วีดีโอ ศูนย์ จุด ห้า 
LOG (lattice-best-path[5.5.0~1494-e5a5]:main():lattice-best-path.cc:99) For utterance F6030177021_0054, best cost 55.6183 + -105.617 = -49.999 over 64 frames.
F6030177021_0054 เพิ่ม ความเร็ว วีดีโอ ศูนย์ จุด ห้า 
LOG (lattice-best-path[5.5.0~1494-e5a5]:main():lattice-best-path.cc:99) For utterance F6030177021_0055, best cost 38.1962 + -66.8697 = -28.6736 over 42 frames.
F6030177021_0055 เพิ่ม ความเร็ว วีดีโอ หนึ่ง 
LOG (lattice-best-path[5.5.0~1494-e5a5]:main():lattice-best-path.cc:99) For utterance F6030177021_0056, best cost 47.0399 + -81.9248 = -34.8849 over 56 frames.
F6030177021_0056 ย้อน วีดีโอ ไป ห้า วินาที 
LOG (lattice-best-path[5.5.0~1494-e5a5]:main():lattice-best-path.cc:99) For utterance F6030177021_0057, best cost 46.3467 + -95.322 = -48.9752 over 55 frames.
F6030177021_0057 ย้อน วีดีโอ ไป ห้า วินาที 
LOG (lattice-best-path[5.5.0~1494-e5a5]:main():lattice-best-path.cc:99) For utterance F6030177021_0072, best cost 63.9844 + -141.227 = -77.2423 over 69 frames.
F6030177021_0072 ตั้งค่า เสียง ศูนย์ เปอร์เซนต์ 
LOG (lattice-best-path[5.5.0~1494-e5a5]:main():lattice-best-path.cc:99) For utterance F6030177021_0076, best cost 48.5128 + -96.0653 = -47.5525 over 50 frames.
F6030177021_0076 ตั้งค่า เสียง ร้อย เปอร์เซนต์ 
LOG (lattice-best-path[5.5.0~1494-e5a5]:main():lattice-best-path.cc:99) For utterance F6030177021_0078, best cost 30.5359 + -49.0804 = -18.5444 over 24 frames.
F6030177021_0078 โหมด สี่ 
LOG (lattice-best-path[5.5.0~1494-e5a5]:main():lattice-best-path.cc:99) For utterance F6030177021_0079, best cost 58.344 + -119.101 = -60.757 over 68 frames.
F6030177021_0079 ปรับ คุณภาพ วิดีโอ ระดับ ต่ำ 
LOG (lattice-best-path[5.5.0~1494-e5a5]:main():lattice-best-path.cc:99) For utterance F6030177021_0083, best cost 58.3736 + -111.01 = -52.6367 over 62 frames.
F6030177021_0083 เอา ออก จาก รายการ โปรด 
LOG (lattice-best-path[5.5.0~1494-e5a5]:main():lattice-best-path.cc:99) For utterance F6030177021_0085, best cost 64.7731 + -129.911 = -65.1382 over 66 frames.
F6030177021_0085 ตั้ง เป็น วิดีโอ ทอป ทู หนึ่ง 
LOG (lattice-best-path[5.5.0~1494-e5a5]:main():lattice-best-path.cc:99) For utterance F6030177021_0090, best cost 15.4498 + -31.4438 = -15.994 over 11 frames.
F6030177021_0090 สี่ 
LOG (lattice-best-path[5.5.0~1494-e5a5]:main():lattice-best-path.cc:99) For utterance F6030177021_0092, best cost 12.0026 + -13.5045 = -1.50187 over 6 frames.
F6030177021_0092 เก้า 
LOG (lattice-best-path[5.5.0~1494-e5a5]:main():lattice-best-path.cc:99) For utterance F6030177021_0093, best cost 15.1807 + -24.7792 = -9.59854 over 9 frames.
F6030177021_0093 เจ็ด 
LOG (lattice-best-path[5.5.0~1494-e5a5]:main():lattice-best-path.cc:99) For utterance F6030177021_0100, best cost 56.9793 + -94.6311 = -37.6517 over 56 frames.
F6030177021_0100 ขอ ชื่อ วิดีโอ ชื่อ อะไร 
LOG (lattice-best-path[5.5.0~1494-e5a5]:main():lattice-best-path.cc:99) For utterance F6030177021_0101, best cost 38.324 + -75.0126 = -36.6886 over 38 frames.
F6030177021_0101 ขอ ชื่อ วิดีโอ 
LOG (lattice-best-path[5.5.0~1494-e5a5]:main():lattice-best-path.cc:99) For utterance M6031018121_0001, best cost 88.3277 + -201.223 = -112.895 over 108 frames.
M6031018121_0001 โกวาจี ฉัน แตงไทย 
LOG (lattice-best-path[5.5.0~1494-e5a5]:main():lattice-best-path.cc:99) For utterance M6031018121_0002, best cost 78.7851 + -159.04 = -80.2547 over 97 frames.
M6031018121_0002 โกวาจี ผม บี 
LOG (lattice-best-path[5.5.0~1494-e5a5]:main():lattice-best-path.cc:99) For utterance M6031018121_0004, best cost 86.3128 + -155.027 = -68.7139 over 100 frames.
M6031018121_0004 โกวาจี ผม กลาง 
LOG (lattice-best-path[5.5.0~1494-e5a5]:main():lattice-best-path.cc:99) For utterance M6031018121_0005, best cost 78.8994 + -146.448 = -67.5487 over 83 frames.
M6031018121_0005 ตั้ง เป็น ผ่าน การ จำ เสียง 
LOG (lattice-best-path[5.5.0~1494-e5a5]:main():lattice-best-path.cc:99) For utterance M6031018121_0008, best cost 74.0812 + -153.411 = -79.3299 over 82 frames.
M6031018121_0008 ตั้ง เป็น นาม แตงไทย 
LOG (lattice-best-path[5.5.0~1494-e5a5]:main():lattice-best-path.cc:99) For utterance M6031018121_0014, best cost 71.3429 + -152.383 = -81.04 over 73 frames.
M6031018121_0014 เซ็ต เปิด โหมด หมายเลข หนึ่ง 
LOG (lattice-best-path[5.5.0~1494-e5a5]:main():lattice-best-path.cc:99) For utterance M6031018121_0015, best cost 76.193 + -159.823 = -83.6297 over 80 frames.
M6031018121_0015 เซ็ต เปิด โหมด หมายเลข สอง 
LOG (lattice-best-path[5.5.0~1494-e5a5]:main():lattice-best-path.cc:99) For utterance M6031018121_0016, best cost 72.7282 + -157.374 = -84.6458 over 75 frames.
M6031018121_0016 เซ็ต เปิด โหมด หมายเลข สาม 
LOG (lattice-best-path[5.5.0~1494-e5a5]:main():lattice-best-path.cc:99) For utterance M6031018121_0017, best cost 72.7292 + -131.313 = -58.5842 over 75 frames.
M6031018121_0017 เซ็ต เปิด โหมด หมายเลข สี่ 
LOG (lattice-best-path[5.5.0~1494-e5a5]:main():lattice-best-path.cc:99) For utterance M6031018121_0022, best cost 74.0825 + -136.533 = -62.4509 over 76 frames.
M6031018121_0022 เซ็ต เลือก วิดีโอ หมายเลข สี่ 
LOG (lattice-best-path[5.5.0~1494-e5a5]:main():lattice-best-path.cc:99) For utterance M6031018121_0027, best cost 70.9385 + -139.147 = -68.2085 over 78 frames.
M6031018121_0027 เซ็ต เล่น วีดิโอ ที่ แสดง 
LOG (lattice-best-path[5.5.0~1494-e5a5]:main():lattice-best-path.cc:99) For utterance M6031018121_0029, best cost 88.1649 + -154.234 = -66.0688 over 88 frames.
M6031018121_0029 เซ็ต เล่น ต่อ จาก วิดีโอ หนึ่ง 
LOG (lattice-best-path[5.5.0~1494-e5a5]:main():lattice-best-path.cc:99) For utterance M6031018121_0030, best cost 56.3041 + -96.7094 = -40.4053 over 58 frames.
M6031018121_0030 เซ็ต เปิด โปรแกรม 
LOG (lattice-best-path[5.5.0~1494-e5a5]:main():lattice-best-path.cc:99) For utterance M6031018121_0034, best cost 57.6886 + -89.5029 = -31.8143 over 64 frames.
M6031018121_0034 หยุด วีดีโอ หนึ่ง 
LOG (lattice-best-path[5.5.0~1494-e5a5]:main():lattice-best-path.cc:99) For utterance M6031018121_0037, best cost 60.0273 + -83.5263 = -23.4991 over 51 frames.
M6031018121_0037 เซ็ต เปิด ลูป กลาง 
LOG (lattice-best-path[5.5.0~1494-e5a5]:main():lattice-best-path.cc:99) For utterance M6031018121_0038, best cost 49.3707 + -70.2053 = -20.8346 over 48 frames.
M6031018121_0038 เซ็ต ปิด ลูป 
LOG (lattice-best-path[5.5.0~1494-e5a5]:main():lattice-best-path.cc:99) For utterance M6031018121_0039, best cost 66.9939 + -148.554 = -81.5596 over 70 frames.
M6031018121_0039 เซ็ต เล่น ตอน ต่อไป 
LOG (lattice-best-path[5.5.0~1494-e5a5]:main():lattice-best-path.cc:99) For utterance M6031018121_0040, best cost 66.9939 + -145.685 = -78.6909 over 70 frames.
M6031018121_0040 เซ็ต เล่น ตอน ที่แล้ว 
LOG (lattice-best-path[5.5.0~1494-e5a5]:main():lattice-best-path.cc:99) For utterance M6031018121_0043, best cost 81.763 + -192.218 = -110.455 over 100 frames.
M6031018121_0043 เซ็ต ความเร็ว วีดีโอ สอง เท่า 
LOG (lattice-best-path[5.5.0~1494-e5a5]:main():lattice-best-path.cc:99) For utterance M6031018121_0045, best cost 95.671 + -237.234 = -141.563 over 119 frames.
M6031018121_0045 เซ็ต ความเร็ว วีดีโอ ศูนย์ จุด ห้า เท่า 
LOG (lattice-best-path[5.5.0~1494-e5a5]:main():lattice-best-path.cc:99) For utterance M6031018121_0046, best cost 83.6861 + -183.315 = -99.6289 over 94 frames.
M6031018121_0046 เซ็ต เพิ่ม ความเร็ว วีดีโอ สอง เท่า 
LOG (lattice-best-path[5.5.0~1494-e5a5]:main():lattice-best-path.cc:99) For utterance M6031018121_0050, best cost 67.3083 + -148.05 = -80.742 over 84 frames.
M6031018121_0050 เพิ่ม ความเร็ว วีดีโอ หนึ่ง 
LOG (lattice-best-path[5.5.0~1494-e5a5]:main():lattice-best-path.cc:99) For utterance M6031018121_0056, best cost 82.2454 + -181.286 = -99.0408 over 100 frames.
M6031018121_0056 ย้อน วีดีโอ ไป หนึ่ง วินาที 
LOG (lattice-best-path[5.5.0~1494-e5a5]:main():lattice-best-path.cc:99) For utterance M6031018121_0057, best cost 78.9237 + -180.769 = -101.846 over 102 frames.
M6031018121_0057 ย้อน วีดีโอ ไป ห้า วินาที 
LOG (lattice-best-path[5.5.0~1494-e5a5]:main():lattice-best-path.cc:99) For utterance M6031018121_0060, best cost 84.8714 + -198.744 = -113.872 over 109 frames.
M6031018121_0060 ย้อน วีดีโอ ไป สาม สิบ วินาที 
LOG (lattice-best-path[5.5.0~1494-e5a5]:main():lattice-best-path.cc:99) For utterance M6031018121_0063, best cost 87.5284 + -184.229 = -96.7009 over 101 frames.
M6031018121_0063 เซ็ต เลื่อน วีดีโอ ไป สิบ วินาที 
LOG (lattice-best-path[5.5.0~1494-e5a5]:main():lattice-best-path.cc:99) For utterance M6031018121_0064, best cost 94.4573 + -206.509 = -112.051 over 109 frames.
M6031018121_0064 เซ็ต เลื่อน วีดีโอ ไป สิบ ห้า วินาที 
LOG (lattice-best-path[5.5.0~1494-e5a5]:main():lattice-best-path.cc:99) For utterance M6031018121_0065, best cost 97.311 + -217.103 = -119.792 over 113 frames.
M6031018121_0065 เซ็ต เลื่อน วีดีโอ ไป สาม สิบ วินาที 
LOG (lattice-best-path[5.5.0~1494-e5a5]:main():lattice-best-path.cc:99) For utterance M6031018121_0066, best cost 86.2282 + -174.849 = -88.6203 over 98 frames.
M6031018121_0066 เซ็ต เลื่อน วีดีโอ ไป หนึ่ง นาที 
LOG (lattice-best-path[5.5.0~1494-e5a5]:main():lattice-best-path.cc:99) For utterance M6031018121_0070, best cost 109 + -213.819 = -104.819 over 120 frames.
M6031018121_0070 เซ็ต เล่น วีดิโอ ที่ สาม ใน สี่ ของ ตอน 
LOG (lattice-best-path[5.5.0~1494-e5a5]:main():lattice-best-path.cc:99) For utterance M6031018121_0071, best cost 47.4267 + -68.368 = -20.9413 over 51 frames.
M6031018121_0071 สี่ ของ ฉัน 
LOG (lattice-best-path[5.5.0~1494-e5a5]:main():lattice-best-path.cc:99) For utterance M6031018121_0074, best cost 98.2674 + -182.809 = -84.5412 over 102 frames.
M6031018121_0074 ตั้งค่า เสียง ห้า สิบ เปอร์เซนต์ กลาง 
LOG (lattice-best-path[5.5.0~1494-e5a5]:main():lattice-best-path.cc:99) For utterance M6031018121_0078, best cost 50.4711 + -75.8392 = -25.3682 over 49 frames.
M6031018121_0078 เซ็ต ลด เสียง 
LOG (lattice-best-path[5.5.0~1494-e5a5]:main():lattice-best-path.cc:99) For utterance M6031018121_0083, best cost 73.6228 + -159.296 = -85.6728 over 84 frames.
M6031018121_0083 เอา ออก จาก รายการ โปรด 
LOG (lattice-best-path[5.5.0~1494-e5a5]:main():lattice-best-path.cc:99) For utterance M6031018121_0087, best cost 31.8871 + -47.4724 = -15.5853 over 35 frames.
M6031018121_0087 หนึ่ง 
LOG (lattice-best-path[5.5.0~1494-e5a5]:main():lattice-best-path.cc:99) For utterance M6031018121_0088, best cost 37.0458 + -63.761 = -26.7152 over 42 frames.
M6031018121_0088 สอง 
LOG (lattice-best-path[5.5.0~1494-e5a5]:main():lattice-best-path.cc:99) For utterance M6031018121_0091, best cost 37.6136 + -60.1414 = -22.5278 over 40 frames.
M6031018121_0091 สอง ห้า 
LOG (lattice-best-path[5.5.0~1494-e5a5]:main():lattice-best-path.cc:99) For utterance M6031018121_0092, best cost 27.0278 + -35.0574 = -8.02958 over 30 frames.
M6031018121_0092 แสดง 
LOG (lattice-best-path[5.5.0~1494-e5a5]:main():lattice-best-path.cc:99) For utterance M6031018121_0093, best cost 43.6141 + -58.6094 = -14.9952 over 42 frames.
M6031018121_0093 เซ็ต กลาง 
LOG (lattice-best-path[5.5.0~1494-e5a5]:main():lattice-best-path.cc:99) For utterance M6031018121_0100, best cost 61.4979 + -123.337 = -61.8387 over 65 frames.
M6031018121_0100 แสดง วิดีโอ ชื่อ อะไร 
LOG (lattice-best-path[5.5.0~1494-e5a5]:main():lattice-best-path.cc:99) For utterance M6031019821_0000, best cost 34.9886 + -87.7957 = -52.8071 over 40 frames.
M6031019821_0000 โกวาจี 
LOG (lattice-best-path[5.5.0~1494-e5a5]:main():lattice-best-path.cc:99) For utterance M6031019821_0003, best cost 80.6014 + -161.175 = -80.5736 over 93 frames.
M6031019821_0003 สิ โกวาจี ผม ตาล 
LOG (lattice-best-path[5.5.0~1494-e5a5]:main():lattice-best-path.cc:99) For utterance M6031019821_0004, best cost 70.4799 + -122.371 = -51.8908 over 81 frames.
M6031019821_0004 โกวาจี สอง 
LOG (lattice-best-path[5.5.0~1494-e5a5]:main():lattice-best-path.cc:99) For utterance M6031019821_0008, best cost 81.277 + -144.977 = -63.7001 over 89 frames.
M6031019821_0008 กลาง ล็อกอิน นาม แตงไทย 
LOG (lattice-best-path[5.5.0~1494-e5a5]:main():lattice-best-path.cc:99) For utterance M6031019821_0015, best cost 63.9299 + -88.6317 = -24.7018 over 59 frames.
M6031019821_0015 กลาง เปิด โหมด หมายเลข สอง 
LOG (lattice-best-path[5.5.0~1494-e5a5]:main():lattice-best-path.cc:99) For utterance M6031019821_0016, best cost 63.7173 + -116.932 = -53.2144 over 62 frames.
M6031019821_0016 เซ็ต เปิด โหมด หมายเลข สาม 
LOG (lattice-best-path[5.5.0~1494-e5a5]:main():lattice-best-path.cc:99) For utterance M6031019821_0017, best cost 56.6448 + -85.2438 = -28.599 over 54 frames.
M6031019821_0017 ตั้ง เป็น โหมด หมายเลข สี่ 
LOG (lattice-best-path[5.5.0~1494-e5a5]:main():lattice-best-path.cc:99) For utterance M6031019821_0019, best cost 70.1362 + -104.144 = -34.0077 over 67 frames.
M6031019821_0019 กลาง เลือก วิดีโอ หมายเลข หนึ่ง 
LOG (lattice-best-path[5.5.0~1494-e5a5]:main():lattice-best-path.cc:99) For utterance M6031019821_0021, best cost 62.9912 + -109.705 = -46.7141 over 60 frames.
M6031019821_0021 เซ็ต เลือก วิดีโอ หมายเลข สาม 
LOG (lattice-best-path[5.5.0~1494-e5a5]:main():lattice-best-path.cc:99) For utterance M6031019821_0025, best cost 63.2308 + -113.105 = -49.8742 over 63 frames.
M6031019821_0025 แสดง วิดีโอ อันดับ สอง ฉัน 
LOG (lattice-best-path[5.5.0~1494-e5a5]:main():lattice-best-path.cc:99) For utterance M6031019821_0026, best cost 77.0794 + -137.758 = -60.6783 over 86 frames.
M6031019821_0026 แสดง วิดีโอ อันดับ สาม ของ ฉัน 
LOG (lattice-best-path[5.5.0~1494-e5a5]:main():lattice-best-path.cc:99) For utterance M6031019821_0029, best cost 65.1635 + -104.019 = -38.856 over 58 frames.
M6031019821_0029 ตั้ง เป็น ต่อ จาก วิดีโอ เดิม 
LOG (lattice-scale[5.5.0~1494-e5a5]:main():lattice-scale.cc:107) Done 135 lattices.
LOG (lattice-best-path[5.5.0~1494-e5a5]:main():lattice-best-path.cc:99) For utterance M6031019821_0033, best cost 65.2145 + -92.1094 = -26.8948 over 66 frames.
M6031019821_0033 กลาง เป็น วิดีโอ 
LOG (lattice-best-path[5.5.0~1494-e5a5]:main():lattice-best-path.cc:99) For utterance M6031019821_0034, best cost 59.0141 + -79.5755 = -20.5613 over 53 frames.
M6031019821_0034 กลาง หยุด วีดีโอ หนึ่ง 
LOG (lattice-best-path[5.5.0~1494-e5a5]:main():lattice-best-path.cc:99) For utterance M6031019821_0035, best cost 52.4343 + -74.3353 = -21.901 over 52 frames.
M6031019821_0035 ขยาย หน้าจอ สอง 
LOG (lattice-best-path[5.5.0~1494-e5a5]:main():lattice-best-path.cc:99) For utterance M6031019821_0036, best cost 61.0491 + -81.3728 = -20.3237 over 54 frames.
M6031019821_0036 ออก ย้อน สอง 
LOG (lattice-best-path[5.5.0~1494-e5a5]:main():lattice-best-path.cc:99) For utterance M6031019821_0042, best cost 80.5211 + -161.736 = -81.2148 over 94 frames.
M6031019821_0042 เซ็ต ความเร็ว วีดีโอ หนึ่ง จุด ห้า เท่า 
LOG (lattice-best-path[5.5.0~1494-e5a5]:main():lattice-best-path.cc:99) For utterance M6031019821_0044, best cost 133.935 + -250.976 = -117.04 over 153 frames.
M6031019821_0044 กลาง เซ็ต ความเร็ว วีดีโอ ศูนย์ จุด เจ็ด ห้า เท่า 
LOG (lattice-best-path[5.5.0~1494-e5a5]:main():lattice-best-path.cc:99) For utterance M6031019821_0045, best cost 75.5698 + -155.441 = -79.8715 over 90 frames.
M6031019821_0045 เซ็ต ความเร็ว วีดีโอ ศูนย์ จุด ห้า เท่า 
LOG (lattice-best-path[5.5.0~1494-e5a5]:main():lattice-best-path.cc:99) For utterance M6031019821_0046, best cost 71.5356 + -121.915 = -50.3795 over 76 frames.
M6031019821_0046 ตั้ง เพิ่ม ความเร็ว วีดีโอ สอง เท่า 
LOG (lattice-best-path[5.5.0~1494-e5a5]:main():lattice-best-path.cc:99) For utterance M6031019821_0047, best cost 96.555 + -189.081 = -92.5259 over 109 frames.
M6031019821_0047 กลาง เพิ่ม ความเร็ว วีดีโอ ศูนย์ จุด หนึ่ง 
LOG (lattice-best-path[5.5.0~1494-e5a5]:main():lattice-best-path.cc:99) For utterance M6031019821_0050, best cost 71.5083 + -127.507 = -55.9987 over 76 frames.
M6031019821_0050 กลาง เพิ่ม ความเร็ว วีดีโอ หนึ่ง 
LOG (lattice-best-path[5.5.0~1494-e5a5]:main():lattice-best-path.cc:99) For utterance M6031019821_0062, best cost 71.4755 + -131.663 = -60.1879 over 74 frames.
M6031019821_0062 กลาง เลื่อน วีดีโอ ไป ห้า วินาที 
LOG (lattice-best-path[5.5.0~1494-e5a5]:main():lattice-best-path.cc:99) For utterance M6031019821_0067, best cost 89.4035 + -159.236 = -69.8324 over 91 frames.
M6031019821_0067 กลาง เล่น วีดิโอ ที่ เวลา ศูนย์ นาที 
LOG (lattice-best-path[5.5.0~1494-e5a5]:main():lattice-best-path.cc:99) For utterance M6031019821_0069, best cost 91.885 + -151.603 = -59.7178 over 91 frames.
M6031019821_0069 กลาง เล่น วีดิโอ ที่ หนึ่ง ใน สี่ ของ ตอน 
LOG (lattice-best-path[5.5.0~1494-e5a5]:main():lattice-best-path.cc:99) For utterance M6031019821_0072, best cost 80.533 + -147.462 = -66.9294 over 79 frames.
M6031019821_0072 กลาง ตั้งค่า เสียง ศูนย์ เปอร์เซนต์ 
LOG (lattice-add-penalty[5.5.0~1494-e5a5]:main():lattice-add-penalty.cc:62) Done adding word insertion penalty to 135 lattices.
LOG (lattice-best-path[5.5.0~1494-e5a5]:main():lattice-best-path.cc:99) For utterance M6031019821_0081, best cost 101.342 + -152.582 = -51.2401 over 104 frames.
M6031019821_0081 กลาง ปรับ คุณภาพ วิดีโอ ระดับ สูง เพิ่ม 
LOG (lattice-best-path[5.5.0~1494-e5a5]:main():lattice-best-path.cc:99) For utterance M6031019821_0083, best cost 75.0091 + -156.145 = -81.1358 over 86 frames.
M6031019821_0083 เอา ออก จาก รายการ โปรด 
LOG (lattice-best-path[5.5.0~1494-e5a5]:main():lattice-best-path.cc:99) For utterance M6031019821_0087, best cost 77.2416 + -143.612 = -66.3702 over 90 frames.
M6031019821_0087 กลาง หนึ่ง 
LOG (lattice-best-path[5.5.0~1494-e5a5]:main():lattice-best-path.cc:99) For utterance M6031019821_0093, best cost 56.3043 + -90.6594 = -34.3551 over 57 frames.
M6031019821_0093 กลาง เจ็ด 
LOG (lattice-best-path[5.5.0~1494-e5a5]:main():lattice-best-path.cc:99) For utterance M6031019821_0096, best cost 118.927 + -248.336 = -129.409 over 136 frames.
M6031019821_0096 กลาง แนะนำ หนัง หน่อย สิ โกวาจี 
LOG (lattice-best-path[5.5.0~1494-e5a5]:main():lattice-best-path.cc:99) For utterance M6031019821_0098, best cost 80.3533 + -143.805 = -63.452 over 84 frames.
M6031019821_0098 หน่อย วิดีโอ ความยาว เท่าไหร่ 
LOG (lattice-best-path[5.5.0~1494-e5a5]:main():lattice-best-path.cc:99) For utterance M6031019821_0100, best cost 91.7389 + -195.164 = -103.425 over 103 frames.
M6031019821_0100 โหมด วิดีโอ ชื่อ อะไร 
LOG (lattice-best-path[5.5.0~1494-e5a5]:main():lattice-best-path.cc:99) For utterance M6031020321_0007, best cost 50.8776 + -95.1241 = -44.2466 over 57 frames.
M6031020321_0007 ล็อกอิน นาม ตาล 
LOG (lattice-best-path[5.5.0~1494-e5a5]:main():lattice-best-path.cc:99) For utterance M6031020321_0008, best cost 51.5717 + -100.156 = -48.5841 over 58 frames.
M6031020321_0008 ล็อกอิน นาม แตงไทย 
LOG (lattice-best-path[5.5.0~1494-e5a5]:main():lattice-best-path.cc:99) For utterance M6031020321_0009, best cost 51.5707 + -95.9107 = -44.34 over 58 frames.
M6031020321_0009 ล็อกอิน นาม ฟร้องซ์ 
LOG (lattice-best-path[5.5.0~1494-e5a5]:main():lattice-best-path.cc:99) For utterance M6031020321_0013, best cost 50.623 + -102.981 = -52.3581 over 51 frames.
M6031020321_0013 แสดง โหมด ห้า 
LOG (lattice-best-path[5.5.0~1494-e5a5]:main():lattice-best-path.cc:99) For utterance M6031020321_0014, best cost 47.2613 + -99.7792 = -52.5179 over 48 frames.
M6031020321_0014 เปิด โหมด หมายเลข หนึ่ง 
LOG (lattice-best-path[5.5.0~1494-e5a5]:main():lattice-best-path.cc:99) For utterance M6031020321_0016, best cost 50.0329 + -115.925 = -65.8925 over 52 frames.
M6031020321_0016 เปิด โหมด หมายเลข สาม 
LOG (lattice-best-path[5.5.0~1494-e5a5]:main():lattice-best-path.cc:99) For utterance M6031020321_0018, best cost 45.875 + -95.6183 = -49.7433 over 46 frames.
M6031020321_0018 เปิด โหมด หมายเลข ห้า 
LOG (lattice-best-path[5.5.0~1494-e5a5]:main():lattice-best-path.cc:99) For utterance M6031020321_0020, best cost 54.8297 + -119.59 = -64.7606 over 57 frames.
M6031020321_0020 เลือก วิดีโอ หมายเลข สอง 
LOG (lattice-best-path[5.5.0~1494-e5a5]:main():lattice-best-path.cc:99) For utterance M6031020321_0022, best cost 54.1375 + -115.06 = -60.9224 over 56 frames.
M6031020321_0022 เลือก วิดีโอ หมายเลข สี่ 
LOG (lattice-best-path[5.5.0~1494-e5a5]:main():lattice-best-path.cc:99) For utterance M6031020321_0023, best cost 54.8307 + -108.69 = -53.8593 over 57 frames.
M6031020321_0023 เลือก วิดีโอ หมายเลข ห้า 
LOG (lattice-best-path[5.5.0~1494-e5a5]:main():lattice-best-path.cc:99) For utterance M6031020321_0024, best cost 70.8403 + -148.423 = -77.5831 over 76 frames.
M6031020321_0024 แสดง วิดีโอ อันดับ หนึ่ง ของ ฉัน 
LOG (lattice-best-path[5.5.0~1494-e5a5]:main():lattice-best-path.cc:99) For utterance M6031020321_0025, best cost 73.9711 + -166.7 = -92.7292 over 81 frames.
M6031020321_0025 แสดง วิดีโอ อันดับ สอง ของ ฉัน 
LOG (lattice-best-path[5.5.0~1494-e5a5]:main():lattice-best-path.cc:99) For utterance M6031020321_0029, best cost 61.4007 + -133.731 = -72.3299 over 63 frames.
M6031020321_0029 เล่น ต่อ จาก วิดีโอ เดิม 
LOG (lattice-best-path[5.5.0~1494-e5a5]:main():lattice-best-path.cc:99) For utterance M6031020321_0030, best cost 34.3019 + -69.9547 = -35.6527 over 36 frames.
M6031020321_0030 เปิด โปรแกรม 
LOG (lattice-best-path[5.5.0~1494-e5a5]:main():lattice-best-path.cc:99) For utterance M6031020321_0033, best cost 35.749 + -64.128 = -28.379 over 37 frames.
M6031020321_0033 เล่น วิดีโอ 
LOG (lattice-best-path[5.5.0~1494-e5a5]:main():lattice-best-path.cc:99) For utterance M6031020321_0040, best cost 41.0278 + -98.2297 = -57.2019 over 44 frames.
M6031020321_0040 เล่น ตอน ที่แล้ว 
LOG (lattice-best-path[5.5.0~1494-e5a5]:main():lattice-best-path.cc:99) For utterance M6031020321_0054, best cost 67.4027 + -164.415 = -97.0121 over 81 frames.
M6031020321_0054 ลด ความเร็ว วีดีโอ ศูนย์ จุด ห้า 
LOG (lattice-best-path[5.5.0~1494-e5a5]:main():lattice-best-path.cc:99) For utterance M6031020321_0058, best cost 58.4533 + -141.014 = -82.5612 over 73 frames.
M6031020321_0058 ย้อน วีดีโอ ไป สิบ วินาที 
LOG (lattice-best-path[5.5.0~1494-e5a5]:main():lattice-best-path.cc:99) For utterance M6031020321_0060, best cost 65.4633 + -147.046 = -81.5828 over 81 frames.
M6031020321_0060 ย้อน วีดีโอ ไป สาม สิบ วินาที 
LOG (lattice-best-path[5.5.0~1494-e5a5]:main():lattice-best-path.cc:99) For utterance M6031020321_0062, best cost 60.3299 + -136.727 = -76.3976 over 70 frames.
M6031020321_0062 เลื่อน วีดีโอ ไป ห้า วินาที 
LOG (lattice-best-path[5.5.0~1494-e5a5]:main():lattice-best-path.cc:99) For utterance M6031020321_0065, best cost 69.7424 + -166.325 = -96.5822 over 82 frames.
M6031020321_0065 เลื่อน วีดีโอ ไป สาม สิบ วินาที 
LOG (lattice-best-path[5.5.0~1494-e5a5]:main():lattice-best-path.cc:99) For utterance M6031020321_0068, best cost 56.4527 + -97.5409 = -41.0882 over 57 frames.
M6031020321_0068 เล่น วีดิโอ กลาง ตอน 
LOG (lattice-best-path[5.5.0~1494-e5a5]:main():lattice-best-path.cc:99) For utterance M6031020321_0070, best cost 77.4886 + -166.435 = -88.9469 over 86 frames.
M6031020321_0070 เล่น วีดิโอ ที่ สาม ใน สี่ ของ ตอน 
LOG (lattice-best-path[5.5.0~1494-e5a5]:main():lattice-best-path.cc:99) For utterance M6031020321_0071, best cost 28.5878 + -58.6216 = -30.0338 over 28 frames.
M6031020321_0071 ปิด เสียง 
LOG (lattice-best-path[5.5.0~1494-e5a5]:main():lattice-best-path.cc:99) For utterance M6031020321_0073, best cost 64.4307 + -144.709 = -80.2784 over 69 frames.
M6031020321_0073 ตั้งค่า เสียง ยี่ สิบ ห้า เปอร์เซนต์ 
LOG (lattice-best-path[5.5.0~1494-e5a5]:main():lattice-best-path.cc:99) For utterance M6031020321_0076, best cost 54.058 + -110.475 = -56.4168 over 58 frames.
M6031020321_0076 ตั้งค่า เสียง ร้อย เปอร์เซนต์ 
LOG (lattice-best-path[5.5.0~1494-e5a5]:main():lattice-best-path.cc:99) For utterance M6031020321_0077, best cost 28.4618 + -62.5989 = -34.1371 over 28 frames.
M6031020321_0077 เพิ่ม เสียง 
LOG (lattice-best-path[5.5.0~1494-e5a5]:main():lattice-best-path.cc:99) For utterance M6031020321_0082, best cost 43.8367 + -98.812 = -54.9753 over 47 frames.
M6031020321_0082 ตั้ง เป็น รายการ โปรด 
LOG (lattice-best-path[5.5.0~1494-e5a5]:main():lattice-best-path.cc:99) For utterance M6031020321_0083, best cost 54.9078 + -124.376 = -69.4686 over 57 frames.
M6031020321_0083 เอา ออก จาก รายการ โปรด 
LOG (lattice-best-path[5.5.0~1494-e5a5]:main():lattice-best-path.cc:99) For utterance M6031020321_0084, best cost 53.9191 + -106.528 = -52.6089 over 59 frames.
M6031020321_0084 ตั้ง เป็น วิดีโอ ทอป วัน 
LOG (lattice-best-path[5.5.0~1494-e5a5]:main():lattice-best-path.cc:99) For utterance M6031020321_0094, best cost 18.9341 + -37.2371 = -18.303 over 16 frames.
M6031020321_0094 แปด 
LOG (lattice-best-path[5.5.0~1494-e5a5]:main():lattice-best-path.cc:99) For utterance M6031020321_0095, best cost 24.4793 + -48.4072 = -23.9279 over 24 frames.
M6031020321_0095 เก้า 
LOG (lattice-best-path[5.5.0~1494-e5a5]:main():lattice-best-path.cc:99) For utterance M6031020321_0097, best cost 62.5364 + -122.042 = -59.5054 over 68 frames.
M6031020321_0097 ขอ ชื่อ ผู้ อัพโหลด วีดีโอ 
LOG (lattice-best-path[5.5.0~1494-e5a5]:main():lattice-best-path.cc:124) Overall cost per frame is -0.868991 = 0.92735 [graph] + -1.79634 [acoustic] over 8947 frames.
LOG (lattice-best-path[5.5.0~1494-e5a5]:main():lattice-best-path.cc:128) Done 135 lattices, failed for 0
# Accounting: time=0 threads=1
# Ended (code 0) at Thu Apr 30 14:48:01 UTC 2020, elapsed time 0 seconds
