# lattice-scale --inv-acoustic-scale=46 "ark:gunzip -c exp/chain/tdnn1r_sp_online/decode_dev/lat.*.gz|" ark:- | lattice-add-penalty --word-ins-penalty=1.0 ark:- ark:- | lattice-best-path --word-symbol-table=exp/chain/tree_a_sp/graph/words.txt ark:- ark,t:exp/chain/tdnn1r_sp_online/decode_dev/scoring/46.1.0.tra 
# Started at Thu Apr 30 14:48:06 UTC 2020
#
lattice-add-penalty --word-ins-penalty=1.0 ark:- ark:- 
lattice-best-path --word-symbol-table=exp/chain/tree_a_sp/graph/words.txt ark:- ark,t:exp/chain/tdnn1r_sp_online/decode_dev/scoring/46.1.0.tra 
lattice-scale --inv-acoustic-scale=46 'ark:gunzip -c exp/chain/tdnn1r_sp_online/decode_dev/lat.*.gz|' ark:- 
LOG (lattice-best-path[5.5.0~1494-e5a5]:main():lattice-best-path.cc:99) For utterance F6030177021_0001, best cost 54.4772 + -28.5817 = 25.8955 over 57 frames.
F6030177021_0001 โกวาจี ฉัน แตงไทย 
LOG (lattice-best-path[5.5.0~1494-e5a5]:main():lattice-best-path.cc:99) For utterance F6030177021_0003, best cost 40.7747 + -18.6986 = 22.0761 over 40 frames.
F6030177021_0003 โกวาจี ผม ตาล 
LOG (lattice-best-path[5.5.0~1494-e5a5]:main():lattice-best-path.cc:99) For utterance F6030177021_0006, best cost 40.5941 + -14.8557 = 25.7384 over 40 frames.
F6030177021_0006 ล็อกอิน นาม บี 
LOG (lattice-best-path[5.5.0~1494-e5a5]:main():lattice-best-path.cc:99) For utterance F6030177021_0007, best cost 42.6735 + -17.6776 = 24.9959 over 43 frames.
F6030177021_0007 ล็อกอิน นาม ตาล 
LOG (lattice-best-path[5.5.0~1494-e5a5]:main():lattice-best-path.cc:99) For utterance F6030177021_0008, best cost 48.9128 + -21.1612 = 27.7516 over 52 frames.
F6030177021_0008 ล็อกอิน นาม แตงไทย 
LOG (lattice-best-path[5.5.0~1494-e5a5]:main():lattice-best-path.cc:99) For utterance F6030177021_0010, best cost 28.446 + -10.7831 = 17.6629 over 29 frames.
F6030177021_0010 ล็อกเอาท์ 
LOG (lattice-best-path[5.5.0~1494-e5a5]:main():lattice-best-path.cc:99) For utterance F6030177021_0012, best cost 40.9384 + -17.0471 = 23.8912 over 42 frames.
F6030177021_0012 เข้า หน้า ค้นหา 
LOG (lattice-best-path[5.5.0~1494-e5a5]:main():lattice-best-path.cc:99) For utterance F6030177021_0016, best cost 49.2603 + -25.071 = 24.1893 over 48 frames.
F6030177021_0016 เปิด โหมด หมายเลข สาม 
LOG (lattice-best-path[5.5.0~1494-e5a5]:main():lattice-best-path.cc:99) For utterance F6030177021_0017, best cost 42.3577 + -15.6834 = 26.6743 over 40 frames.
F6030177021_0017 โหมด หมายเลข สี่ 
LOG (lattice-best-path[5.5.0~1494-e5a5]:main():lattice-best-path.cc:99) For utterance F6030177021_0019, best cost 48.4302 + -19.324 = 29.1061 over 53 frames.
F6030177021_0019 ย้อน วีดีโอ ไป หนึ่ง 
LOG (lattice-best-path[5.5.0~1494-e5a5]:main():lattice-best-path.cc:99) For utterance F6030177021_0032, best cost 32.1872 + -11.6652 = 20.522 over 29 frames.
F6030177021_0032 พอส วีดีโอ 
LOG (lattice-best-path[5.5.0~1494-e5a5]:main():lattice-best-path.cc:99) For utterance F6030177021_0038, best cost 24.3315 + -10.1065 = 14.225 over 21 frames.
F6030177021_0038 ปิด ลูป 
LOG (lattice-best-path[5.5.0~1494-e5a5]:main():lattice-best-path.cc:99) For utterance F6030177021_0047, best cost 57.2339 + -24.1926 = 33.0413 over 62 frames.
F6030177021_0047 เพิ่ม ความเร็ว วีดีโอ ศูนย์ จุด หนึ่ง 
LOG (lattice-best-path[5.5.0~1494-e5a5]:main():lattice-best-path.cc:99) For utterance F6030177021_0052, best cost 55.1535 + -18.133 = 37.0205 over 59 frames.
F6030177021_0052 ลด ความเร็ว วีดีโอ ศูนย์ จุด ห้า 
LOG (lattice-best-path[5.5.0~1494-e5a5]:main():lattice-best-path.cc:99) For utterance F6030177021_0054, best cost 58.6183 + -25.2563 = 33.3619 over 64 frames.
F6030177021_0054 เพิ่ม ความเร็ว วีดีโอ ศูนย์ จุด ห้า 
LOG (lattice-best-path[5.5.0~1494-e5a5]:main():lattice-best-path.cc:99) For utterance F6030177021_0055, best cost 40.1962 + -15.9906 = 24.2056 over 42 frames.
F6030177021_0055 เพิ่ม ความเร็ว วีดีโอ หนึ่ง 
LOG (lattice-best-path[5.5.0~1494-e5a5]:main():lattice-best-path.cc:99) For utterance F6030177021_0056, best cost 49.5399 + -19.5907 = 29.9492 over 56 frames.
F6030177021_0056 ย้อน วีดีโอ ไป ห้า วินาที 
LOG (lattice-best-path[5.5.0~1494-e5a5]:main():lattice-best-path.cc:99) For utterance F6030177021_0057, best cost 48.8467 + -22.7944 = 26.0523 over 55 frames.
F6030177021_0057 ย้อน วีดีโอ ไป ห้า วินาที 
LOG (lattice-best-path[5.5.0~1494-e5a5]:main():lattice-best-path.cc:99) For utterance F6030177021_0072, best cost 65.9844 + -33.7716 = 32.2128 over 69 frames.
F6030177021_0072 ตั้งค่า เสียง ศูนย์ เปอร์เซนต์ 
LOG (lattice-best-path[5.5.0~1494-e5a5]:main():lattice-best-path.cc:99) For utterance F6030177021_0076, best cost 50.5128 + -22.9721 = 27.5407 over 50 frames.
F6030177021_0076 ตั้งค่า เสียง ร้อย เปอร์เซนต์ 
LOG (lattice-best-path[5.5.0~1494-e5a5]:main():lattice-best-path.cc:99) For utterance F6030177021_0078, best cost 24.9861 + -10.1174 = 14.8688 over 24 frames.
F6030177021_0078 ตั้งค่า เสียง 
LOG (lattice-best-path[5.5.0~1494-e5a5]:main():lattice-best-path.cc:99) For utterance F6030177021_0079, best cost 60.844 + -28.4807 = 32.3633 over 68 frames.
F6030177021_0079 ปรับ คุณภาพ วิดีโอ ระดับ ต่ำ 
LOG (lattice-best-path[5.5.0~1494-e5a5]:main():lattice-best-path.cc:99) For utterance F6030177021_0083, best cost 60.8736 + -26.5459 = 34.3276 over 62 frames.
F6030177021_0083 เอา ออก จาก รายการ โปรด 
LOG (lattice-best-path[5.5.0~1494-e5a5]:main():lattice-best-path.cc:99) For utterance F6030177021_0085, best cost 61.2721 + -29.5307 = 31.7414 over 66 frames.
F6030177021_0085 ตั้ง เป็น วิดีโอ ทอป ทู 
LOG (lattice-best-path[5.5.0~1494-e5a5]:main():lattice-best-path.cc:99) For utterance F6030177021_0090, best cost 15.9498 + -7.51916 = 8.43065 over 11 frames.
F6030177021_0090 สี่ 
LOG (lattice-best-path[5.5.0~1494-e5a5]:main():lattice-best-path.cc:99) For utterance F6030177021_0092, best cost 11.1657 + -2.81953 = 8.34619 over 6 frames.
F6030177021_0092 เพิ่ม 
LOG (lattice-best-path[5.5.0~1494-e5a5]:main():lattice-best-path.cc:99) For utterance F6030177021_0093, best cost 15.6807 + -5.92547 = 9.75524 over 9 frames.
F6030177021_0093 เจ็ด 
LOG (lattice-best-path[5.5.0~1494-e5a5]:main():lattice-best-path.cc:99) For utterance F6030177021_0100, best cost 54.6619 + -20.9624 = 33.6996 over 56 frames.
F6030177021_0100 วิดีโอ ชื่อ อะไร 
LOG (lattice-best-path[5.5.0~1494-e5a5]:main():lattice-best-path.cc:99) For utterance F6030177021_0101, best cost 39.824 + -17.9378 = 21.8862 over 38 frames.
F6030177021_0101 ขอ ชื่อ วิดีโอ 
LOG (lattice-best-path[5.5.0~1494-e5a5]:main():lattice-best-path.cc:99) For utterance M6031018121_0001, best cost 89.8277 + -48.1185 = 41.7092 over 108 frames.
M6031018121_0001 โกวาจี ฉัน แตงไทย 
LOG (lattice-best-path[5.5.0~1494-e5a5]:main():lattice-best-path.cc:99) For utterance M6031018121_0002, best cost 80.2851 + -38.0313 = 42.2538 over 97 frames.
M6031018121_0002 โกวาจี ผม บี 
LOG (lattice-best-path[5.5.0~1494-e5a5]:main():lattice-best-path.cc:99) For utterance M6031018121_0004, best cost 87.8128 + -37.0716 = 50.7412 over 100 frames.
M6031018121_0004 โกวาจี ผม กลาง 
LOG (lattice-best-path[5.5.0~1494-e5a5]:main():lattice-best-path.cc:99) For utterance M6031018121_0005, best cost 81.8994 + -35.0202 = 46.8792 over 83 frames.
M6031018121_0005 ตั้ง เป็น ผ่าน การ จำ เสียง 
LOG (lattice-best-path[5.5.0~1494-e5a5]:main():lattice-best-path.cc:99) For utterance M6031018121_0008, best cost 74.8185 + -35.8999 = 38.9186 over 82 frames.
M6031018121_0008 แสดง นาม แตงไทย 
LOG (lattice-best-path[5.5.0~1494-e5a5]:main():lattice-best-path.cc:99) For utterance M6031018121_0014, best cost 73.8429 + -36.4394 = 37.4035 over 73 frames.
M6031018121_0014 เซ็ต เปิด โหมด หมายเลข หนึ่ง 
LOG (lattice-best-path[5.5.0~1494-e5a5]:main():lattice-best-path.cc:99) For utterance M6031018121_0015, best cost 78.693 + -38.2185 = 40.4745 over 80 frames.
M6031018121_0015 เซ็ต เปิด โหมด หมายเลข สอง 
LOG (lattice-best-path[5.5.0~1494-e5a5]:main():lattice-best-path.cc:99) For utterance M6031018121_0016, best cost 75.2282 + -37.6329 = 37.5953 over 75 frames.
M6031018121_0016 เซ็ต เปิด โหมด หมายเลข สาม 
LOG (lattice-best-path[5.5.0~1494-e5a5]:main():lattice-best-path.cc:99) For utterance M6031018121_0017, best cost 75.2292 + -31.401 = 43.8282 over 75 frames.
M6031018121_0017 เซ็ต เปิด โหมด หมายเลข สี่ 
LOG (lattice-best-path[5.5.0~1494-e5a5]:main():lattice-best-path.cc:99) For utterance M6031018121_0022, best cost 76.5825 + -32.6493 = 43.9332 over 76 frames.
M6031018121_0022 เซ็ต เลือก วิดีโอ หมายเลข สี่ 
LOG (lattice-best-path[5.5.0~1494-e5a5]:main():lattice-best-path.cc:99) For utterance M6031018121_0027, best cost 64.9942 + -30.4367 = 34.5575 over 78 frames.
M6031018121_0027 เล่น วีดิโอ ที่ แสดง 
LOG (lattice-best-path[5.5.0~1494-e5a5]:main():lattice-best-path.cc:99) For utterance M6031018121_0029, best cost 82.0761 + -33.7158 = 48.3602 over 88 frames.
M6031018121_0029 เล่น ต่อ จาก วีดีโอ หนึ่ง 
LOG (lattice-best-path[5.5.0~1494-e5a5]:main():lattice-best-path.cc:99) For utterance M6031018121_0030, best cost 57.8041 + -23.1262 = 34.6779 over 58 frames.
M6031018121_0030 เซ็ต เปิด โปรแกรม 
LOG (lattice-best-path[5.5.0~1494-e5a5]:main():lattice-best-path.cc:99) For utterance M6031018121_0034, best cost 59.1886 + -21.4029 = 37.7857 over 64 frames.
M6031018121_0034 หยุด วีดีโอ หนึ่ง 
LOG (lattice-best-path[5.5.0~1494-e5a5]:main():lattice-best-path.cc:99) For utterance M6031018121_0037, best cost 52.9511 + -17.8211 = 35.13 over 51 frames.
M6031018121_0037 เซ็ต เปิด ลูป 
LOG (lattice-best-path[5.5.0~1494-e5a5]:main():lattice-best-path.cc:99) For utterance M6031018121_0038, best cost 46.1236 + -15.2296 = 30.8941 over 48 frames.
M6031018121_0038 สิ โกวาจี 
LOG (lattice-best-path[5.5.0~1494-e5a5]:main():lattice-best-path.cc:99) For utterance M6031018121_0039, best cost 60.5496 + -32.614 = 27.9356 over 70 frames.
M6031018121_0039 เล่น ตอน ต่อไป 
LOG (lattice-best-path[5.5.0~1494-e5a5]:main():lattice-best-path.cc:99) For utterance M6031018121_0040, best cost 60.5496 + -31.9844 = 28.5652 over 70 frames.
M6031018121_0040 เล่น ตอน ที่แล้ว 
LOG (lattice-best-path[5.5.0~1494-e5a5]:main():lattice-best-path.cc:99) For utterance M6031018121_0043, best cost 84.263 + -45.9651 = 38.2979 over 100 frames.
M6031018121_0043 เซ็ต ความเร็ว วีดีโอ สอง เท่า 
LOG (lattice-best-path[5.5.0~1494-e5a5]:main():lattice-best-path.cc:99) For utterance M6031018121_0045, best cost 99.171 + -56.7298 = 42.4413 over 119 frames.
M6031018121_0045 เซ็ต ความเร็ว วีดีโอ ศูนย์ จุด ห้า เท่า 
LOG (lattice-best-path[5.5.0~1494-e5a5]:main():lattice-best-path.cc:99) For utterance M6031018121_0046, best cost 78.733 + -42.0234 = 36.7096 over 94 frames.
M6031018121_0046 เพิ่ม ความเร็ว วีดีโอ สอง เท่า 
LOG (lattice-best-path[5.5.0~1494-e5a5]:main():lattice-best-path.cc:99) For utterance M6031018121_0050, best cost 69.3083 + -35.4033 = 33.905 over 84 frames.
M6031018121_0050 เพิ่ม ความเร็ว วีดีโอ หนึ่ง 
LOG (lattice-best-path[5.5.0~1494-e5a5]:main():lattice-best-path.cc:99) For utterance M6031018121_0056, best cost 80.4485 + -41.8607 = 38.5878 over 100 frames.
M6031018121_0056 ย้อน วีดีโอ ไป หนึ่ง นาที 
LOG (lattice-best-path[5.5.0~1494-e5a5]:main():lattice-best-path.cc:99) For utterance M6031018121_0057, best cost 81.4237 + -43.2275 = 38.1962 over 102 frames.
M6031018121_0057 ย้อน วีดีโอ ไป ห้า วินาที 
LOG (lattice-best-path[5.5.0~1494-e5a5]:main():lattice-best-path.cc:99) For utterance M6031018121_0060, best cost 87.8714 + -47.5257 = 40.3457 over 109 frames.
M6031018121_0060 ย้อน วีดีโอ ไป สาม สิบ วินาที 
LOG (lattice-best-path[5.5.0~1494-e5a5]:main():lattice-best-path.cc:99) For utterance M6031018121_0063, best cost 90.5284 + -44.0548 = 46.4736 over 101 frames.
M6031018121_0063 เซ็ต เลื่อน วีดีโอ ไป สิบ วินาที 
LOG (lattice-best-path[5.5.0~1494-e5a5]:main():lattice-best-path.cc:99) For utterance M6031018121_0064, best cost 97.9573 + -49.3825 = 48.5749 over 109 frames.
M6031018121_0064 เซ็ต เลื่อน วีดีโอ ไป สิบ ห้า วินาที 
LOG (lattice-best-path[5.5.0~1494-e5a5]:main():lattice-best-path.cc:99) For utterance M6031018121_0065, best cost 100.811 + -51.916 = 48.895 over 113 frames.
M6031018121_0065 เซ็ต เลื่อน วีดีโอ ไป สาม สิบ วินาที 
LOG (lattice-best-path[5.5.0~1494-e5a5]:main():lattice-best-path.cc:99) For utterance M6031018121_0066, best cost 89.2282 + -41.8116 = 47.4166 over 98 frames.
M6031018121_0066 เซ็ต เลื่อน วีดีโอ ไป หนึ่ง นาที 
LOG (lattice-best-path[5.5.0~1494-e5a5]:main():lattice-best-path.cc:99) For utterance M6031018121_0070, best cost 113.5 + -51.1306 = 62.3693 over 120 frames.
M6031018121_0070 เซ็ต เล่น วีดิโอ ที่ สาม ใน สี่ ของ ตอน 
LOG (lattice-best-path[5.5.0~1494-e5a5]:main():lattice-best-path.cc:99) For utterance M6031018121_0071, best cost 47.5878 + -15.5519 = 32.036 over 51 frames.
M6031018121_0071 สี่ ของ ตอน 
LOG (lattice-best-path[5.5.0~1494-e5a5]:main():lattice-best-path.cc:99) For utterance M6031018121_0074, best cost 94.0028 + -41.8776 = 52.1252 over 102 frames.
M6031018121_0074 ตั้งค่า เสียง ห้า สิบ เปอร์เซนต์ 
LOG (lattice-best-path[5.5.0~1494-e5a5]:main():lattice-best-path.cc:99) For utterance M6031018121_0078, best cost 51.9711 + -18.1355 = 33.8356 over 49 frames.
M6031018121_0078 เซ็ต ลด เสียง 
LOG (lattice-best-path[5.5.0~1494-e5a5]:main():lattice-best-path.cc:99) For utterance M6031018121_0083, best cost 76.1228 + -38.0924 = 38.0304 over 84 frames.
M6031018121_0083 เอา ออก จาก รายการ โปรด 
LOG (lattice-best-path[5.5.0~1494-e5a5]:main():lattice-best-path.cc:99) For utterance M6031018121_0087, best cost 30.9936 + -9.99525 = 20.9983 over 35 frames.
M6031018121_0087 แสดง 
LOG (lattice-best-path[5.5.0~1494-e5a5]:main():lattice-best-path.cc:99) For utterance M6031018121_0088, best cost 37.5458 + -15.2472 = 22.2986 over 42 frames.
M6031018121_0088 สอง 
LOG (lattice-best-path[5.5.0~1494-e5a5]:main():lattice-best-path.cc:99) For utterance M6031018121_0091, best cost 36.1595 + -12.9221 = 23.2374 over 40 frames.
M6031018121_0091 สาม 
LOG (lattice-best-path[5.5.0~1494-e5a5]:main():lattice-best-path.cc:99) For utterance M6031018121_0092, best cost 27.5278 + -8.38329 = 19.1445 over 30 frames.
M6031018121_0092 แสดง 
LOG (lattice-best-path[5.5.0~1494-e5a5]:main():lattice-best-path.cc:99) For utterance M6031018121_0093, best cost 35.8456 + -11.355 = 24.4906 over 42 frames.
M6031018121_0093 แสดง 
LOG (lattice-best-path[5.5.0~1494-e5a5]:main():lattice-best-path.cc:99) For utterance M6031018121_0100, best cost 63.4979 + -29.4936 = 34.0044 over 65 frames.
M6031018121_0100 แสดง วิดีโอ ชื่อ อะไร 
LOG (lattice-best-path[5.5.0~1494-e5a5]:main():lattice-best-path.cc:99) For utterance M6031019821_0000, best cost 35.4886 + -20.9946 = 14.494 over 40 frames.
M6031019821_0000 โกวาจี 
LOG (lattice-best-path[5.5.0~1494-e5a5]:main():lattice-best-path.cc:99) For utterance M6031019821_0003, best cost 77.5115 + -37.3814 = 40.1301 over 93 frames.
M6031019821_0003 โกวาจี ผม ตาล 
LOG (lattice-best-path[5.5.0~1494-e5a5]:main():lattice-best-path.cc:99) For utterance M6031019821_0004, best cost 67.6586 + -27.7142 = 39.9444 over 81 frames.
M6031019821_0004 โกวาจี ผม 
LOG (lattice-best-path[5.5.0~1494-e5a5]:main():lattice-best-path.cc:99) For utterance M6031019821_0008, best cost 83.277 + -34.6684 = 48.6086 over 89 frames.
M6031019821_0008 กลาง ล็อกอิน นาม แตงไทย 
LOG (lattice-best-path[5.5.0~1494-e5a5]:main():lattice-best-path.cc:99) For utterance M6031019821_0015, best cost 53.7307 + -17.661 = 36.0697 over 59 frames.
M6031019821_0015 ศูนย์ จุด สอง 
LOG (lattice-best-path[5.5.0~1494-e5a5]:main():lattice-best-path.cc:99) For utterance M6031019821_0016, best cost 58.9644 + -25.4453 = 33.5191 over 62 frames.
M6031019821_0016 เปิด โหมด หมายเลข สาม 
LOG (lattice-best-path[5.5.0~1494-e5a5]:main():lattice-best-path.cc:99) For utterance M6031019821_0017, best cost 54.2425 + -18.7254 = 35.5171 over 54 frames.
M6031019821_0017 แสดง โหมด หมายเลข สี่ 
LOG (lattice-best-path[5.5.0~1494-e5a5]:main():lattice-best-path.cc:99) For utterance M6031019821_0019, best cost 70.3442 + -23.5592 = 46.785 over 67 frames.
M6031019821_0019 เซ็ต เลือก วิดีโอ หมายเลข หนึ่ง 
LOG (lattice-best-path[5.5.0~1494-e5a5]:main():lattice-best-path.cc:99) For utterance M6031019821_0021, best cost 58.9091 + -23.9282 = 34.981 over 60 frames.
M6031019821_0021 เลือก วิดีโอ หมายเลข สาม 
LOG (lattice-best-path[5.5.0~1494-e5a5]:main():lattice-best-path.cc:99) For utterance M6031019821_0025, best cost 64.4945 + -26.2451 = 38.2494 over 63 frames.
M6031019821_0025 แสดง วิดีโอ อันดับ สอง ของ ฉัน 
LOG (lattice-best-path[5.5.0~1494-e5a5]:main():lattice-best-path.cc:99) For utterance M6031019821_0026, best cost 80.0794 + -32.9421 = 47.1374 over 86 frames.
M6031019821_0026 แสดง วิดีโอ อันดับ สาม ของ ฉัน 
LOG (lattice-best-path[5.5.0~1494-e5a5]:main():lattice-best-path.cc:99) For utterance M6031019821_0029, best cost 60.435 + -22.656 = 37.779 over 58 frames.
M6031019821_0029 เล่น ต่อ จาก วิดีโอ เดิม 
LOG (lattice-scale[5.5.0~1494-e5a5]:main():lattice-scale.cc:107) Done 135 lattices.
LOG (lattice-best-path[5.5.0~1494-e5a5]:main():lattice-best-path.cc:99) For utterance M6031019821_0033, best cost 58.0339 + -18.9302 = 39.1037 over 66 frames.
M6031019821_0033 ตั้ง เป็น วิดีโอ 
LOG (lattice-best-path[5.5.0~1494-e5a5]:main():lattice-best-path.cc:99) For utterance M6031019821_0034, best cost 48.8227 + -15.1602 = 33.6625 over 53 frames.
M6031019821_0034 หยุด วีดีโอ 
LOG (lattice-best-path[5.5.0~1494-e5a5]:main():lattice-best-path.cc:99) For utterance M6031019821_0035, best cost 53.9343 + -17.7758 = 36.1585 over 52 frames.
M6031019821_0035 ขยาย หน้าจอ สอง 
LOG (lattice-best-path[5.5.0~1494-e5a5]:main():lattice-best-path.cc:99) For utterance M6031019821_0036, best cost 59.3342 + -18.3482 = 40.986 over 54 frames.
M6031019821_0036 เซ็ต ย้อน สอง 
LOG (lattice-best-path[5.5.0~1494-e5a5]:main():lattice-best-path.cc:99) For utterance M6031019821_0042, best cost 81.8424 + -36.905 = 44.9374 over 94 frames.
M6031019821_0042 เซ็ต ความเร็ว วีดีโอ ศูนย์ จุด ห้า เท่า 
LOG (lattice-best-path[5.5.0~1494-e5a5]:main():lattice-best-path.cc:99) For utterance M6031019821_0044, best cost 138.435 + -60.0159 = 78.4194 over 153 frames.
M6031019821_0044 กลาง เซ็ต ความเร็ว วีดีโอ ศูนย์ จุด เจ็ด ห้า เท่า 
LOG (lattice-best-path[5.5.0~1494-e5a5]:main():lattice-best-path.cc:99) For utterance M6031019821_0045, best cost 79.0698 + -37.1707 = 41.899 over 90 frames.
M6031019821_0045 เซ็ต ความเร็ว วีดีโอ ศูนย์ จุด ห้า เท่า 
LOG (lattice-best-path[5.5.0~1494-e5a5]:main():lattice-best-path.cc:99) For utterance M6031019821_0046, best cost 66.2544 + -26.7435 = 39.5109 over 76 frames.
M6031019821_0046 เพิ่ม ความเร็ว วีดีโอ สอง เท่า 
LOG (lattice-best-path[5.5.0~1494-e5a5]:main():lattice-best-path.cc:99) For utterance M6031019821_0047, best cost 100.055 + -45.215 = 54.84 over 109 frames.
M6031019821_0047 กลาง เพิ่ม ความเร็ว วีดีโอ ศูนย์ จุด หนึ่ง 
LOG (lattice-best-path[5.5.0~1494-e5a5]:main():lattice-best-path.cc:99) For utterance M6031019821_0050, best cost 74.0083 + -30.4908 = 43.5175 over 76 frames.
M6031019821_0050 กลาง เพิ่ม ความเร็ว วีดีโอ หนึ่ง 
LOG (lattice-best-path[5.5.0~1494-e5a5]:main():lattice-best-path.cc:99) For utterance M6031019821_0062, best cost 72.5117 + -29.8457 = 42.666 over 74 frames.
M6031019821_0062 ตั้ง เลื่อน วีดีโอ ไป ห้า วินาที 
LOG (lattice-best-path[5.5.0~1494-e5a5]:main():lattice-best-path.cc:99) For utterance M6031019821_0067, best cost 92.9035 + -38.0782 = 54.8254 over 91 frames.
M6031019821_0067 กลาง เล่น วีดิโอ ที่ เวลา ศูนย์ นาที 
LOG (lattice-best-path[5.5.0~1494-e5a5]:main():lattice-best-path.cc:99) For utterance M6031019821_0069, best cost 96.385 + -36.2528 = 60.1321 over 91 frames.
M6031019821_0069 กลาง เล่น วีดิโอ ที่ หนึ่ง ใน สี่ ของ ตอน 
LOG (lattice-best-path[5.5.0~1494-e5a5]:main():lattice-best-path.cc:99) For utterance M6031019821_0072, best cost 80.7313 + -33.6653 = 47.066 over 79 frames.
M6031019821_0072 กลาง ตั้งค่า เสียง ร้อย เปอร์เซนต์ 
LOG (lattice-add-penalty[5.5.0~1494-e5a5]:main():lattice-add-penalty.cc:62) Done adding word insertion penalty to 135 lattices.
LOG (lattice-best-path[5.5.0~1494-e5a5]:main():lattice-best-path.cc:99) For utterance M6031019821_0081, best cost 100.511 + -34.5035 = 66.0077 over 104 frames.
M6031019821_0081 กลาง ปรับ คุณภาพ วิดีโอ ระดับ สี่ 
LOG (lattice-best-path[5.5.0~1494-e5a5]:main():lattice-best-path.cc:99) For utterance M6031019821_0083, best cost 77.5091 + -37.339 = 40.1701 over 86 frames.
M6031019821_0083 เอา ออก จาก รายการ โปรด 
LOG (lattice-best-path[5.5.0~1494-e5a5]:main():lattice-best-path.cc:99) For utterance M6031019821_0087, best cost 78.2416 + -34.342 = 43.8997 over 90 frames.
M6031019821_0087 กลาง หนึ่ง 
LOG (lattice-best-path[5.5.0~1494-e5a5]:main():lattice-best-path.cc:99) For utterance M6031019821_0093, best cost 57.3043 + -21.6794 = 35.6249 over 57 frames.
M6031019821_0093 กลาง เจ็ด 
LOG (lattice-best-path[5.5.0~1494-e5a5]:main():lattice-best-path.cc:99) For utterance M6031019821_0096, best cost 121.927 + -59.3848 = 62.5424 over 136 frames.
M6031019821_0096 กลาง แนะนำ หนัง หน่อย สิ โกวาจี 
LOG (lattice-best-path[5.5.0~1494-e5a5]:main():lattice-best-path.cc:99) For utterance M6031019821_0098, best cost 76.2605 + -32.177 = 44.0835 over 84 frames.
M6031019821_0098 แสดง วิดีโอ ความยาว เท่าไหร่ 
LOG (lattice-best-path[5.5.0~1494-e5a5]:main():lattice-best-path.cc:99) For utterance M6031019821_0100, best cost 91.2028 + -45.6905 = 45.5122 over 103 frames.
M6031019821_0100 ลด วิดีโอ ชื่อ อะไร 
LOG (lattice-best-path[5.5.0~1494-e5a5]:main():lattice-best-path.cc:99) For utterance M6031020321_0007, best cost 52.3776 + -22.7471 = 29.6305 over 57 frames.
M6031020321_0007 ล็อกอิน นาม ตาล 
LOG (lattice-best-path[5.5.0~1494-e5a5]:main():lattice-best-path.cc:99) For utterance M6031020321_0008, best cost 53.0717 + -23.9503 = 29.1214 over 58 frames.
M6031020321_0008 ล็อกอิน นาม แตงไทย 
LOG (lattice-best-path[5.5.0~1494-e5a5]:main():lattice-best-path.cc:99) For utterance M6031020321_0009, best cost 53.0707 + -22.9352 = 30.1355 over 58 frames.
M6031020321_0009 ล็อกอิน นาม ฟร้องซ์ 
LOG (lattice-best-path[5.5.0~1494-e5a5]:main():lattice-best-path.cc:99) For utterance M6031020321_0013, best cost 49.6933 + -23.6311 = 26.0622 over 51 frames.
M6031020321_0013 แสดง โหมด ค้นหา 
LOG (lattice-best-path[5.5.0~1494-e5a5]:main():lattice-best-path.cc:99) For utterance M6031020321_0014, best cost 49.2613 + -23.8602 = 25.4011 over 48 frames.
M6031020321_0014 เปิด โหมด หมายเลข หนึ่ง 
LOG (lattice-best-path[5.5.0~1494-e5a5]:main():lattice-best-path.cc:99) For utterance M6031020321_0016, best cost 52.0329 + -27.7213 = 24.3116 over 52 frames.
M6031020321_0016 เปิด โหมด หมายเลข สาม 
LOG (lattice-best-path[5.5.0~1494-e5a5]:main():lattice-best-path.cc:99) For utterance M6031020321_0018, best cost 47.875 + -22.8652 = 25.0098 over 46 frames.
M6031020321_0018 เปิด โหมด หมายเลข ห้า 
LOG (lattice-best-path[5.5.0~1494-e5a5]:main():lattice-best-path.cc:99) For utterance M6031020321_0020, best cost 56.8297 + -28.5977 = 28.232 over 57 frames.
M6031020321_0020 เลือก วิดีโอ หมายเลข สอง 
LOG (lattice-best-path[5.5.0~1494-e5a5]:main():lattice-best-path.cc:99) For utterance M6031020321_0022, best cost 56.1375 + -27.5143 = 28.6232 over 56 frames.
M6031020321_0022 เลือก วิดีโอ หมายเลข สี่ 
LOG (lattice-best-path[5.5.0~1494-e5a5]:main():lattice-best-path.cc:99) For utterance M6031020321_0023, best cost 56.8307 + -25.9911 = 30.8396 over 57 frames.
M6031020321_0023 เลือก วิดีโอ หมายเลข ห้า 
LOG (lattice-best-path[5.5.0~1494-e5a5]:main():lattice-best-path.cc:99) For utterance M6031020321_0024, best cost 73.8403 + -35.4926 = 38.3478 over 76 frames.
M6031020321_0024 แสดง วิดีโอ อันดับ หนึ่ง ของ ฉัน 
LOG (lattice-best-path[5.5.0~1494-e5a5]:main():lattice-best-path.cc:99) For utterance M6031020321_0025, best cost 76.9711 + -39.8631 = 37.108 over 81 frames.
M6031020321_0025 แสดง วิดีโอ อันดับ สอง ของ ฉัน 
LOG (lattice-best-path[5.5.0~1494-e5a5]:main():lattice-best-path.cc:99) For utterance M6031020321_0029, best cost 63.9007 + -31.979 = 31.9216 over 63 frames.
M6031020321_0029 เล่น ต่อ จาก วิดีโอ เดิม 
LOG (lattice-best-path[5.5.0~1494-e5a5]:main():lattice-best-path.cc:99) For utterance M6031020321_0030, best cost 35.3019 + -16.7283 = 18.5736 over 36 frames.
M6031020321_0030 เปิด โปรแกรม 
LOG (lattice-best-path[5.5.0~1494-e5a5]:main():lattice-best-path.cc:99) For utterance M6031020321_0033, best cost 35.0869 + -14.2877 = 20.7992 over 37 frames.
M6031020321_0033 เล่น วีดีโอ 
LOG (lattice-best-path[5.5.0~1494-e5a5]:main():lattice-best-path.cc:99) For utterance M6031020321_0040, best cost 42.5278 + -23.4897 = 19.0381 over 44 frames.
M6031020321_0040 เล่น ตอน ที่แล้ว 
LOG (lattice-best-path[5.5.0~1494-e5a5]:main():lattice-best-path.cc:99) For utterance M6031020321_0054, best cost 70.4027 + -39.3166 = 31.0862 over 81 frames.
M6031020321_0054 ลด ความเร็ว วีดีโอ ศูนย์ จุด ห้า 
LOG (lattice-best-path[5.5.0~1494-e5a5]:main():lattice-best-path.cc:99) For utterance M6031020321_0058, best cost 60.9533 + -33.7208 = 27.2324 over 73 frames.
M6031020321_0058 ย้อน วีดีโอ ไป สิบ วินาที 
LOG (lattice-best-path[5.5.0~1494-e5a5]:main():lattice-best-path.cc:99) For utterance M6031020321_0060, best cost 68.4633 + -35.1632 = 33.3001 over 81 frames.
M6031020321_0060 ย้อน วีดีโอ ไป สาม สิบ วินาที 
LOG (lattice-best-path[5.5.0~1494-e5a5]:main():lattice-best-path.cc:99) For utterance M6031020321_0062, best cost 62.8299 + -32.6957 = 30.1342 over 70 frames.
M6031020321_0062 เลื่อน วีดีโอ ไป ห้า วินาที 
LOG (lattice-best-path[5.5.0~1494-e5a5]:main():lattice-best-path.cc:99) For utterance M6031020321_0065, best cost 72.7424 + -39.7733 = 32.9691 over 82 frames.
M6031020321_0065 เลื่อน วีดีโอ ไป สาม สิบ วินาที 
LOG (lattice-best-path[5.5.0~1494-e5a5]:main():lattice-best-path.cc:99) For utterance M6031020321_0068, best cost 55.1412 + -22.1746 = 32.9666 over 57 frames.
M6031020321_0068 เล่น วีดิโอ ที่ กลาง ตอน 
LOG (lattice-best-path[5.5.0~1494-e5a5]:main():lattice-best-path.cc:99) For utterance M6031020321_0070, best cost 81.4886 + -39.7998 = 41.6888 over 86 frames.
M6031020321_0070 เล่น วีดิโอ ที่ สาม ใน สี่ ของ ตอน 
LOG (lattice-best-path[5.5.0~1494-e5a5]:main():lattice-best-path.cc:99) For utterance M6031020321_0071, best cost 27.7587 + -12.5468 = 15.2119 over 28 frames.
M6031020321_0071 ตั้งค่า เสียง 
LOG (lattice-best-path[5.5.0~1494-e5a5]:main():lattice-best-path.cc:99) For utterance M6031020321_0073, best cost 67.4307 + -34.6043 = 32.8263 over 69 frames.
M6031020321_0073 ตั้งค่า เสียง ยี่ สิบ ห้า เปอร์เซนต์ 
LOG (lattice-best-path[5.5.0~1494-e5a5]:main():lattice-best-path.cc:99) For utterance M6031020321_0076, best cost 56.058 + -26.4179 = 29.6401 over 58 frames.
M6031020321_0076 ตั้งค่า เสียง ร้อย เปอร์เซนต์ 
LOG (lattice-best-path[5.5.0~1494-e5a5]:main():lattice-best-path.cc:99) For utterance M6031020321_0077, best cost 29.4618 + -14.9693 = 14.4925 over 28 frames.
M6031020321_0077 เพิ่ม เสียง 
LOG (lattice-best-path[5.5.0~1494-e5a5]:main():lattice-best-path.cc:99) For utterance M6031020321_0082, best cost 45.8367 + -23.629 = 22.2077 over 47 frames.
M6031020321_0082 ตั้ง เป็น รายการ โปรด 
LOG (lattice-best-path[5.5.0~1494-e5a5]:main():lattice-best-path.cc:99) For utterance M6031020321_0083, best cost 57.4078 + -29.7422 = 27.6656 over 57 frames.
M6031020321_0083 เอา ออก จาก รายการ โปรด 
LOG (lattice-best-path[5.5.0~1494-e5a5]:main():lattice-best-path.cc:99) For utterance M6031020321_0084, best cost 56.4191 + -25.4741 = 30.945 over 59 frames.
M6031020321_0084 ตั้ง เป็น วิดีโอ ทอป วัน 
LOG (lattice-best-path[5.5.0~1494-e5a5]:main():lattice-best-path.cc:99) For utterance M6031020321_0094, best cost 19.4341 + -8.90452 = 10.5296 over 16 frames.
M6031020321_0094 แปด 
LOG (lattice-best-path[5.5.0~1494-e5a5]:main():lattice-best-path.cc:99) For utterance M6031020321_0095, best cost 24.9793 + -11.5756 = 13.4036 over 24 frames.
M6031020321_0095 เก้า 
LOG (lattice-best-path[5.5.0~1494-e5a5]:main():lattice-best-path.cc:99) For utterance M6031020321_0097, best cost 65.0364 + -29.1839 = 35.8525 over 68 frames.
M6031020321_0097 ขอ ชื่อ ผู้ อัพโหลด วีดีโอ 
LOG (lattice-best-path[5.5.0~1494-e5a5]:main():lattice-best-path.cc:124) Overall cost per frame is 0.514103 = 0.934922 [graph] + -0.42082 [acoustic] over 8947 frames.
LOG (lattice-best-path[5.5.0~1494-e5a5]:main():lattice-best-path.cc:128) Done 135 lattices, failed for 0
# Accounting: time=0 threads=1
# Ended (code 0) at Thu Apr 30 14:48:06 UTC 2020, elapsed time 0 seconds
