# lattice-scale --inv-acoustic-scale=50 "ark:gunzip -c exp/chain/tdnn1r_sp_online/decode_dev/lat.*.gz|" ark:- | lattice-add-penalty --word-ins-penalty=0.0 ark:- ark:- | lattice-best-path --word-symbol-table=exp/chain/tree_a_sp/graph/words.txt ark:- ark,t:exp/chain/tdnn1r_sp_online/decode_dev/scoring/50.0.0.tra 
# Started at Thu Apr 30 14:47:59 UTC 2020
#
lattice-best-path --word-symbol-table=exp/chain/tree_a_sp/graph/words.txt ark:- ark,t:exp/chain/tdnn1r_sp_online/decode_dev/scoring/50.0.0.tra 
lattice-scale --inv-acoustic-scale=50 'ark:gunzip -c exp/chain/tdnn1r_sp_online/decode_dev/lat.*.gz|' ark:- 
lattice-add-penalty --word-ins-penalty=0.0 ark:- ark:- 
LOG (lattice-best-path[5.5.0~1494-e5a5]:main():lattice-best-path.cc:99) For utterance F6030177021_0001, best cost 51.4772 + -26.2951 = 25.182 over 57 frames.
F6030177021_0001 โกวาจี ฉัน แตงไทย 
LOG (lattice-best-path[5.5.0~1494-e5a5]:main():lattice-best-path.cc:99) For utterance F6030177021_0003, best cost 37.7747 + -17.2027 = 20.572 over 40 frames.
F6030177021_0003 โกวาจี ผม ตาล 
LOG (lattice-best-path[5.5.0~1494-e5a5]:main():lattice-best-path.cc:99) For utterance F6030177021_0006, best cost 37.5941 + -13.6672 = 23.9268 over 40 frames.
F6030177021_0006 ล็อกอิน นาม บี 
LOG (lattice-best-path[5.5.0~1494-e5a5]:main():lattice-best-path.cc:99) For utterance F6030177021_0007, best cost 39.6735 + -16.2634 = 23.4101 over 43 frames.
F6030177021_0007 ล็อกอิน นาม ตาล 
LOG (lattice-best-path[5.5.0~1494-e5a5]:main():lattice-best-path.cc:99) For utterance F6030177021_0008, best cost 45.9128 + -19.4683 = 26.4445 over 52 frames.
F6030177021_0008 ล็อกอิน นาม แตงไทย 
LOG (lattice-best-path[5.5.0~1494-e5a5]:main():lattice-best-path.cc:99) For utterance F6030177021_0010, best cost 27.446 + -9.92048 = 17.5255 over 29 frames.
F6030177021_0010 ล็อกเอาท์ 
LOG (lattice-best-path[5.5.0~1494-e5a5]:main():lattice-best-path.cc:99) For utterance F6030177021_0012, best cost 37.9384 + -15.6833 = 22.255 over 42 frames.
F6030177021_0012 เข้า หน้า ค้นหา 
LOG (lattice-best-path[5.5.0~1494-e5a5]:main():lattice-best-path.cc:99) For utterance F6030177021_0016, best cost 45.2603 + -23.0654 = 22.195 over 48 frames.
F6030177021_0016 เปิด โหมด หมายเลข สาม 
LOG (lattice-best-path[5.5.0~1494-e5a5]:main():lattice-best-path.cc:99) For utterance F6030177021_0017, best cost 39.7161 + -14.8495 = 24.8666 over 40 frames.
F6030177021_0017 เปิด โหมด หมายเลข สี่ 
LOG (lattice-best-path[5.5.0~1494-e5a5]:main():lattice-best-path.cc:99) For utterance F6030177021_0019, best cost 42.8696 + -16.7614 = 26.1082 over 53 frames.
F6030177021_0019 ย้อน วีดีโอ ไป หนึ่ง นาที 
LOG (lattice-best-path[5.5.0~1494-e5a5]:main():lattice-best-path.cc:99) For utterance F6030177021_0032, best cost 30.1872 + -10.732 = 19.4552 over 29 frames.
F6030177021_0032 พอส วีดีโอ 
LOG (lattice-best-path[5.5.0~1494-e5a5]:main():lattice-best-path.cc:99) For utterance F6030177021_0038, best cost 22.3315 + -9.29794 = 13.0335 over 21 frames.
F6030177021_0038 ปิด ลูป 
LOG (lattice-best-path[5.5.0~1494-e5a5]:main():lattice-best-path.cc:99) For utterance F6030177021_0047, best cost 51.2339 + -22.2572 = 28.9767 over 62 frames.
F6030177021_0047 เพิ่ม ความเร็ว วีดีโอ ศูนย์ จุด หนึ่ง 
LOG (lattice-best-path[5.5.0~1494-e5a5]:main():lattice-best-path.cc:99) For utterance F6030177021_0052, best cost 49.1535 + -16.6823 = 32.4711 over 59 frames.
F6030177021_0052 ลด ความเร็ว วีดีโอ ศูนย์ จุด ห้า 
LOG (lattice-best-path[5.5.0~1494-e5a5]:main():lattice-best-path.cc:99) For utterance F6030177021_0054, best cost 52.6183 + -23.2358 = 29.3825 over 64 frames.
F6030177021_0054 เพิ่ม ความเร็ว วีดีโอ ศูนย์ จุด ห้า 
LOG (lattice-best-path[5.5.0~1494-e5a5]:main():lattice-best-path.cc:99) For utterance F6030177021_0055, best cost 36.1962 + -14.7113 = 21.4848 over 42 frames.
F6030177021_0055 เพิ่ม ความเร็ว วีดีโอ หนึ่ง 
LOG (lattice-best-path[5.5.0~1494-e5a5]:main():lattice-best-path.cc:99) For utterance F6030177021_0056, best cost 44.5399 + -18.0235 = 26.5164 over 56 frames.
F6030177021_0056 ย้อน วีดีโอ ไป ห้า วินาที 
LOG (lattice-best-path[5.5.0~1494-e5a5]:main():lattice-best-path.cc:99) For utterance F6030177021_0057, best cost 43.8467 + -20.9708 = 22.8759 over 55 frames.
F6030177021_0057 ย้อน วีดีโอ ไป ห้า วินาที 
LOG (lattice-best-path[5.5.0~1494-e5a5]:main():lattice-best-path.cc:99) For utterance F6030177021_0072, best cost 61.9844 + -31.0699 = 30.9145 over 69 frames.
F6030177021_0072 ตั้งค่า เสียง ศูนย์ เปอร์เซนต์ 
LOG (lattice-best-path[5.5.0~1494-e5a5]:main():lattice-best-path.cc:99) For utterance F6030177021_0076, best cost 46.5128 + -21.1344 = 25.3785 over 50 frames.
F6030177021_0076 ตั้งค่า เสียง ร้อย เปอร์เซนต์ 
LOG (lattice-best-path[5.5.0~1494-e5a5]:main():lattice-best-path.cc:99) For utterance F6030177021_0078, best cost 22.9861 + -9.30797 = 13.6781 over 24 frames.
F6030177021_0078 ตั้งค่า เสียง 
LOG (lattice-best-path[5.5.0~1494-e5a5]:main():lattice-best-path.cc:99) For utterance F6030177021_0079, best cost 55.844 + -26.2022 = 29.6418 over 68 frames.
F6030177021_0079 ปรับ คุณภาพ วิดีโอ ระดับ ต่ำ 
LOG (lattice-best-path[5.5.0~1494-e5a5]:main():lattice-best-path.cc:99) For utterance F6030177021_0083, best cost 55.8736 + -24.4223 = 31.4513 over 62 frames.
F6030177021_0083 เอา ออก จาก รายการ โปรด 
LOG (lattice-best-path[5.5.0~1494-e5a5]:main():lattice-best-path.cc:99) For utterance F6030177021_0085, best cost 56.2721 + -27.1683 = 29.1039 over 66 frames.
F6030177021_0085 ตั้ง เป็น วิดีโอ ทอป ทู 
LOG (lattice-best-path[5.5.0~1494-e5a5]:main():lattice-best-path.cc:99) For utterance F6030177021_0090, best cost 14.9498 + -6.91763 = 8.03219 over 11 frames.
F6030177021_0090 สี่ 
LOG (lattice-best-path[5.5.0~1494-e5a5]:main():lattice-best-path.cc:99) For utterance F6030177021_0092, best cost 10.1657 + -2.59397 = 7.57175 over 6 frames.
F6030177021_0092 เพิ่ม 
LOG (lattice-best-path[5.5.0~1494-e5a5]:main():lattice-best-path.cc:99) For utterance F6030177021_0093, best cost 13.7559 + -4.5525 = 9.20341 over 9 frames.
F6030177021_0093 เซ็ต 
LOG (lattice-best-path[5.5.0~1494-e5a5]:main():lattice-best-path.cc:99) For utterance F6030177021_0100, best cost 51.6619 + -19.2854 = 32.3766 over 56 frames.
F6030177021_0100 วิดีโอ ชื่อ อะไร 
LOG (lattice-best-path[5.5.0~1494-e5a5]:main():lattice-best-path.cc:99) For utterance F6030177021_0101, best cost 36.824 + -16.5028 = 20.3212 over 38 frames.
F6030177021_0101 ขอ ชื่อ วิดีโอ 
LOG (lattice-best-path[5.5.0~1494-e5a5]:main():lattice-best-path.cc:99) For utterance M6031018121_0001, best cost 86.8277 + -44.269 = 42.5587 over 108 frames.
M6031018121_0001 โกวาจี ฉัน แตงไทย 
LOG (lattice-best-path[5.5.0~1494-e5a5]:main():lattice-best-path.cc:99) For utterance M6031018121_0002, best cost 77.2851 + -34.9888 = 42.2963 over 97 frames.
M6031018121_0002 โกวาจี ผม บี 
LOG (lattice-best-path[5.5.0~1494-e5a5]:main():lattice-best-path.cc:99) For utterance M6031018121_0004, best cost 84.8128 + -34.1059 = 50.7069 over 100 frames.
M6031018121_0004 โกวาจี ผม กลาง 
LOG (lattice-best-path[5.5.0~1494-e5a5]:main():lattice-best-path.cc:99) For utterance M6031018121_0005, best cost 75.8994 + -32.2186 = 43.6808 over 83 frames.
M6031018121_0005 ตั้ง เป็น ผ่าน การ จำ เสียง 
LOG (lattice-best-path[5.5.0~1494-e5a5]:main():lattice-best-path.cc:99) For utterance M6031018121_0008, best cost 72.0812 + -33.7504 = 38.3308 over 82 frames.
M6031018121_0008 ตั้ง เป็น นาม แตงไทย 
LOG (lattice-best-path[5.5.0~1494-e5a5]:main():lattice-best-path.cc:99) For utterance M6031018121_0014, best cost 68.8429 + -33.5242 = 35.3187 over 73 frames.
M6031018121_0014 เซ็ต เปิด โหมด หมายเลข หนึ่ง 
LOG (lattice-best-path[5.5.0~1494-e5a5]:main():lattice-best-path.cc:99) For utterance M6031018121_0015, best cost 73.693 + -35.161 = 38.532 over 80 frames.
M6031018121_0015 เซ็ต เปิด โหมด หมายเลข สอง 
LOG (lattice-best-path[5.5.0~1494-e5a5]:main():lattice-best-path.cc:99) For utterance M6031018121_0016, best cost 70.2282 + -34.6223 = 35.606 over 75 frames.
M6031018121_0016 เซ็ต เปิด โหมด หมายเลข สาม 
LOG (lattice-best-path[5.5.0~1494-e5a5]:main():lattice-best-path.cc:99) For utterance M6031018121_0017, best cost 70.2292 + -28.8889 = 41.3403 over 75 frames.
M6031018121_0017 เซ็ต เปิด โหมด หมายเลข สี่ 
LOG (lattice-best-path[5.5.0~1494-e5a5]:main():lattice-best-path.cc:99) For utterance M6031018121_0022, best cost 71.5825 + -30.0374 = 41.5452 over 76 frames.
M6031018121_0022 เซ็ต เลือก วิดีโอ หมายเลข สี่ 
LOG (lattice-best-path[5.5.0~1494-e5a5]:main():lattice-best-path.cc:99) For utterance M6031018121_0027, best cost 60.9942 + -28.0017 = 32.9925 over 78 frames.
M6031018121_0027 เล่น วีดิโอ ที่ แสดง 
LOG (lattice-best-path[5.5.0~1494-e5a5]:main():lattice-best-path.cc:99) For utterance M6031018121_0029, best cost 77.0761 + -31.0186 = 46.0575 over 88 frames.
M6031018121_0029 เล่น ต่อ จาก วีดีโอ หนึ่ง 
LOG (lattice-best-path[5.5.0~1494-e5a5]:main():lattice-best-path.cc:99) For utterance M6031018121_0030, best cost 54.8041 + -21.2761 = 33.528 over 58 frames.
M6031018121_0030 เซ็ต เปิด โปรแกรม 
LOG (lattice-best-path[5.5.0~1494-e5a5]:main():lattice-best-path.cc:99) For utterance M6031018121_0034, best cost 56.1886 + -19.6906 = 36.4979 over 64 frames.
M6031018121_0034 หยุด วีดีโอ หนึ่ง 
LOG (lattice-best-path[5.5.0~1494-e5a5]:main():lattice-best-path.cc:99) For utterance M6031018121_0037, best cost 49.9511 + -16.3954 = 33.5556 over 51 frames.
M6031018121_0037 เซ็ต เปิด ลูป 
LOG (lattice-best-path[5.5.0~1494-e5a5]:main():lattice-best-path.cc:99) For utterance M6031018121_0038, best cost 44.1236 + -14.0112 = 30.1124 over 48 frames.
M6031018121_0038 สิ โกวาจี 
LOG (lattice-best-path[5.5.0~1494-e5a5]:main():lattice-best-path.cc:99) For utterance M6031018121_0039, best cost 57.5496 + -30.0048 = 27.5448 over 70 frames.
M6031018121_0039 เล่น ตอน ต่อไป 
LOG (lattice-best-path[5.5.0~1494-e5a5]:main():lattice-best-path.cc:99) For utterance M6031018121_0040, best cost 57.5496 + -29.4256 = 28.124 over 70 frames.
M6031018121_0040 เล่น ตอน ที่แล้ว 
LOG (lattice-best-path[5.5.0~1494-e5a5]:main():lattice-best-path.cc:99) For utterance M6031018121_0043, best cost 79.263 + -42.2879 = 36.9751 over 100 frames.
M6031018121_0043 เซ็ต ความเร็ว วีดีโอ สอง เท่า 
LOG (lattice-best-path[5.5.0~1494-e5a5]:main():lattice-best-path.cc:99) For utterance M6031018121_0045, best cost 92.171 + -52.1914 = 39.9796 over 119 frames.
M6031018121_0045 เซ็ต ความเร็ว วีดีโอ ศูนย์ จุด ห้า เท่า 
LOG (lattice-best-path[5.5.0~1494-e5a5]:main():lattice-best-path.cc:99) For utterance M6031018121_0046, best cost 73.733 + -38.6615 = 35.0715 over 94 frames.
M6031018121_0046 เพิ่ม ความเร็ว วีดีโอ สอง เท่า 
LOG (lattice-best-path[5.5.0~1494-e5a5]:main():lattice-best-path.cc:99) For utterance M6031018121_0050, best cost 65.3083 + -32.5711 = 32.7373 over 84 frames.
M6031018121_0050 เพิ่ม ความเร็ว วีดีโอ หนึ่ง 
LOG (lattice-best-path[5.5.0~1494-e5a5]:main():lattice-best-path.cc:99) For utterance M6031018121_0056, best cost 74.6673 + -37.7592 = 36.908 over 100 frames.
M6031018121_0056 ย้อน วีดีโอ ไป สิบ วินาที 
LOG (lattice-best-path[5.5.0~1494-e5a5]:main():lattice-best-path.cc:99) For utterance M6031018121_0057, best cost 76.4237 + -39.7693 = 36.6544 over 102 frames.
M6031018121_0057 ย้อน วีดีโอ ไป ห้า วินาที 
LOG (lattice-best-path[5.5.0~1494-e5a5]:main():lattice-best-path.cc:99) For utterance M6031018121_0060, best cost 81.8714 + -43.7236 = 38.1478 over 109 frames.
M6031018121_0060 ย้อน วีดีโอ ไป สาม สิบ วินาที 
LOG (lattice-best-path[5.5.0~1494-e5a5]:main():lattice-best-path.cc:99) For utterance M6031018121_0063, best cost 84.5284 + -40.5304 = 43.9979 over 101 frames.
M6031018121_0063 เซ็ต เลื่อน วีดีโอ ไป สิบ วินาที 
LOG (lattice-best-path[5.5.0~1494-e5a5]:main():lattice-best-path.cc:99) For utterance M6031018121_0064, best cost 90.9573 + -45.4319 = 45.5255 over 109 frames.
M6031018121_0064 เซ็ต เลื่อน วีดีโอ ไป สิบ ห้า วินาที 
LOG (lattice-best-path[5.5.0~1494-e5a5]:main():lattice-best-path.cc:99) For utterance M6031018121_0065, best cost 93.811 + -47.7627 = 46.0482 over 113 frames.
M6031018121_0065 เซ็ต เลื่อน วีดีโอ ไป สาม สิบ วินาที 
LOG (lattice-best-path[5.5.0~1494-e5a5]:main():lattice-best-path.cc:99) For utterance M6031018121_0066, best cost 83.2282 + -38.4667 = 44.7616 over 98 frames.
M6031018121_0066 เซ็ต เลื่อน วีดีโอ ไป หนึ่ง นาที 
LOG (lattice-best-path[5.5.0~1494-e5a5]:main():lattice-best-path.cc:99) For utterance M6031018121_0070, best cost 104.5 + -47.0402 = 57.4598 over 120 frames.
M6031018121_0070 เซ็ต เล่น วีดิโอ ที่ สาม ใน สี่ ของ ตอน 
LOG (lattice-best-path[5.5.0~1494-e5a5]:main():lattice-best-path.cc:99) For utterance M6031018121_0071, best cost 44.5878 + -14.3077 = 30.2801 over 51 frames.
M6031018121_0071 สี่ ของ ตอน 
LOG (lattice-best-path[5.5.0~1494-e5a5]:main():lattice-best-path.cc:99) For utterance M6031018121_0074, best cost 89.0028 + -38.5274 = 50.4754 over 102 frames.
M6031018121_0074 ตั้งค่า เสียง ห้า สิบ เปอร์เซนต์ 
LOG (lattice-best-path[5.5.0~1494-e5a5]:main():lattice-best-path.cc:99) For utterance M6031018121_0078, best cost 48.9711 + -16.6846 = 32.2864 over 49 frames.
M6031018121_0078 เซ็ต ลด เสียง 
LOG (lattice-best-path[5.5.0~1494-e5a5]:main():lattice-best-path.cc:99) For utterance M6031018121_0083, best cost 71.1228 + -35.045 = 36.0778 over 84 frames.
M6031018121_0083 เอา ออก จาก รายการ โปรด 
LOG (lattice-best-path[5.5.0~1494-e5a5]:main():lattice-best-path.cc:99) For utterance M6031018121_0087, best cost 29.9936 + -9.19563 = 20.7979 over 35 frames.
M6031018121_0087 แสดง 
LOG (lattice-best-path[5.5.0~1494-e5a5]:main():lattice-best-path.cc:99) For utterance M6031018121_0088, best cost 36.5458 + -14.0274 = 22.5184 over 42 frames.
M6031018121_0088 สอง 
LOG (lattice-best-path[5.5.0~1494-e5a5]:main():lattice-best-path.cc:99) For utterance M6031018121_0091, best cost 35.1595 + -11.8883 = 23.2712 over 40 frames.
M6031018121_0091 สาม 
LOG (lattice-best-path[5.5.0~1494-e5a5]:main():lattice-best-path.cc:99) For utterance M6031018121_0092, best cost 26.5278 + -7.71263 = 18.8152 over 30 frames.
M6031018121_0092 แสดง 
LOG (lattice-best-path[5.5.0~1494-e5a5]:main():lattice-best-path.cc:99) For utterance M6031018121_0093, best cost 34.8456 + -10.4466 = 24.399 over 42 frames.
M6031018121_0093 แสดง 
LOG (lattice-best-path[5.5.0~1494-e5a5]:main():lattice-best-path.cc:99) For utterance M6031018121_0100, best cost 59.4979 + -27.1341 = 32.3639 over 65 frames.
M6031018121_0100 แสดง วิดีโอ ชื่อ อะไร 
LOG (lattice-best-path[5.5.0~1494-e5a5]:main():lattice-best-path.cc:99) For utterance M6031019821_0000, best cost 34.4886 + -19.3151 = 15.1735 over 40 frames.
M6031019821_0000 โกวาจี 
LOG (lattice-best-path[5.5.0~1494-e5a5]:main():lattice-best-path.cc:99) For utterance M6031019821_0003, best cost 74.5115 + -34.3909 = 40.1206 over 93 frames.
M6031019821_0003 โกวาจี ผม ตาล 
LOG (lattice-best-path[5.5.0~1494-e5a5]:main():lattice-best-path.cc:99) For utterance M6031019821_0004, best cost 66.1947 + -26.0437 = 40.151 over 81 frames.
M6031019821_0004 โกวาจี ผม ฟร้องซ์ 
LOG (lattice-best-path[5.5.0~1494-e5a5]:main():lattice-best-path.cc:99) For utterance M6031019821_0008, best cost 79.277 + -31.895 = 47.3821 over 89 frames.
M6031019821_0008 กลาง ล็อกอิน นาม แตงไทย 
LOG (lattice-best-path[5.5.0~1494-e5a5]:main():lattice-best-path.cc:99) For utterance M6031019821_0015, best cost 50.7307 + -16.2481 = 34.4825 over 59 frames.
M6031019821_0015 ศูนย์ จุด สอง 
LOG (lattice-best-path[5.5.0~1494-e5a5]:main():lattice-best-path.cc:99) For utterance M6031019821_0016, best cost 54.9644 + -23.4096 = 31.5547 over 62 frames.
M6031019821_0016 เปิด โหมด หมายเลข สาม 
LOG (lattice-best-path[5.5.0~1494-e5a5]:main():lattice-best-path.cc:99) For utterance M6031019821_0017, best cost 50.2425 + -17.2273 = 33.0151 over 54 frames.
M6031019821_0017 แสดง โหมด หมายเลข สี่ 
LOG (lattice-best-path[5.5.0~1494-e5a5]:main():lattice-best-path.cc:99) For utterance M6031019821_0019, best cost 65.3442 + -21.6744 = 43.6697 over 67 frames.
M6031019821_0019 เซ็ต เลือก วิดีโอ หมายเลข หนึ่ง 
LOG (lattice-best-path[5.5.0~1494-e5a5]:main():lattice-best-path.cc:99) For utterance M6031019821_0021, best cost 54.9091 + -22.0139 = 32.8952 over 60 frames.
M6031019821_0021 เลือก วิดีโอ หมายเลข สาม 
LOG (lattice-best-path[5.5.0~1494-e5a5]:main():lattice-best-path.cc:99) For utterance M6031019821_0025, best cost 58.4945 + -24.1455 = 34.349 over 63 frames.
M6031019821_0025 แสดง วิดีโอ อันดับ สอง ของ ฉัน 
LOG (lattice-best-path[5.5.0~1494-e5a5]:main():lattice-best-path.cc:99) For utterance M6031019821_0026, best cost 74.0794 + -30.3067 = 43.7727 over 86 frames.
M6031019821_0026 แสดง วิดีโอ อันดับ สาม ของ ฉัน 
LOG (lattice-best-path[5.5.0~1494-e5a5]:main():lattice-best-path.cc:99) For utterance M6031019821_0029, best cost 55.435 + -20.8435 = 34.5914 over 58 frames.
M6031019821_0029 เล่น ต่อ จาก วิดีโอ เดิม 
LOG (lattice-best-path[5.5.0~1494-e5a5]:main():lattice-best-path.cc:99) For utterance M6031019821_0033, best cost 55.0339 + -17.4158 = 37.6181 over 66 frames.
M6031019821_0033 ตั้ง เป็น วิดีโอ 
LOG (lattice-best-path[5.5.0~1494-e5a5]:main():lattice-best-path.cc:99) For utterance M6031019821_0034, best cost 46.8227 + -13.9474 = 32.8753 over 53 frames.
M6031019821_0034 หยุด วีดีโอ 
LOG (lattice-best-path[5.5.0~1494-e5a5]:main():lattice-best-path.cc:99) For utterance M6031019821_0035, best cost 50.9343 + -16.3538 = 34.5805 over 52 frames.
M6031019821_0035 ขยาย หน้าจอ สอง 
LOG (lattice-best-path[5.5.0~1494-e5a5]:main():lattice-best-path.cc:99) For utterance M6031019821_0036, best cost 56.3342 + -16.8804 = 39.4539 over 54 frames.
M6031019821_0036 เซ็ต ย้อน สอง 
LOG (lattice-best-path[5.5.0~1494-e5a5]:main():lattice-best-path.cc:99) For utterance M6031019821_0042, best cost 74.8424 + -33.9526 = 40.8898 over 94 frames.
M6031019821_0042 เซ็ต ความเร็ว วีดีโอ ศูนย์ จุด ห้า เท่า 
LOG (lattice-best-path[5.5.0~1494-e5a5]:main():lattice-best-path.cc:99) For utterance M6031019821_0044, best cost 129.435 + -55.2146 = 74.2206 over 153 frames.
M6031019821_0044 กลาง เซ็ต ความเร็ว วีดีโอ ศูนย์ จุด เจ็ด ห้า เท่า 
LOG (lattice-best-path[5.5.0~1494-e5a5]:main():lattice-best-path.cc:99) For utterance M6031019821_0045, best cost 72.0698 + -34.1971 = 37.8727 over 90 frames.
M6031019821_0045 เซ็ต ความเร็ว วีดีโอ ศูนย์ จุด ห้า เท่า 
LOG (lattice-best-path[5.5.0~1494-e5a5]:main():lattice-best-path.cc:99) For utterance M6031019821_0046, best cost 61.2544 + -24.604 = 36.6504 over 76 frames.
M6031019821_0046 เพิ่ม ความเร็ว วีดีโอ สอง เท่า 
LOG (lattice-best-path[5.5.0~1494-e5a5]:main():lattice-best-path.cc:99) For utterance M6031019821_0047, best cost 93.055 + -41.5978 = 51.4572 over 109 frames.
M6031019821_0047 กลาง เพิ่ม ความเร็ว วีดีโอ ศูนย์ จุด หนึ่ง 
LOG (lattice-best-path[5.5.0~1494-e5a5]:main():lattice-best-path.cc:99) For utterance M6031019821_0050, best cost 69.0083 + -28.0515 = 40.9567 over 76 frames.
M6031019821_0050 กลาง เพิ่ม ความเร็ว วีดีโอ หนึ่ง 
LOG (lattice-best-path[5.5.0~1494-e5a5]:main():lattice-best-path.cc:99) For utterance M6031019821_0062, best cost 66.5117 + -27.458 = 39.0536 over 74 frames.
M6031019821_0062 ตั้ง เลื่อน วีดีโอ ไป ห้า วินาที 
LOG (lattice-best-path[5.5.0~1494-e5a5]:main():lattice-best-path.cc:99) For utterance M6031019821_0067, best cost 85.9035 + -35.0319 = 50.8716 over 91 frames.
M6031019821_0067 กลาง เล่น วีดิโอ ที่ เวลา ศูนย์ นาที 
LOG (lattice-scale[5.5.0~1494-e5a5]:main():lattice-scale.cc:107) Done 135 lattices.
LOG (lattice-best-path[5.5.0~1494-e5a5]:main():lattice-best-path.cc:99) For utterance M6031019821_0069, best cost 87.385 + -33.3526 = 54.0324 over 91 frames.
M6031019821_0069 กลาง เล่น วีดิโอ ที่ หนึ่ง ใน สี่ ของ ตอน 
LOG (lattice-best-path[5.5.0~1494-e5a5]:main():lattice-best-path.cc:99) For utterance M6031019821_0072, best cost 75.7313 + -30.972 = 44.7593 over 79 frames.
M6031019821_0072 กลาง ตั้งค่า เสียง ร้อย เปอร์เซนต์ 
LOG (lattice-best-path[5.5.0~1494-e5a5]:main():lattice-best-path.cc:99) For utterance M6031019821_0081, best cost 94.5111 + -31.7432 = 62.7679 over 104 frames.
M6031019821_0081 กลาง ปรับ คุณภาพ วิดีโอ ระดับ สี่ 
LOG (lattice-best-path[5.5.0~1494-e5a5]:main():lattice-best-path.cc:99) For utterance M6031019821_0083, best cost 72.5091 + -34.3519 = 38.1572 over 86 frames.
M6031019821_0083 เอา ออก จาก รายการ โปรด 
LOG (lattice-best-path[5.5.0~1494-e5a5]:main():lattice-best-path.cc:99) For utterance M6031019821_0087, best cost 76.2416 + -31.5946 = 44.647 over 90 frames.
M6031019821_0087 กลาง หนึ่ง 
LOG (lattice-best-path[5.5.0~1494-e5a5]:main():lattice-best-path.cc:99) For utterance M6031019821_0093, best cost 55.3043 + -19.9451 = 35.3593 over 57 frames.
M6031019821_0093 กลาง เจ็ด 
LOG (lattice-best-path[5.5.0~1494-e5a5]:main():lattice-best-path.cc:99) For utterance M6031019821_0096, best cost 115.927 + -54.634 = 61.2932 over 136 frames.
M6031019821_0096 กลาง แนะนำ หนัง หน่อย สิ โกวาจี 
LOG (lattice-best-path[5.5.0~1494-e5a5]:main():lattice-best-path.cc:99) For utterance M6031019821_0098, best cost 72.2605 + -29.6029 = 42.6576 over 84 frames.
M6031019821_0098 แสดง วิดีโอ ความยาว เท่าไหร่ 
LOG (lattice-best-path[5.5.0~1494-e5a5]:main():lattice-best-path.cc:99) For utterance M6031019821_0100, best cost 87.2028 + -42.0353 = 45.1675 over 103 frames.
M6031019821_0100 ลด วิดีโอ ชื่อ อะไร 
LOG (lattice-best-path[5.5.0~1494-e5a5]:main():lattice-best-path.cc:99) For utterance M6031020321_0007, best cost 49.3776 + -20.9273 = 28.4502 over 57 frames.
M6031020321_0007 ล็อกอิน นาม ตาล 
LOG (lattice-best-path[5.5.0~1494-e5a5]:main():lattice-best-path.cc:99) For utterance M6031020321_0008, best cost 50.0717 + -22.0343 = 28.0374 over 58 frames.
M6031020321_0008 ล็อกอิน นาม แตงไทย 
LOG (lattice-best-path[5.5.0~1494-e5a5]:main():lattice-best-path.cc:99) For utterance M6031020321_0009, best cost 50.0707 + -21.1004 = 28.9703 over 58 frames.
M6031020321_0009 ล็อกอิน นาม ฟร้องซ์ 
LOG (lattice-best-path[5.5.0~1494-e5a5]:main():lattice-best-path.cc:99) For utterance M6031020321_0013, best cost 46.6933 + -21.7406 = 24.9527 over 51 frames.
M6031020321_0013 แสดง โหมด ค้นหา 
LOG (lattice-best-path[5.5.0~1494-e5a5]:main():lattice-best-path.cc:99) For utterance M6031020321_0014, best cost 45.2613 + -21.9514 = 23.3099 over 48 frames.
M6031020321_0014 เปิด โหมด หมายเลข หนึ่ง 
LOG (lattice-best-path[5.5.0~1494-e5a5]:main():lattice-best-path.cc:99) For utterance M6031020321_0016, best cost 48.0329 + -25.5036 = 22.5293 over 52 frames.
M6031020321_0016 เปิด โหมด หมายเลข สาม 
LOG (lattice-best-path[5.5.0~1494-e5a5]:main():lattice-best-path.cc:99) For utterance M6031020321_0018, best cost 43.875 + -21.036 = 22.839 over 46 frames.
M6031020321_0018 เปิด โหมด หมายเลข ห้า 
LOG (lattice-best-path[5.5.0~1494-e5a5]:main():lattice-best-path.cc:99) For utterance M6031020321_0020, best cost 52.8297 + -26.3099 = 26.5198 over 57 frames.
M6031020321_0020 เลือก วิดีโอ หมายเลข สอง 
LOG (lattice-best-path[5.5.0~1494-e5a5]:main():lattice-best-path.cc:99) For utterance M6031020321_0022, best cost 52.1375 + -25.3132 = 26.8243 over 56 frames.
M6031020321_0022 เลือก วิดีโอ หมายเลข สี่ 
LOG (lattice-best-path[5.5.0~1494-e5a5]:main():lattice-best-path.cc:99) For utterance M6031020321_0023, best cost 52.8307 + -23.9118 = 28.9189 over 57 frames.
M6031020321_0023 เลือก วิดีโอ หมายเลข ห้า 
LOG (lattice-best-path[5.5.0~1494-e5a5]:main():lattice-best-path.cc:99) For utterance M6031020321_0024, best cost 67.8403 + -32.6532 = 35.1872 over 76 frames.
M6031020321_0024 แสดง วิดีโอ อันดับ หนึ่ง ของ ฉัน 
LOG (lattice-best-path[5.5.0~1494-e5a5]:main():lattice-best-path.cc:99) For utterance M6031020321_0025, best cost 70.9711 + -36.6741 = 34.297 over 81 frames.
M6031020321_0025 แสดง วิดีโอ อันดับ สอง ของ ฉัน 
LOG (lattice-best-path[5.5.0~1494-e5a5]:main():lattice-best-path.cc:99) For utterance M6031020321_0029, best cost 58.9007 + -29.4207 = 29.48 over 63 frames.
M6031020321_0029 เล่น ต่อ จาก วิดีโอ เดิม 
LOG (lattice-best-path[5.5.0~1494-e5a5]:main():lattice-best-path.cc:99) For utterance M6031020321_0030, best cost 33.3019 + -15.39 = 17.9119 over 36 frames.
M6031020321_0030 เปิด โปรแกรม 
LOG (lattice-best-path[5.5.0~1494-e5a5]:main():lattice-best-path.cc:99) For utterance M6031020321_0033, best cost 33.0869 + -13.1446 = 19.9422 over 37 frames.
M6031020321_0033 เล่น วีดีโอ 
LOG (lattice-best-path[5.5.0~1494-e5a5]:main():lattice-best-path.cc:99) For utterance M6031020321_0040, best cost 39.5278 + -21.6105 = 17.9172 over 44 frames.
M6031020321_0040 เล่น ตอน ที่แล้ว 
LOG (lattice-best-path[5.5.0~1494-e5a5]:main():lattice-best-path.cc:99) For utterance M6031020321_0054, best cost 64.4027 + -36.1713 = 28.2315 over 81 frames.
M6031020321_0054 ลด ความเร็ว วีดีโอ ศูนย์ จุด ห้า 
LOG (lattice-best-path[5.5.0~1494-e5a5]:main():lattice-best-path.cc:99) For utterance M6031020321_0058, best cost 55.9533 + -31.0232 = 24.9301 over 73 frames.
M6031020321_0058 ย้อน วีดีโอ ไป สิบ วินาที 
LOG (lattice-best-path[5.5.0~1494-e5a5]:main():lattice-best-path.cc:99) For utterance M6031020321_0060, best cost 62.4633 + -32.3501 = 30.1132 over 81 frames.
M6031020321_0060 ย้อน วีดีโอ ไป สาม สิบ วินาที 
LOG (lattice-best-path[5.5.0~1494-e5a5]:main():lattice-best-path.cc:99) For utterance M6031020321_0062, best cost 57.8299 + -30.08 = 27.7498 over 70 frames.
M6031020321_0062 เลื่อน วีดีโอ ไป ห้า วินาที 
LOG (lattice-best-path[5.5.0~1494-e5a5]:main():lattice-best-path.cc:99) For utterance M6031020321_0065, best cost 66.7424 + -36.5914 = 30.151 over 82 frames.
M6031020321_0065 เลื่อน วีดีโอ ไป สาม สิบ วินาที 
LOG (lattice-best-path[5.5.0~1494-e5a5]:main():lattice-best-path.cc:99) For utterance M6031020321_0068, best cost 50.1412 + -20.4006 = 29.7406 over 57 frames.
M6031020321_0068 เล่น วีดิโอ ที่ กลาง ตอน 
LOG (lattice-best-path[5.5.0~1494-e5a5]:main():lattice-best-path.cc:99) For utterance M6031020321_0070, best cost 73.4886 + -36.6158 = 36.8728 over 86 frames.
M6031020321_0070 เล่น วีดิโอ ที่ สาม ใน สี่ ของ ตอน 
LOG (lattice-best-path[5.5.0~1494-e5a5]:main():lattice-best-path.cc:99) For utterance M6031020321_0071, best cost 25.7587 + -11.543 = 14.2157 over 28 frames.
M6031020321_0071 ตั้งค่า เสียง 
LOG (lattice-best-path[5.5.0~1494-e5a5]:main():lattice-best-path.cc:99) For utterance M6031020321_0073, best cost 61.4307 + -31.836 = 29.5947 over 69 frames.
M6031020321_0073 ตั้งค่า เสียง ยี่ สิบ ห้า เปอร์เซนต์ 
LOG (lattice-best-path[5.5.0~1494-e5a5]:main():lattice-best-path.cc:99) For utterance M6031020321_0076, best cost 52.058 + -24.3045 = 27.7535 over 58 frames.
M6031020321_0076 ตั้งค่า เสียง ร้อย เปอร์เซนต์ 
LOG (lattice-best-path[5.5.0~1494-e5a5]:main():lattice-best-path.cc:99) For utterance M6031020321_0077, best cost 27.4618 + -13.7718 = 13.6901 over 28 frames.
M6031020321_0077 เพิ่ม เสียง 
LOG (lattice-best-path[5.5.0~1494-e5a5]:main():lattice-best-path.cc:99) For utterance M6031020321_0082, best cost 41.8367 + -21.7386 = 20.0981 over 47 frames.
M6031020321_0082 ตั้ง เป็น รายการ โปรด 
LOG (lattice-best-path[5.5.0~1494-e5a5]:main():lattice-best-path.cc:99) For utterance M6031020321_0083, best cost 52.4078 + -27.3628 = 25.045 over 57 frames.
M6031020321_0083 เอา ออก จาก รายการ โปรด 
LOG (lattice-add-penalty[5.5.0~1494-e5a5]:main():lattice-add-penalty.cc:62) Done adding word insertion penalty to 135 lattices.
LOG (lattice-best-path[5.5.0~1494-e5a5]:main():lattice-best-path.cc:99) For utterance M6031020321_0084, best cost 51.4191 + -23.4362 = 27.983 over 59 frames.
M6031020321_0084 ตั้ง เป็น วิดีโอ ทอป วัน 
LOG (lattice-best-path[5.5.0~1494-e5a5]:main():lattice-best-path.cc:99) For utterance M6031020321_0094, best cost 18.4341 + -8.19216 = 10.2419 over 16 frames.
M6031020321_0094 แปด 
LOG (lattice-best-path[5.5.0~1494-e5a5]:main():lattice-best-path.cc:99) For utterance M6031020321_0095, best cost 23.9793 + -10.6496 = 13.3297 over 24 frames.
M6031020321_0095 เก้า 
LOG (lattice-best-path[5.5.0~1494-e5a5]:main():lattice-best-path.cc:99) For utterance M6031020321_0097, best cost 60.0364 + -26.8492 = 33.1872 over 68 frames.
M6031020321_0097 ขอ ชื่อ ผู้ อัพโหลด วีดีโอ 
LOG (lattice-best-path[5.5.0~1494-e5a5]:main():lattice-best-path.cc:124) Overall cost per frame is 0.485498 = 0.872543 [graph] + -0.387045 [acoustic] over 8947 frames.
LOG (lattice-best-path[5.5.0~1494-e5a5]:main():lattice-best-path.cc:128) Done 135 lattices, failed for 0
# Accounting: time=0 threads=1
# Ended (code 0) at Thu Apr 30 14:47:59 UTC 2020, elapsed time 0 seconds
