# online2-wav-nnet3-latgen-faster --do-endpointing=false --frames-per-chunk=20 --extra-left-context-initial=0 --online=true --frame-subsampling-factor=3 --config=exp/chain/tdnn1r_sp_online/conf/online.conf --min-active=200 --max-active=7000 --beam=15.0 --lattice-beam=6.0 --acoustic-scale=1.0 --word-symbol-table=exp/chain/tree_a_sp/graph/words.txt exp/chain/tdnn1r_sp_online/final.mdl exp/chain/tree_a_sp/graph/HCLG.fst ark:data/dev/split1/1/spk2utt "ark,s,cs:wav-copy scp,p:data/dev/split1/1/wav.scp ark:- |" "ark:|lattice-scale --acoustic-scale=10.0 ark:- ark:- | gzip -c >exp/chain/tdnn1r_sp_online/decode_dev/lat.1.gz" 
# Started at Thu Apr 30 14:47:53 UTC 2020
#
online2-wav-nnet3-latgen-faster --do-endpointing=false --frames-per-chunk=20 --extra-left-context-initial=0 --online=true --frame-subsampling-factor=3 --config=exp/chain/tdnn1r_sp_online/conf/online.conf --min-active=200 --max-active=7000 --beam=15.0 --lattice-beam=6.0 --acoustic-scale=1.0 --word-symbol-table=exp/chain/tree_a_sp/graph/words.txt exp/chain/tdnn1r_sp_online/final.mdl exp/chain/tree_a_sp/graph/HCLG.fst ark:data/dev/split1/1/spk2utt 'ark,s,cs:wav-copy scp,p:data/dev/split1/1/wav.scp ark:- |' 'ark:|lattice-scale --acoustic-scale=10.0 ark:- ark:- | gzip -c >exp/chain/tdnn1r_sp_online/decode_dev/lat.1.gz' 
LOG (online2-wav-nnet3-latgen-faster[5.5.0~1494-e5a5]:ComputeDerivedVars():ivector-extractor.cc:183) Computing derived variables for iVector extractor
LOG (online2-wav-nnet3-latgen-faster[5.5.0~1494-e5a5]:ComputeDerivedVars():ivector-extractor.cc:204) Done.
LOG (online2-wav-nnet3-latgen-faster[5.5.0~1494-e5a5]:RemoveOrphanNodes():nnet-nnet.cc:948) Removed 1 orphan nodes.
LOG (online2-wav-nnet3-latgen-faster[5.5.0~1494-e5a5]:RemoveOrphanComponents():nnet-nnet.cc:847) Removing 2 orphan components.
LOG (online2-wav-nnet3-latgen-faster[5.5.0~1494-e5a5]:Collapse():nnet-utils.cc:1472) Added 1 components, removed 2
LOG (online2-wav-nnet3-latgen-faster[5.5.0~1494-e5a5]:CompileLooped():nnet-compile-looped.cc:345) Spent 0.00900817 seconds in looped compilation.
wav-copy scp,p:data/dev/split1/1/wav.scp ark:- 
WARNING (wav-copy[5.5.0~1494-e5a5]:Read():wave-reader.cc:260) Expected 55514 bytes in RIFF chunk, but after first data block there will be 36 + 55356 bytes (we do not support reading multiple data chunks).
lattice-scale --acoustic-scale=10.0 ark:- ark:- 
WARNING (wav-copy[5.5.0~1494-e5a5]:Read():wave-reader.cc:260) Expected 38424 bytes in RIFF chunk, but after first data block there will be 36 + 38266 bytes (we do not support reading multiple data chunks).
WARNING (wav-copy[5.5.0~1494-e5a5]:Read():wave-reader.cc:260) Expected 38424 bytes in RIFF chunk, but after first data block there will be 36 + 38266 bytes (we do not support reading multiple data chunks).
F6030177021_0001 โกวาจี ฉัน แตงไทย 
LOG (online2-wav-nnet3-latgen-faster[5.5.0~1494-e5a5]:main():online2-wav-nnet3-latgen-faster.cc:296) Decoded utterance F6030177021_0001
WARNING (wav-copy[5.5.0~1494-e5a5]:Read():wave-reader.cc:260) Expected 41768 bytes in RIFF chunk, but after first data block there will be 36 + 41610 bytes (we do not support reading multiple data chunks).
F6030177021_0003 โกวาจี ผม ตาล 
LOG (online2-wav-nnet3-latgen-faster[5.5.0~1494-e5a5]:main():online2-wav-nnet3-latgen-faster.cc:296) Decoded utterance F6030177021_0003
WARNING (wav-copy[5.5.0~1494-e5a5]:Read():wave-reader.cc:260) Expected 50686 bytes in RIFF chunk, but after first data block there will be 36 + 50528 bytes (we do not support reading multiple data chunks).
F6030177021_0006 ล็อกอิน นาม บี 
LOG (online2-wav-nnet3-latgen-faster[5.5.0~1494-e5a5]:main():online2-wav-nnet3-latgen-faster.cc:296) Decoded utterance F6030177021_0006
WARNING (wav-copy[5.5.0~1494-e5a5]:Read():wave-reader.cc:260) Expected 28394 bytes in RIFF chunk, but after first data block there will be 36 + 28236 bytes (we do not support reading multiple data chunks).
F6030177021_0007 ล็อกอิน นาม สาม 
LOG (online2-wav-nnet3-latgen-faster[5.5.0~1494-e5a5]:main():online2-wav-nnet3-latgen-faster.cc:296) Decoded utterance F6030177021_0007
WARNING (wav-copy[5.5.0~1494-e5a5]:Read():wave-reader.cc:260) Expected 41024 bytes in RIFF chunk, but after first data block there will be 36 + 40866 bytes (we do not support reading multiple data chunks).
F6030177021_0008 ล็อกอิน นาม แตงไทย 
LOG (online2-wav-nnet3-latgen-faster[5.5.0~1494-e5a5]:main():online2-wav-nnet3-latgen-faster.cc:296) Decoded utterance F6030177021_0008
WARNING (wav-copy[5.5.0~1494-e5a5]:Read():wave-reader.cc:260) Expected 46970 bytes in RIFF chunk, but after first data block there will be 36 + 46812 bytes (we do not support reading multiple data chunks).
F6030177021_0010 ล็อกเอาท์ 
LOG (online2-wav-nnet3-latgen-faster[5.5.0~1494-e5a5]:main():online2-wav-nnet3-latgen-faster.cc:296) Decoded utterance F6030177021_0010
WARNING (wav-copy[5.5.0~1494-e5a5]:Read():wave-reader.cc:260) Expected 38796 bytes in RIFF chunk, but after first data block there will be 36 + 38638 bytes (we do not support reading multiple data chunks).
F6030177021_0012 เข้า หน้า ค้นหา 
LOG (online2-wav-nnet3-latgen-faster[5.5.0~1494-e5a5]:main():online2-wav-nnet3-latgen-faster.cc:296) Decoded utterance F6030177021_0012
WARNING (wav-copy[5.5.0~1494-e5a5]:Read():wave-reader.cc:260) Expected 51800 bytes in RIFF chunk, but after first data block there will be 36 + 51642 bytes (we do not support reading multiple data chunks).
F6030177021_0016 เปิด โหมด หมายเลข สาม 
LOG (online2-wav-nnet3-latgen-faster[5.5.0~1494-e5a5]:main():online2-wav-nnet3-latgen-faster.cc:296) Decoded utterance F6030177021_0016
WARNING (wav-copy[5.5.0~1494-e5a5]:Read():wave-reader.cc:260) Expected 28764 bytes in RIFF chunk, but after first data block there will be 36 + 28606 bytes (we do not support reading multiple data chunks).
F6030177021_0017 เพิ่ม โหมด หมายเลข สี่ 
LOG (online2-wav-nnet3-latgen-faster[5.5.0~1494-e5a5]:main():online2-wav-nnet3-latgen-faster.cc:296) Decoded utterance F6030177021_0017
WARNING (wav-copy[5.5.0~1494-e5a5]:Read():wave-reader.cc:260) Expected 20220 bytes in RIFF chunk, but after first data block there will be 36 + 20062 bytes (we do not support reading multiple data chunks).
WARNING (wav-copy[5.5.0~1494-e5a5]:Read():wave-reader.cc:260) Expected 60426 bytes in RIFF chunk, but after first data block there will be 36 + 60268 bytes (we do not support reading multiple data chunks).
F6030177021_0019 ย้อน วีดีโอ ไป หนึ่ง หนึ่ง 
LOG (online2-wav-nnet3-latgen-faster[5.5.0~1494-e5a5]:main():online2-wav-nnet3-latgen-faster.cc:296) Decoded utterance F6030177021_0019
F6030177021_0032 พอส วีดีโอ 
LOG (online2-wav-nnet3-latgen-faster[5.5.0~1494-e5a5]:main():online2-wav-nnet3-latgen-faster.cc:296) Decoded utterance F6030177021_0032
WARNING (wav-copy[5.5.0~1494-e5a5]:Read():wave-reader.cc:260) Expected 56902 bytes in RIFF chunk, but after first data block there will be 36 + 56744 bytes (we do not support reading multiple data chunks).
F6030177021_0038 ปิด ลูป 
LOG (online2-wav-nnet3-latgen-faster[5.5.0~1494-e5a5]:main():online2-wav-nnet3-latgen-faster.cc:296) Decoded utterance F6030177021_0038
WARNING (wav-copy[5.5.0~1494-e5a5]:Read():wave-reader.cc:260) Expected 61924 bytes in RIFF chunk, but after first data block there will be 36 + 61766 bytes (we do not support reading multiple data chunks).
F6030177021_0047 เพิ่ม ความเร็ว วีดีโอ ศูนย์ จุด หนึ่ง 
LOG (online2-wav-nnet3-latgen-faster[5.5.0~1494-e5a5]:main():online2-wav-nnet3-latgen-faster.cc:296) Decoded utterance F6030177021_0047
WARNING (wav-copy[5.5.0~1494-e5a5]:Read():wave-reader.cc:260) Expected 40544 bytes in RIFF chunk, but after first data block there will be 36 + 40386 bytes (we do not support reading multiple data chunks).
F6030177021_0052 ลด ความเร็ว วีดีโอ ศูนย์ จุด ห้า 
LOG (online2-wav-nnet3-latgen-faster[5.5.0~1494-e5a5]:main():online2-wav-nnet3-latgen-faster.cc:296) Decoded utterance F6030177021_0052
WARNING (wav-copy[5.5.0~1494-e5a5]:Read():wave-reader.cc:260) Expected 54494 bytes in RIFF chunk, but after first data block there will be 36 + 54336 bytes (we do not support reading multiple data chunks).
F6030177021_0054 เพิ่ม ความเร็ว วีดีโอ ศูนย์ จุด ห้า 
LOG (online2-wav-nnet3-latgen-faster[5.5.0~1494-e5a5]:main():online2-wav-nnet3-latgen-faster.cc:296) Decoded utterance F6030177021_0054
WARNING (wav-copy[5.5.0~1494-e5a5]:Read():wave-reader.cc:260) Expected 53654 bytes in RIFF chunk, but after first data block there will be 36 + 53496 bytes (we do not support reading multiple data chunks).
F6030177021_0055 เพิ่ม ความเร็ว วีดีโอ หนึ่ง 
LOG (online2-wav-nnet3-latgen-faster[5.5.0~1494-e5a5]:main():online2-wav-nnet3-latgen-faster.cc:296) Decoded utterance F6030177021_0055
WARNING (wav-copy[5.5.0~1494-e5a5]:Read():wave-reader.cc:260) Expected 66562 bytes in RIFF chunk, but after first data block there will be 36 + 66404 bytes (we do not support reading multiple data chunks).
F6030177021_0056 ย้อน วีดีโอ ไป ห้า วินาที 
LOG (online2-wav-nnet3-latgen-faster[5.5.0~1494-e5a5]:main():online2-wav-nnet3-latgen-faster.cc:296) Decoded utterance F6030177021_0056
F6030177021_0057 ย้อน วีดีโอ ไป ห้า วินาที 
LOG (online2-wav-nnet3-latgen-faster[5.5.0~1494-e5a5]:main():online2-wav-nnet3-latgen-faster.cc:296) Decoded utterance F6030177021_0057
WARNING (wav-copy[5.5.0~1494-e5a5]:Read():wave-reader.cc:260) Expected 48154 bytes in RIFF chunk, but after first data block there will be 36 + 47996 bytes (we do not support reading multiple data chunks).
WARNING (wav-copy[5.5.0~1494-e5a5]:Read():wave-reader.cc:260) Expected 23346 bytes in RIFF chunk, but after first data block there will be 36 + 23188 bytes (we do not support reading multiple data chunks).
F6030177021_0072 ตั้งค่า เสียง ศูนย์ เปอร์เซนต์ 
LOG (online2-wav-nnet3-latgen-faster[5.5.0~1494-e5a5]:main():online2-wav-nnet3-latgen-faster.cc:296) Decoded utterance F6030177021_0072
WARNING (wav-copy[5.5.0~1494-e5a5]:Read():wave-reader.cc:260) Expected 65556 bytes in RIFF chunk, but after first data block there will be 36 + 65398 bytes (we do not support reading multiple data chunks).
F6030177021_0076 ตั้งค่า เสียง ร้อย เปอร์เซนต์ 
LOG (online2-wav-nnet3-latgen-faster[5.5.0~1494-e5a5]:main():online2-wav-nnet3-latgen-faster.cc:296) Decoded utterance F6030177021_0076
WARNING (wav-copy[5.5.0~1494-e5a5]:Read():wave-reader.cc:260) Expected 60426 bytes in RIFF chunk, but after first data block there will be 36 + 60268 bytes (we do not support reading multiple data chunks).
F6030177021_0078 โหมด สี่ 
LOG (online2-wav-nnet3-latgen-faster[5.5.0~1494-e5a5]:main():online2-wav-nnet3-latgen-faster.cc:296) Decoded utterance F6030177021_0078
WARNING (wav-copy[5.5.0~1494-e5a5]:Read():wave-reader.cc:260) Expected 63494 bytes in RIFF chunk, but after first data block there will be 36 + 63336 bytes (we do not support reading multiple data chunks).
F6030177021_0079 ปรับ คุณภาพ วิดีโอ ระดับ ต่ำ 
LOG (online2-wav-nnet3-latgen-faster[5.5.0~1494-e5a5]:main():online2-wav-nnet3-latgen-faster.cc:296) Decoded utterance F6030177021_0079
WARNING (wav-copy[5.5.0~1494-e5a5]:Read():wave-reader.cc:260) Expected 10560 bytes in RIFF chunk, but after first data block there will be 36 + 10402 bytes (we do not support reading multiple data chunks).
F6030177021_0083 เอา ออก จาก รายการ โปรด 
LOG (online2-wav-nnet3-latgen-faster[5.5.0~1494-e5a5]:main():online2-wav-nnet3-latgen-faster.cc:296) Decoded utterance F6030177021_0083
WARNING (wav-copy[5.5.0~1494-e5a5]:Read():wave-reader.cc:260) Expected 6474 bytes in RIFF chunk, but after first data block there will be 36 + 6316 bytes (we do not support reading multiple data chunks).
WARNING (wav-copy[5.5.0~1494-e5a5]:Read():wave-reader.cc:260) Expected 9446 bytes in RIFF chunk, but after first data block there will be 36 + 9288 bytes (we do not support reading multiple data chunks).
WARNING (wav-copy[5.5.0~1494-e5a5]:Read():wave-reader.cc:260) Expected 54290 bytes in RIFF chunk, but after first data block there will be 36 + 54132 bytes (we do not support reading multiple data chunks).
F6030177021_0085 ตั้ง เป็น วิดีโอ ทอป ทู หนึ่ง 
LOG (online2-wav-nnet3-latgen-faster[5.5.0~1494-e5a5]:main():online2-wav-nnet3-latgen-faster.cc:296) Decoded utterance F6030177021_0085
F6030177021_0090 สี่ 
LOG (online2-wav-nnet3-latgen-faster[5.5.0~1494-e5a5]:main():online2-wav-nnet3-latgen-faster.cc:296) Decoded utterance F6030177021_0090
F6030177021_0092 เก้า 
LOG (online2-wav-nnet3-latgen-faster[5.5.0~1494-e5a5]:main():online2-wav-nnet3-latgen-faster.cc:296) Decoded utterance F6030177021_0092
WARNING (wav-copy[5.5.0~1494-e5a5]:Read():wave-reader.cc:260) Expected 36938 bytes in RIFF chunk, but after first data block there will be 36 + 36780 bytes (we do not support reading multiple data chunks).
F6030177021_0093 เจ็ด 
LOG (online2-wav-nnet3-latgen-faster[5.5.0~1494-e5a5]:main():online2-wav-nnet3-latgen-faster.cc:296) Decoded utterance F6030177021_0093
F6030177021_0100 ขอ ชื่อ วิดีโอ ชื่อ อะไร 
LOG (online2-wav-nnet3-latgen-faster[5.5.0~1494-e5a5]:main():online2-wav-nnet3-latgen-faster.cc:296) Decoded utterance F6030177021_0100
F6030177021_0101 ขอ ชื่อ วิดีโอ 
LOG (online2-wav-nnet3-latgen-faster[5.5.0~1494-e5a5]:main():online2-wav-nnet3-latgen-faster.cc:296) Decoded utterance F6030177021_0101
M6031018121_0001 โกวาจี ฉัน แตงไทย 
LOG (online2-wav-nnet3-latgen-faster[5.5.0~1494-e5a5]:main():online2-wav-nnet3-latgen-faster.cc:296) Decoded utterance M6031018121_0001
M6031018121_0002 โกวาจี ผม บี 
LOG (online2-wav-nnet3-latgen-faster[5.5.0~1494-e5a5]:main():online2-wav-nnet3-latgen-faster.cc:296) Decoded utterance M6031018121_0002
M6031018121_0004 โกวาจี ผม กลาง 
LOG (online2-wav-nnet3-latgen-faster[5.5.0~1494-e5a5]:main():online2-wav-nnet3-latgen-faster.cc:296) Decoded utterance M6031018121_0004
M6031018121_0005 ตั้ง เป็น ผ่าน การ จำ เสียง 
LOG (online2-wav-nnet3-latgen-faster[5.5.0~1494-e5a5]:main():online2-wav-nnet3-latgen-faster.cc:296) Decoded utterance M6031018121_0005
M6031018121_0008 ตั้ง เป็น นาม แตงไทย 
LOG (online2-wav-nnet3-latgen-faster[5.5.0~1494-e5a5]:main():online2-wav-nnet3-latgen-faster.cc:296) Decoded utterance M6031018121_0008
M6031018121_0014 เซ็ต เปิด โหมด หมายเลข หนึ่ง 
LOG (online2-wav-nnet3-latgen-faster[5.5.0~1494-e5a5]:main():online2-wav-nnet3-latgen-faster.cc:296) Decoded utterance M6031018121_0014
M6031018121_0015 เซ็ต เปิด โหมด หมายเลข สอง 
LOG (online2-wav-nnet3-latgen-faster[5.5.0~1494-e5a5]:main():online2-wav-nnet3-latgen-faster.cc:296) Decoded utterance M6031018121_0015
M6031018121_0016 เซ็ต เปิด โหมด หมายเลข สาม 
LOG (online2-wav-nnet3-latgen-faster[5.5.0~1494-e5a5]:main():online2-wav-nnet3-latgen-faster.cc:296) Decoded utterance M6031018121_0016
M6031018121_0017 เซ็ต เปิด โหมด หมายเลข สี่ 
LOG (online2-wav-nnet3-latgen-faster[5.5.0~1494-e5a5]:main():online2-wav-nnet3-latgen-faster.cc:296) Decoded utterance M6031018121_0017
M6031018121_0022 เซ็ต เลือก วิดีโอ หมายเลข สี่ 
LOG (online2-wav-nnet3-latgen-faster[5.5.0~1494-e5a5]:main():online2-wav-nnet3-latgen-faster.cc:296) Decoded utterance M6031018121_0022
M6031018121_0027 เซ็ต เล่น วีดิโอ ที่ แสดง 
LOG (online2-wav-nnet3-latgen-faster[5.5.0~1494-e5a5]:main():online2-wav-nnet3-latgen-faster.cc:296) Decoded utterance M6031018121_0027
M6031018121_0029 เซ็ต เล่น ต่อ จาก วิดีโอ หนึ่ง 
LOG (online2-wav-nnet3-latgen-faster[5.5.0~1494-e5a5]:main():online2-wav-nnet3-latgen-faster.cc:296) Decoded utterance M6031018121_0029
M6031018121_0030 เซ็ต เปิด โปรแกรม 
LOG (online2-wav-nnet3-latgen-faster[5.5.0~1494-e5a5]:main():online2-wav-nnet3-latgen-faster.cc:296) Decoded utterance M6031018121_0030
M6031018121_0034 เซ็ต หยุด วีดีโอ หนึ่ง 
LOG (online2-wav-nnet3-latgen-faster[5.5.0~1494-e5a5]:main():online2-wav-nnet3-latgen-faster.cc:296) Decoded utterance M6031018121_0034
M6031018121_0037 เซ็ต เปิด ลูป กลาง 
LOG (online2-wav-nnet3-latgen-faster[5.5.0~1494-e5a5]:main():online2-wav-nnet3-latgen-faster.cc:296) Decoded utterance M6031018121_0037
M6031018121_0038 เซ็ต ปิด ลูป 
LOG (online2-wav-nnet3-latgen-faster[5.5.0~1494-e5a5]:main():online2-wav-nnet3-latgen-faster.cc:296) Decoded utterance M6031018121_0038
M6031018121_0039 เซ็ต เล่น ตอน ต่อไป 
LOG (online2-wav-nnet3-latgen-faster[5.5.0~1494-e5a5]:main():online2-wav-nnet3-latgen-faster.cc:296) Decoded utterance M6031018121_0039
M6031018121_0040 เซ็ต เล่น ตอน ที่แล้ว 
LOG (online2-wav-nnet3-latgen-faster[5.5.0~1494-e5a5]:main():online2-wav-nnet3-latgen-faster.cc:296) Decoded utterance M6031018121_0040
M6031018121_0043 เซ็ต ความเร็ว วีดีโอ สอง เท่า 
LOG (online2-wav-nnet3-latgen-faster[5.5.0~1494-e5a5]:main():online2-wav-nnet3-latgen-faster.cc:296) Decoded utterance M6031018121_0043
M6031018121_0045 เซ็ต ความเร็ว วีดีโอ ศูนย์ จุด ห้า เท่า 
LOG (online2-wav-nnet3-latgen-faster[5.5.0~1494-e5a5]:main():online2-wav-nnet3-latgen-faster.cc:296) Decoded utterance M6031018121_0045
M6031018121_0046 เซ็ต เพิ่ม ความเร็ว วีดีโอ สอง เท่า 
LOG (online2-wav-nnet3-latgen-faster[5.5.0~1494-e5a5]:main():online2-wav-nnet3-latgen-faster.cc:296) Decoded utterance M6031018121_0046
M6031018121_0050 เซ็ต เพิ่ม ความเร็ว วีดีโอ หนึ่ง 
LOG (online2-wav-nnet3-latgen-faster[5.5.0~1494-e5a5]:main():online2-wav-nnet3-latgen-faster.cc:296) Decoded utterance M6031018121_0050
M6031018121_0056 เซ็ต ย้อน วีดีโอ ไป หนึ่ง วินาที 
LOG (online2-wav-nnet3-latgen-faster[5.5.0~1494-e5a5]:main():online2-wav-nnet3-latgen-faster.cc:296) Decoded utterance M6031018121_0056
M6031018121_0057 เซ็ต ย้อน วีดีโอ ไป ห้า วินาที 
LOG (online2-wav-nnet3-latgen-faster[5.5.0~1494-e5a5]:main():online2-wav-nnet3-latgen-faster.cc:296) Decoded utterance M6031018121_0057
M6031018121_0060 ย้อน วีดีโอ ไป สาม สิบ วินาที 
LOG (online2-wav-nnet3-latgen-faster[5.5.0~1494-e5a5]:main():online2-wav-nnet3-latgen-faster.cc:296) Decoded utterance M6031018121_0060
M6031018121_0063 เซ็ต เลื่อน วีดีโอ ไป สิบ วินาที 
LOG (online2-wav-nnet3-latgen-faster[5.5.0~1494-e5a5]:main():online2-wav-nnet3-latgen-faster.cc:296) Decoded utterance M6031018121_0063
M6031018121_0064 เซ็ต เลื่อน วีดีโอ ไป สิบ ห้า วินาที 
LOG (online2-wav-nnet3-latgen-faster[5.5.0~1494-e5a5]:main():online2-wav-nnet3-latgen-faster.cc:296) Decoded utterance M6031018121_0064
M6031018121_0065 เซ็ต เลื่อน วีดีโอ ไป สาม สิบ วินาที 
LOG (online2-wav-nnet3-latgen-faster[5.5.0~1494-e5a5]:main():online2-wav-nnet3-latgen-faster.cc:296) Decoded utterance M6031018121_0065
M6031018121_0066 เซ็ต เลื่อน วีดีโอ ไป หนึ่ง นาที 
LOG (online2-wav-nnet3-latgen-faster[5.5.0~1494-e5a5]:main():online2-wav-nnet3-latgen-faster.cc:296) Decoded utterance M6031018121_0066
M6031018121_0070 เซ็ต เล่น วีดิโอ ที่ สาม ใน สี่ ของ ตอน 
LOG (online2-wav-nnet3-latgen-faster[5.5.0~1494-e5a5]:main():online2-wav-nnet3-latgen-faster.cc:296) Decoded utterance M6031018121_0070
M6031018121_0071 สี่ ของ ฉัน 
LOG (online2-wav-nnet3-latgen-faster[5.5.0~1494-e5a5]:main():online2-wav-nnet3-latgen-faster.cc:296) Decoded utterance M6031018121_0071
M6031018121_0074 ตั้งค่า เสียง ห้า สิบ เปอร์เซนต์ กลาง 
LOG (online2-wav-nnet3-latgen-faster[5.5.0~1494-e5a5]:main():online2-wav-nnet3-latgen-faster.cc:296) Decoded utterance M6031018121_0074
M6031018121_0078 เซ็ต ลด เสียง 
LOG (online2-wav-nnet3-latgen-faster[5.5.0~1494-e5a5]:main():online2-wav-nnet3-latgen-faster.cc:296) Decoded utterance M6031018121_0078
M6031018121_0083 เอา ออก จาก รายการ โปรด 
LOG (online2-wav-nnet3-latgen-faster[5.5.0~1494-e5a5]:main():online2-wav-nnet3-latgen-faster.cc:296) Decoded utterance M6031018121_0083
M6031018121_0087 หนึ่ง 
LOG (online2-wav-nnet3-latgen-faster[5.5.0~1494-e5a5]:main():online2-wav-nnet3-latgen-faster.cc:296) Decoded utterance M6031018121_0087
M6031018121_0088 สอง 
LOG (online2-wav-nnet3-latgen-faster[5.5.0~1494-e5a5]:main():online2-wav-nnet3-latgen-faster.cc:296) Decoded utterance M6031018121_0088
M6031018121_0091 สอง ห้า 
LOG (online2-wav-nnet3-latgen-faster[5.5.0~1494-e5a5]:main():online2-wav-nnet3-latgen-faster.cc:296) Decoded utterance M6031018121_0091
M6031018121_0092 แสดง 
LOG (online2-wav-nnet3-latgen-faster[5.5.0~1494-e5a5]:main():online2-wav-nnet3-latgen-faster.cc:296) Decoded utterance M6031018121_0092
M6031018121_0093 เสียง เจ็ด กลาง 
LOG (online2-wav-nnet3-latgen-faster[5.5.0~1494-e5a5]:main():online2-wav-nnet3-latgen-faster.cc:296) Decoded utterance M6031018121_0093
M6031018121_0100 แสดง วิดีโอ ชื่อ อะไร 
LOG (online2-wav-nnet3-latgen-faster[5.5.0~1494-e5a5]:main():online2-wav-nnet3-latgen-faster.cc:296) Decoded utterance M6031018121_0100
M6031019821_0000 โกวาจี 
LOG (online2-wav-nnet3-latgen-faster[5.5.0~1494-e5a5]:main():online2-wav-nnet3-latgen-faster.cc:296) Decoded utterance M6031019821_0000
M6031019821_0003 สิ โกวาจี ผม ตาล 
LOG (online2-wav-nnet3-latgen-faster[5.5.0~1494-e5a5]:main():online2-wav-nnet3-latgen-faster.cc:296) Decoded utterance M6031019821_0003
M6031019821_0004 สิ โกวาจี ผม สอง 
LOG (online2-wav-nnet3-latgen-faster[5.5.0~1494-e5a5]:main():online2-wav-nnet3-latgen-faster.cc:296) Decoded utterance M6031019821_0004
M6031019821_0008 กลาง ล็อกอิน นาม แตงไทย 
LOG (online2-wav-nnet3-latgen-faster[5.5.0~1494-e5a5]:main():online2-wav-nnet3-latgen-faster.cc:296) Decoded utterance M6031019821_0008
M6031019821_0015 กลาง เปิด โหมด หมายเลข สอง 
LOG (online2-wav-nnet3-latgen-faster[5.5.0~1494-e5a5]:main():online2-wav-nnet3-latgen-faster.cc:296) Decoded utterance M6031019821_0015
M6031019821_0016 เซ็ต เปิด โหมด หมายเลข สาม 
LOG (online2-wav-nnet3-latgen-faster[5.5.0~1494-e5a5]:main():online2-wav-nnet3-latgen-faster.cc:296) Decoded utterance M6031019821_0016
M6031019821_0017 กลาง เปิด โหมด หมายเลข สี่ 
LOG (online2-wav-nnet3-latgen-faster[5.5.0~1494-e5a5]:main():online2-wav-nnet3-latgen-faster.cc:296) Decoded utterance M6031019821_0017
M6031019821_0019 กลาง เลือก วิดีโอ หมายเลข หนึ่ง 
LOG (online2-wav-nnet3-latgen-faster[5.5.0~1494-e5a5]:main():online2-wav-nnet3-latgen-faster.cc:296) Decoded utterance M6031019821_0019
M6031019821_0021 เซ็ต เลือก วิดีโอ หมายเลข สาม 
LOG (online2-wav-nnet3-latgen-faster[5.5.0~1494-e5a5]:main():online2-wav-nnet3-latgen-faster.cc:296) Decoded utterance M6031019821_0021
M6031019821_0025 แสดง วิดีโอ อันดับ สอง ฉัน 
LOG (online2-wav-nnet3-latgen-faster[5.5.0~1494-e5a5]:main():online2-wav-nnet3-latgen-faster.cc:296) Decoded utterance M6031019821_0025
M6031019821_0026 แสดง วิดีโอ อันดับ สาม ของ ฉัน 
LOG (online2-wav-nnet3-latgen-faster[5.5.0~1494-e5a5]:main():online2-wav-nnet3-latgen-faster.cc:296) Decoded utterance M6031019821_0026
M6031019821_0029 ตั้ง เล่น ต่อ จาก วิดีโอ เดิม 
LOG (online2-wav-nnet3-latgen-faster[5.5.0~1494-e5a5]:main():online2-wav-nnet3-latgen-faster.cc:296) Decoded utterance M6031019821_0029
M6031019821_0033 กลาง เป็น วิดีโอ 
LOG (online2-wav-nnet3-latgen-faster[5.5.0~1494-e5a5]:main():online2-wav-nnet3-latgen-faster.cc:296) Decoded utterance M6031019821_0033
M6031019821_0034 กลาง หยุด วีดีโอ หนึ่ง 
LOG (online2-wav-nnet3-latgen-faster[5.5.0~1494-e5a5]:main():online2-wav-nnet3-latgen-faster.cc:296) Decoded utterance M6031019821_0034
M6031019821_0035 กลาง ขยาย หน้าจอ สอง 
LOG (online2-wav-nnet3-latgen-faster[5.5.0~1494-e5a5]:main():online2-wav-nnet3-latgen-faster.cc:296) Decoded utterance M6031019821_0035
M6031019821_0036 ออก ย่อ หน้าจอ ออก 
LOG (online2-wav-nnet3-latgen-faster[5.5.0~1494-e5a5]:main():online2-wav-nnet3-latgen-faster.cc:296) Decoded utterance M6031019821_0036
M6031019821_0042 เซ็ต ความเร็ว วีดีโอ หนึ่ง จุด ห้า เท่า 
LOG (online2-wav-nnet3-latgen-faster[5.5.0~1494-e5a5]:main():online2-wav-nnet3-latgen-faster.cc:296) Decoded utterance M6031019821_0042
M6031019821_0044 กลาง เซ็ต ความเร็ว วีดีโอ ศูนย์ จุด เจ็ด ห้า เท่า 
LOG (online2-wav-nnet3-latgen-faster[5.5.0~1494-e5a5]:main():online2-wav-nnet3-latgen-faster.cc:296) Decoded utterance M6031019821_0044
M6031019821_0045 เซ็ต ความเร็ว วีดีโอ ศูนย์ จุด ห้า เท่า 
LOG (online2-wav-nnet3-latgen-faster[5.5.0~1494-e5a5]:main():online2-wav-nnet3-latgen-faster.cc:296) Decoded utterance M6031019821_0045
M6031019821_0046 ตั้ง เพิ่ม ความเร็ว วีดีโอ สอง เท่า 
LOG (online2-wav-nnet3-latgen-faster[5.5.0~1494-e5a5]:main():online2-wav-nnet3-latgen-faster.cc:296) Decoded utterance M6031019821_0046
M6031019821_0047 กลาง เพิ่ม ความเร็ว วีดีโอ ศูนย์ จุด หนึ่ง 
LOG (online2-wav-nnet3-latgen-faster[5.5.0~1494-e5a5]:main():online2-wav-nnet3-latgen-faster.cc:296) Decoded utterance M6031019821_0047
M6031019821_0050 กลาง เพิ่ม ความเร็ว วีดีโอ หนึ่ง 
LOG (online2-wav-nnet3-latgen-faster[5.5.0~1494-e5a5]:main():online2-wav-nnet3-latgen-faster.cc:296) Decoded utterance M6031019821_0050
M6031019821_0062 กลาง เลื่อน วีดีโอ ไป ห้า วินาที 
LOG (online2-wav-nnet3-latgen-faster[5.5.0~1494-e5a5]:main():online2-wav-nnet3-latgen-faster.cc:296) Decoded utterance M6031019821_0062
M6031019821_0067 กลาง เล่น วีดิโอ ที่ เวลา ศูนย์ นาที 
LOG (online2-wav-nnet3-latgen-faster[5.5.0~1494-e5a5]:main():online2-wav-nnet3-latgen-faster.cc:296) Decoded utterance M6031019821_0067
M6031019821_0069 กลาง เล่น วีดิโอ ที่ หนึ่ง ใน สี่ ของ ตอน 
LOG (online2-wav-nnet3-latgen-faster[5.5.0~1494-e5a5]:main():online2-wav-nnet3-latgen-faster.cc:296) Decoded utterance M6031019821_0069
M6031019821_0072 กลาง ตั้งค่า เสียง ศูนย์ เปอร์เซนต์ 
LOG (online2-wav-nnet3-latgen-faster[5.5.0~1494-e5a5]:main():online2-wav-nnet3-latgen-faster.cc:296) Decoded utterance M6031019821_0072
M6031019821_0081 กลาง ปรับ คุณภาพ วิดีโอ ระดับ สูง เพิ่ม 
LOG (online2-wav-nnet3-latgen-faster[5.5.0~1494-e5a5]:main():online2-wav-nnet3-latgen-faster.cc:296) Decoded utterance M6031019821_0081
M6031019821_0083 เอา ออก จาก รายการ โปรด 
LOG (online2-wav-nnet3-latgen-faster[5.5.0~1494-e5a5]:main():online2-wav-nnet3-latgen-faster.cc:296) Decoded utterance M6031019821_0083
M6031019821_0087 กลาง หนึ่ง 
LOG (online2-wav-nnet3-latgen-faster[5.5.0~1494-e5a5]:main():online2-wav-nnet3-latgen-faster.cc:296) Decoded utterance M6031019821_0087
M6031019821_0093 กลาง เจ็ด 
LOG (online2-wav-nnet3-latgen-faster[5.5.0~1494-e5a5]:main():online2-wav-nnet3-latgen-faster.cc:296) Decoded utterance M6031019821_0093
M6031019821_0096 กลาง แนะนำ หนัง หน่อย สิ โกวาจี 
LOG (online2-wav-nnet3-latgen-faster[5.5.0~1494-e5a5]:main():online2-wav-nnet3-latgen-faster.cc:296) Decoded utterance M6031019821_0096
M6031019821_0098 หน่อย วิดีโอ ความยาว เท่าไหร่ 
LOG (online2-wav-nnet3-latgen-faster[5.5.0~1494-e5a5]:main():online2-wav-nnet3-latgen-faster.cc:296) Decoded utterance M6031019821_0098
M6031019821_0100 โหมด วิดีโอ ชื่อ อะไร ลด 
LOG (online2-wav-nnet3-latgen-faster[5.5.0~1494-e5a5]:main():online2-wav-nnet3-latgen-faster.cc:296) Decoded utterance M6031019821_0100
M6031020321_0007 ล็อกอิน นาม ตาล 
LOG (online2-wav-nnet3-latgen-faster[5.5.0~1494-e5a5]:main():online2-wav-nnet3-latgen-faster.cc:296) Decoded utterance M6031020321_0007
M6031020321_0008 ล็อกอิน นาม แตงไทย 
LOG (online2-wav-nnet3-latgen-faster[5.5.0~1494-e5a5]:main():online2-wav-nnet3-latgen-faster.cc:296) Decoded utterance M6031020321_0008
M6031020321_0009 ล็อกอิน นาม ฟร้องซ์ 
LOG (online2-wav-nnet3-latgen-faster[5.5.0~1494-e5a5]:main():online2-wav-nnet3-latgen-faster.cc:296) Decoded utterance M6031020321_0009
M6031020321_0013 แสดง โหมด ห้า 
LOG (online2-wav-nnet3-latgen-faster[5.5.0~1494-e5a5]:main():online2-wav-nnet3-latgen-faster.cc:296) Decoded utterance M6031020321_0013
M6031020321_0014 เปิด โหมด หมายเลข หนึ่ง 
LOG (online2-wav-nnet3-latgen-faster[5.5.0~1494-e5a5]:main():online2-wav-nnet3-latgen-faster.cc:296) Decoded utterance M6031020321_0014
M6031020321_0016 เปิด โหมด หมายเลข สาม 
LOG (online2-wav-nnet3-latgen-faster[5.5.0~1494-e5a5]:main():online2-wav-nnet3-latgen-faster.cc:296) Decoded utterance M6031020321_0016
M6031020321_0018 เปิด โหมด หมายเลข ห้า 
LOG (online2-wav-nnet3-latgen-faster[5.5.0~1494-e5a5]:main():online2-wav-nnet3-latgen-faster.cc:296) Decoded utterance M6031020321_0018
M6031020321_0020 เลือก วิดีโอ หมายเลข สอง 
LOG (online2-wav-nnet3-latgen-faster[5.5.0~1494-e5a5]:main():online2-wav-nnet3-latgen-faster.cc:296) Decoded utterance M6031020321_0020
M6031020321_0022 เลือก วิดีโอ หมายเลข สี่ 
LOG (online2-wav-nnet3-latgen-faster[5.5.0~1494-e5a5]:main():online2-wav-nnet3-latgen-faster.cc:296) Decoded utterance M6031020321_0022
M6031020321_0023 เลือก วิดีโอ หมายเลข ห้า 
LOG (online2-wav-nnet3-latgen-faster[5.5.0~1494-e5a5]:main():online2-wav-nnet3-latgen-faster.cc:296) Decoded utterance M6031020321_0023
M6031020321_0024 แสดง วิดีโอ อันดับ หนึ่ง ของ ฉัน 
LOG (online2-wav-nnet3-latgen-faster[5.5.0~1494-e5a5]:main():online2-wav-nnet3-latgen-faster.cc:296) Decoded utterance M6031020321_0024
M6031020321_0025 แสดง วิดีโอ อันดับ สอง ของ ฉัน 
LOG (online2-wav-nnet3-latgen-faster[5.5.0~1494-e5a5]:main():online2-wav-nnet3-latgen-faster.cc:296) Decoded utterance M6031020321_0025
M6031020321_0029 เล่น ต่อ จาก วิดีโอ เดิม 
LOG (online2-wav-nnet3-latgen-faster[5.5.0~1494-e5a5]:main():online2-wav-nnet3-latgen-faster.cc:296) Decoded utterance M6031020321_0029
M6031020321_0030 เปิด โปรแกรม 
LOG (online2-wav-nnet3-latgen-faster[5.5.0~1494-e5a5]:main():online2-wav-nnet3-latgen-faster.cc:296) Decoded utterance M6031020321_0030
M6031020321_0033 เล่น วิดีโอ 
LOG (online2-wav-nnet3-latgen-faster[5.5.0~1494-e5a5]:main():online2-wav-nnet3-latgen-faster.cc:296) Decoded utterance M6031020321_0033
M6031020321_0040 เล่น ตอน ที่แล้ว 
LOG (online2-wav-nnet3-latgen-faster[5.5.0~1494-e5a5]:main():online2-wav-nnet3-latgen-faster.cc:296) Decoded utterance M6031020321_0040
M6031020321_0054 ลด ความเร็ว วีดีโอ ศูนย์ จุด ห้า 
LOG (online2-wav-nnet3-latgen-faster[5.5.0~1494-e5a5]:main():online2-wav-nnet3-latgen-faster.cc:296) Decoded utterance M6031020321_0054
M6031020321_0058 ย้อน วีดีโอ ไป สิบ วินาที 
LOG (online2-wav-nnet3-latgen-faster[5.5.0~1494-e5a5]:main():online2-wav-nnet3-latgen-faster.cc:296) Decoded utterance M6031020321_0058
M6031020321_0060 ย้อน วีดีโอ ไป สาม สิบ วินาที 
LOG (online2-wav-nnet3-latgen-faster[5.5.0~1494-e5a5]:main():online2-wav-nnet3-latgen-faster.cc:296) Decoded utterance M6031020321_0060
M6031020321_0062 เลื่อน วีดีโอ ไป ห้า วินาที 
LOG (online2-wav-nnet3-latgen-faster[5.5.0~1494-e5a5]:main():online2-wav-nnet3-latgen-faster.cc:296) Decoded utterance M6031020321_0062
M6031020321_0065 เลื่อน วีดีโอ ไป สาม สิบ วินาที 
LOG (online2-wav-nnet3-latgen-faster[5.5.0~1494-e5a5]:main():online2-wav-nnet3-latgen-faster.cc:296) Decoded utterance M6031020321_0065
M6031020321_0068 เล่น วีดิโอ กลาง ตอน 
LOG (online2-wav-nnet3-latgen-faster[5.5.0~1494-e5a5]:main():online2-wav-nnet3-latgen-faster.cc:296) Decoded utterance M6031020321_0068
M6031020321_0070 เล่น วีดิโอ ที่ สาม ใน สี่ ของ ตอน 
LOG (online2-wav-nnet3-latgen-faster[5.5.0~1494-e5a5]:main():online2-wav-nnet3-latgen-faster.cc:296) Decoded utterance M6031020321_0070
M6031020321_0071 ปิด เสียง 
LOG (online2-wav-nnet3-latgen-faster[5.5.0~1494-e5a5]:main():online2-wav-nnet3-latgen-faster.cc:296) Decoded utterance M6031020321_0071
M6031020321_0073 ตั้งค่า เสียง ยี่ สิบ ห้า เปอร์เซนต์ 
LOG (online2-wav-nnet3-latgen-faster[5.5.0~1494-e5a5]:main():online2-wav-nnet3-latgen-faster.cc:296) Decoded utterance M6031020321_0073
M6031020321_0076 ตั้งค่า เสียง ร้อย เปอร์เซนต์ 
LOG (online2-wav-nnet3-latgen-faster[5.5.0~1494-e5a5]:main():online2-wav-nnet3-latgen-faster.cc:296) Decoded utterance M6031020321_0076
M6031020321_0077 เพิ่ม เสียง 
LOG (online2-wav-nnet3-latgen-faster[5.5.0~1494-e5a5]:main():online2-wav-nnet3-latgen-faster.cc:296) Decoded utterance M6031020321_0077
M6031020321_0082 ตั้ง เป็น รายการ โปรด 
LOG (online2-wav-nnet3-latgen-faster[5.5.0~1494-e5a5]:main():online2-wav-nnet3-latgen-faster.cc:296) Decoded utterance M6031020321_0082
M6031020321_0083 เอา ออก จาก รายการ โปรด 
LOG (online2-wav-nnet3-latgen-faster[5.5.0~1494-e5a5]:main():online2-wav-nnet3-latgen-faster.cc:296) Decoded utterance M6031020321_0083
M6031020321_0084 ตั้ง เป็น วิดีโอ ทอป วัน 
LOG (online2-wav-nnet3-latgen-faster[5.5.0~1494-e5a5]:main():online2-wav-nnet3-latgen-faster.cc:296) Decoded utterance M6031020321_0084
M6031020321_0094 แปด 
LOG (online2-wav-nnet3-latgen-faster[5.5.0~1494-e5a5]:main():online2-wav-nnet3-latgen-faster.cc:296) Decoded utterance M6031020321_0094
M6031020321_0095 เก้า 
LOG (online2-wav-nnet3-latgen-faster[5.5.0~1494-e5a5]:main():online2-wav-nnet3-latgen-faster.cc:296) Decoded utterance M6031020321_0095
LOG (wav-copy[5.5.0~1494-e5a5]:main():wav-copy.cc:68) Copied 135 wave files
M6031020321_0097 ขอ ชื่อ ผู้ อัพโหลด วีดีโอ 
LOG (online2-wav-nnet3-latgen-faster[5.5.0~1494-e5a5]:main():online2-wav-nnet3-latgen-faster.cc:296) Decoded utterance M6031020321_0097
LOG (online2-wav-nnet3-latgen-faster[5.5.0~1494-e5a5]:Print():online-timing.cc:36) Timing stats: real-time factor was 1.00287 (note: this cannot be less than one.)
LOG (online2-wav-nnet3-latgen-faster[5.5.0~1494-e5a5]:Print():online-timing.cc:38) Average delay was 0.00573265 seconds.
LOG (online2-wav-nnet3-latgen-faster[5.5.0~1494-e5a5]:Print():online-timing.cc:42) Percentage of time spent idling was 98.804
LOG (online2-wav-nnet3-latgen-faster[5.5.0~1494-e5a5]:Print():online-timing.cc:44) Longest delay was 0.0129371 seconds for utterance 'M6031019821_0004'
LOG (online2-wav-nnet3-latgen-faster[5.5.0~1494-e5a5]:main():online2-wav-nnet3-latgen-faster.cc:302) Decoded 135 utterances, 0 with errors.
LOG (online2-wav-nnet3-latgen-faster[5.5.0~1494-e5a5]:main():online2-wav-nnet3-latgen-faster.cc:304) Overall likelihood per frame was 1.08172 per frame over 8947 frames.
LOG (lattice-scale[5.5.0~1494-e5a5]:main():lattice-scale.cc:107) Done 135 lattices.
# Accounting: time=4 threads=1
# Ended (code 0) at Thu Apr 30 14:47:57 UTC 2020, elapsed time 4 seconds
